#
# A fatal error has been detected by the Java Runtime Environment:
#
#  EXCEPTION_ACCESS_VIOLATION (0xc0000005) at pc=0x00007ff940fe1212, pid=15176, tid=27576
#
# JRE version: OpenJDK Runtime Environment (18.0.1.1+2) (build 18.0.1.1+2-6)
# Java VM: OpenJDK 64-Bit Server VM (18.0.1.1+2-6, mixed mode, sharing, tiered, compressed oops, compressed class ptrs, g1 gc, windows-amd64)
# Problematic frame:
# C  [glfw.dll+0x1212]
#
# No core dump will be written. Minidumps are not enabled by default on client versions of Windows
#
# If you would like to submit a bug report, please visit:
#   https://bugreport.java.com/bugreport/crash.jsp
# The crash happened outside the Java Virtual Machine in native code.
# See problematic frame for where to report the bug.
#

---------------  S U M M A R Y ------------

Command Line: -javaagent:C:\Program Files\JetBrains\IntelliJ IDEA Community Edition 2022.1.1\lib\idea_rt.jar=61750:C:\Program Files\JetBrains\IntelliJ IDEA Community Edition 2022.1.1\bin -Dfile.encoding=UTF-8 Main

Host: Intel(R) Core(TM) i9-10900K CPU @ 3.70GHz, 20 cores, 63G,  Windows 11 , 64 bit Build 22621 (10.0.22621.1)
Time: Tue May 24 01:53:14 2022 Pacific Daylight Time elapsed time: 0.134660 seconds (0d 0h 0m 0s)

---------------  T H R E A D  ---------------

Current thread (0x000001b75e5859b0):  JavaThread "main" [_thread_in_native, id=27576, stack(0x0000000100600000,0x0000000100700000)]

Stack: [0x0000000100600000,0x0000000100700000],  sp=0x00000001006fee90,  free space=1019k
Native frames: (J=compiled Java code, j=interpreted, Vv=VM code, C=native code)
C  [glfw.dll+0x1212]

Java frames: (J=compiled Java code, j=interpreted, Vv=VM code)
j  org.lwjgl.system.JNI.invokePPPP(IIJJJJ)J+0
j  org.lwjgl.glfw.GLFW.nglfwCreateWindow(IIJJJ)J+14
j  org.lwjgl.glfw.GLFW.glfwCreateWindow(IILjava/lang/CharSequence;JJ)J+34
j  Main.main([Ljava/lang/String;)V+35
v  ~StubRoutines::call_stub

siginfo: EXCEPTION_ACCESS_VIOLATION (0xc0000005), reading address 0x000000000006020d


Register to memory mapping:

RIP=0x00007ff940fe1212 glfw.dll
RAX=0x0000000000060005 is an unknown value
RBX={method} {0x000001b7204b2570} 'invokePPPP' '(IIJJJJ)J' in 'org/lwjgl/system/JNI'
RCX=0x00000001006feee0 is pointing into the stack for thread: 0x000001b75e5859b0
RDX=0x00000001006ff220 is pointing into the stack for thread: 0x000001b75e5859b0
RSP=0x00000001006fee90 is pointing into the stack for thread: 0x000001b75e5859b0
RBP=0x00000001006fefc0 is pointing into the stack for thread: 0x000001b75e5859b0
RSI=0x00000000000001e0 is an unknown value
RDI=0x0000000000000280 is an unknown value
R8 =0x000001b724223598 points into unknown readable memory: 0x0000640074736554 | 54 65 73 74 00 64 00 00
R9 =0x0000000000060005 is an unknown value
R10=0x0000000000060005 is an unknown value
R11=0x0000000440175530 is an oop: java.lang.Class 
{0x0000000440175530} - klass: 'java/lang/Class'
 - ---- fields (total size 14 words):
 - private volatile transient 'classRedefinedCount' 'I' @12  0
 - abstract internal 'klass' 'J' @16  34372399104 (c13000 8)
 - abstract internal 'array_klass' 'J' @24  0 (0 0)
 - abstract internal 'oop_size' 'I' @32  14 (e)
 - abstract internal 'static_oop_field_count' 'I' @36  0
 - private volatile transient 'cachedConstructor' 'Ljava/lang/reflect/Constructor;' @40  NULL (0)
 - private transient 'name' 'Ljava/lang/String;' @44  "org.lwjgl.system.JNI"{0x00000004401755b0} (8802eab6)
 - private transient 'module' 'Ljava/lang/Module;' @48  a 'java/lang/Module'{0x0000000440870b00} (8810e160)
 - private final 'classLoader' 'Ljava/lang/ClassLoader;' @52  a 'jdk/internal/loader/ClassLoaders$AppClassLoader'{0x0000000440870940} (8810e128)
 - private transient 'classData' 'Ljava/lang/Object;' @56  NULL (0)
 - private transient 'packageName' 'Ljava/lang/String;' @60  "org.lwjgl.system"{0x0000000440ddc2c0} (881bb858)
 - private final 'componentType' 'Ljava/lang/Class;' @64  NULL (0)
 - private volatile transient 'reflectionData' 'Ljava/lang/ref/SoftReference;' @68  NULL (0)
 - private volatile transient 'genericInfo' 'Lsun/reflect/generics/repository/ClassRepository;' @72  NULL (0)
 - private volatile transient 'enumConstants' '[Ljava/lang/Object;' @76  NULL (0)
 - private volatile transient 'enumConstantDirectory' 'Ljava/util/Map;' @80  NULL (0)
 - private volatile transient 'annotationData' 'Ljava/lang/Class$AnnotationData;' @84  NULL (0)
 - private volatile transient 'annotationType' 'Lsun/reflect/annotation/AnnotationType;' @88  NULL (0)
 - transient 'classValueMap' 'Ljava/lang/ClassValue$ClassValueMap;' @92  NULL (0)
 - abstract internal 'protection_domain' 'Ljava/lang/Object;' @96  a 'java/security/ProtectionDomain'{0x0000000440ddfd50} (881bbfaa)
 - abstract internal 'signers_name' 'Ljava/lang/Object;' @100  NULL (0)
 - abstract internal 'source_file' 'Ljava/lang/Object;' @104  NULL (0)
 - signature: Lorg/lwjgl/system/JNI;
 - ---- static fields (0):
R12=0x0 is NULL
R13={method} {0x000001b7204b2570} 'invokePPPP' '(IIJJJJ)J' in 'org/lwjgl/system/JNI'
R14=0x0000000000060005 is an unknown value
R15=0x000001b75e5859b0 is a thread


Registers:
RAX=0x0000000000060005, RBX=0x000001b7204b2568, RCX=0x00000001006feee0, RDX=0x00000001006ff220
RSP=0x00000001006fee90, RBP=0x00000001006fefc0, RSI=0x00000000000001e0, RDI=0x0000000000000280
R8 =0x000001b724223598, R9 =0x0000000000060005, R10=0x0000000000060005, R11=0x0000000440175530
R12=0x0000000000000000, R13=0x000001b7204b2568, R14=0x0000000000060005, R15=0x000001b75e5859b0
RIP=0x00007ff940fe1212, EFLAGS=0x0000000000010202

Top of Stack: (sp=0x00000001006fee90)
0x00000001006fee90:   ffffffffffffffff 00000040ffffffff
0x00000001006feea0:   00000001006ff200 00007ff8e6542e70
0x00000001006feeb0:   0000000000000000 00007ff940fe6bc5
0x00000001006feec0:   00000001006fef00 00000001006ff2b0
0x00000001006feed0:   000001b75e585e80 00007ff8e5dcc208
0x00000001006feee0:   0003600100030001 0000000000000001
0x00000001006feef0:   0000000000000000 0000000000000000
0x00000001006fef00:   0000000000000000 0000000000060005
0x00000001006fef10:   0000000000000000 000001b765ebaf77
0x00000001006fef20:   000001e000000280 000001b724223598
0x00000001006fef30:   0000000100000001 0000000100000001
0x00000001006fef40:   0000000000000001 0000000100000000
0x00000001006fef50:   0000000000000001 0000000100000000
0x00000001006fef60:   0000000000000000 0000000000000000
0x00000001006fef70:   0000000000000000 0000000000000000
0x00000001006fef80:   0000000000000000 0000000000000000 

Instructions: (pc=0x00007ff940fe1212)
0x00007ff940fe1112:   74 0b 44 2b 5a e8 45 0f af db 41 03 c3 41 83 fa
0x00007ff940fe1122:   ff 74 0b 44 2b 52 ec 45 0f af d2 41 03 c2 41 8b
0x00007ff940fe1132:   49 18 83 f9 ff 74 08 2b 4a f0 0f af c9 03 c1 41
0x00007ff940fe1142:   8b 49 1c 83 f9 ff 74 08 2b 4a f4 0f af c9 03 c1
0x00007ff940fe1152:   41 8b 49 20 83 f9 ff 74 08 2b 4a f8 0f af c9 03
0x00007ff940fe1162:   c1 41 8b 49 24 83 f9 ff 74 08 2b 4a fc 0f af c9
0x00007ff940fe1172:   03 c1 83 fb ff 74 08 2b 5a 08 0f af db 03 c3 41
0x00007ff940fe1182:   83 79 34 00 74 08 83 7a 0c 00 75 02 ff c0 41 3b
0x00007ff940fe1192:   f6 73 06 48 8d 6a d8 eb 1d 75 12 45 3b c7 72 07
0x00007ff940fe11a2:   75 0b 41 3b c4 73 06 48 8d 6a d8 eb 09 48 8d 4a
0x00007ff940fe11b2:   d8 48 3b cd 75 09 44 8b f6 45 8b f8 44 8b e0 b8
0x00007ff940fe11c2:   01 00 00 00 48 83 c2 48 49 83 ed 01 0f 85 7c fe
0x00007ff940fe11d2:   ff ff 4c 8b 6c 24 40 48 8b 7c 24 38 48 8b 74 24
0x00007ff940fe11e2:   30 48 8b 5c 24 28 48 8b c5 41 5f 41 5e 41 5c 5d
0x00007ff940fe11f2:   c3 cc cc cc cc cc cc cc cc cc cc cc cc cc 48 83
0x00007ff940fe1202:   ec 28 48 8b 41 28 48 85 c0 74 21 83 39 00 74 09
0x00007ff940fe1212:   83 b8 08 02 00 00 00 75 13 33 d2 b9 0a 00 01 00
0x00007ff940fe1222:   e8 09 0c 00 00 33 c0 48 83 c4 28 c3 44 8b 41 04
0x00007ff940fe1232:   41 8d 80 ff 9f fc ff 83 f8 02 76 18 48 8d 15 eb
0x00007ff940fe1242:   a3 02 00 b9 03 00 01 00 e8 e1 0b 00 00 33 c0 48
0x00007ff940fe1252:   83 c4 28 c3 44 8b 01 45 85 c0 74 4a 41 81 f8 01
0x00007ff940fe1262:   00 03 00 0f 84 98 00 00 00 41 81 f8 02 00 03 00
0x00007ff940fe1272:   74 18 48 8d 15 dd a3 02 00 b9 03 00 01 00 e8 ab
0x00007ff940fe1282:   0b 00 00 33 c0 48 83 c4 28 c3 44 8b 41 08 41 83
0x00007ff940fe1292:   f8 01 7c 51 8b 41 0c 85 c0 78 4a 41 83 f8 01 75
0x00007ff940fe12a2:   3a 41 3b c0 7f 3f 44 8b 41 20 45 85 c0 0f 84 2d
0x00007ff940fe12b2:   01 00 00 41 8d 80 ff ef fc ff 83 f8 01 0f 86 1d
0x00007ff940fe12c2:   01 00 00 48 8d 15 ac a4 02 00 b9 03 00 01 00 e8
0x00007ff940fe12d2:   5a 0b 00 00 33 c0 48 83 c4 28 c3 41 83 f8 02 75
0x00007ff940fe12e2:   c5 85 c0 7e c1 44 8b 49 0c 48 8d 15 66 a4 02 00
0x00007ff940fe12f2:   b9 04 00 01 00 e8 34 0b 00 00 33 c0 48 83 c4 28
0x00007ff940fe1302:   c3 44 8b 41 08 41 83 f8 01 0f 8c b5 00 00 00 8b 


Stack slot to memory mapping:
stack at sp + 0 slots: 0xffffffffffffffff is an unknown value
stack at sp + 1 slots: 0x00000040ffffffff is an unknown value
stack at sp + 2 slots: 0x00000001006ff200 is pointing into the stack for thread: 0x000001b75e5859b0
stack at sp + 3 slots: 0x00007ff8e6542e70 jvm.dll
stack at sp + 4 slots: 0x0 is NULL
stack at sp + 5 slots: 0x00007ff940fe6bc5 glfw.dll
stack at sp + 6 slots: 0x00000001006fef00 is pointing into the stack for thread: 0x000001b75e5859b0
stack at sp + 7 slots: 0x00000001006ff2b0 is pointing into the stack for thread: 0x000001b75e5859b0


---------------  P R O C E S S  ---------------

Threads class SMR info:
_java_thread_list=0x000001b77f030840, length=15, elements={
0x000001b75e5859b0, 0x000001b77ec9c5f0, 0x000001b77ec9d5a0, 0x000001b77ecb7c20,
0x000001b77ecb85c0, 0x000001b77ecb8f60, 0x000001b77ecbb910, 0x000001b77ecbfae0,
0x000001b77ecc14d0, 0x000001b77ecc9ec0, 0x000001b77edc4720, 0x000001b77edc7fb0,
0x000001b77edc84b0, 0x000001b77f00bbc0, 0x000001b77f00dde0
}

Java Threads: ( => current thread )
=>0x000001b75e5859b0 JavaThread "main" [_thread_in_native, id=27576, stack(0x0000000100600000,0x0000000100700000)]
  0x000001b77ec9c5f0 JavaThread "Reference Handler" daemon [_thread_blocked, id=21444, stack(0x0000000100d00000,0x0000000100e00000)]
  0x000001b77ec9d5a0 JavaThread "Finalizer" daemon [_thread_blocked, id=27144, stack(0x0000000100e00000,0x0000000100f00000)]
  0x000001b77ecb7c20 JavaThread "Signal Dispatcher" daemon [_thread_blocked, id=23544, stack(0x0000000100f00000,0x0000000101000000)]
  0x000001b77ecb85c0 JavaThread "Attach Listener" daemon [_thread_blocked, id=14616, stack(0x0000000101000000,0x0000000101100000)]
  0x000001b77ecb8f60 JavaThread "Service Thread" daemon [_thread_blocked, id=22856, stack(0x0000000101100000,0x0000000101200000)]
  0x000001b77ecbb910 JavaThread "Monitor Deflation Thread" daemon [_thread_blocked, id=27672, stack(0x0000000101200000,0x0000000101300000)]
  0x000001b77ecbfae0 JavaThread "C2 CompilerThread0" daemon [_thread_blocked, id=12312, stack(0x0000000101300000,0x0000000101400000)]
  0x000001b77ecc14d0 JavaThread "C1 CompilerThread0" daemon [_thread_blocked, id=21160, stack(0x0000000101400000,0x0000000101500000)]
  0x000001b77ecc9ec0 JavaThread "Sweeper thread" daemon [_thread_blocked, id=1660, stack(0x0000000101500000,0x0000000101600000)]
  0x000001b77edc4720 JavaThread "Common-Cleaner" daemon [_thread_blocked, id=5720, stack(0x0000000101600000,0x0000000101700000)]
  0x000001b77edc7fb0 JavaThread "C1 CompilerThread1" daemon [_thread_blocked, id=18648, stack(0x0000000101700000,0x0000000101800000)]
  0x000001b77edc84b0 JavaThread "C1 CompilerThread2" daemon [_thread_blocked, id=25720, stack(0x0000000101800000,0x0000000101900000)]
  0x000001b77f00bbc0 JavaThread "Monitor Ctrl-Break" daemon [_thread_in_native, id=26520, stack(0x0000000101900000,0x0000000101a00000)]
  0x000001b77f00dde0 JavaThread "Notification Thread" daemon [_thread_blocked, id=13616, stack(0x0000000101a00000,0x0000000101b00000)]

Other Threads:
  0x000001b7759db180 VMThread "VM Thread" [stack: 0x0000000100c00000,0x0000000100d00000] [id=17036]
  0x000001b77f00c080 WatcherThread "VM Periodic Task Thread" [stack: 0x0000000101b00000,0x0000000101c00000] [id=20712]
  0x000001b7759d0b80 WorkerThread "GC Thread#0" [stack: 0x0000000100700000,0x0000000100800000] [id=16048]
  0x000001b75c26dfb0 ConcurrentGCThread "G1 Main Marker" [stack: 0x0000000100800000,0x0000000100900000] [id=16116]
  0x000001b75c26eb00 WorkerThread "G1 Conc#0" [stack: 0x0000000100900000,0x0000000100a00000] [id=7772]
  0x000001b775a0f930 ConcurrentGCThread "G1 Refine#0" [stack: 0x0000000100a00000,0x0000000100b00000] [id=5728]
  0x000001b775a110f0 ConcurrentGCThread "G1 Service" [stack: 0x0000000100b00000,0x0000000100c00000] [id=19316]

Threads with active compile tasks:

VM state: not at safepoint (normal execution)

VM Mutex/Monitor currently owned by a thread: None

Heap address: 0x0000000401000000, size: 16368 MB, Compressed Oops mode: Zero based, Oop shift amount: 3

CDS archive(s) mapped at: [0x0000000800000000-0x0000000800b90000-0x0000000800b90000), size 12124160, SharedBaseAddress: 0x0000000800000000, ArchiveRelocationMode: 0.
Compressed class space mapped at: 0x0000000800c00000-0x0000000840c00000, reserved size: 1073741824
Narrow klass base: 0x0000000800000000, Narrow klass shift: 0, Narrow klass range: 0x100000000

GC Precious Log:
 CardTable entry size: 512
 Card Set container configuration: InlinePtr #cards 4 size 8 Array Of Cards #cards 64 size 144 Howl #buckets 8 coarsen threshold 14745 Howl Bitmap #cards 2048 size 272 coarsen threshold 1843 Card regions per heap region 1 cards per card region 16384
 CPUs: 20 total, 20 available
 Memory: 65457M
 Large Page Support: Disabled
 NUMA Support: Disabled
 Compressed Oops: Enabled (Zero based)
 Heap Region Size: 8M
 Heap Min Capacity: 8M
 Heap Initial Capacity: 1G
 Heap Max Capacity: 16368M
 Pre-touch: Disabled
 Parallel Workers: 15
 Concurrent Workers: 4
 Concurrent Refinement Workers: 15
 Periodic GC: Disabled

Heap:
 garbage-first heap   total 1048576K, used 8192K [0x0000000401000000, 0x0000000800000000)
  region size 8192K, 2 young (16384K), 0 survivors (0K)
 Metaspace       used 2440K, committed 2624K, reserved 1114112K
  class space    used 177K, committed 256K, reserved 1048576K

Heap Regions: E=young(eden), S=young(survivor), O=old, HS=humongous(starts), HC=humongous(continues), CS=collection set, F=free, OA=open archive, CA=closed archive, TAMS=top-at-mark-start (previous, next)
|   0|0x0000000401000000, 0x0000000401000000, 0x0000000401800000|  0%| F|  |TAMS 0x0000000401000000, 0x0000000401000000| Untracked 
|   1|0x0000000401800000, 0x0000000401800000, 0x0000000402000000|  0%| F|  |TAMS 0x0000000401800000, 0x0000000401800000| Untracked 
|   2|0x0000000402000000, 0x0000000402000000, 0x0000000402800000|  0%| F|  |TAMS 0x0000000402000000, 0x0000000402000000| Untracked 
|   3|0x0000000402800000, 0x0000000402800000, 0x0000000403000000|  0%| F|  |TAMS 0x0000000402800000, 0x0000000402800000| Untracked 
|   4|0x0000000403000000, 0x0000000403000000, 0x0000000403800000|  0%| F|  |TAMS 0x0000000403000000, 0x0000000403000000| Untracked 
|   5|0x0000000403800000, 0x0000000403800000, 0x0000000404000000|  0%| F|  |TAMS 0x0000000403800000, 0x0000000403800000| Untracked 
|   6|0x0000000404000000, 0x0000000404000000, 0x0000000404800000|  0%| F|  |TAMS 0x0000000404000000, 0x0000000404000000| Untracked 
|   7|0x0000000404800000, 0x0000000404800000, 0x0000000405000000|  0%| F|  |TAMS 0x0000000404800000, 0x0000000404800000| Untracked 
|   8|0x0000000405000000, 0x0000000405000000, 0x0000000405800000|  0%| F|  |TAMS 0x0000000405000000, 0x0000000405000000| Untracked 
|   9|0x0000000405800000, 0x0000000405800000, 0x0000000406000000|  0%| F|  |TAMS 0x0000000405800000, 0x0000000405800000| Untracked 
|  10|0x0000000406000000, 0x0000000406000000, 0x0000000406800000|  0%| F|  |TAMS 0x0000000406000000, 0x0000000406000000| Untracked 
|  11|0x0000000406800000, 0x0000000406800000, 0x0000000407000000|  0%| F|  |TAMS 0x0000000406800000, 0x0000000406800000| Untracked 
|  12|0x0000000407000000, 0x0000000407000000, 0x0000000407800000|  0%| F|  |TAMS 0x0000000407000000, 0x0000000407000000| Untracked 
|  13|0x0000000407800000, 0x0000000407800000, 0x0000000408000000|  0%| F|  |TAMS 0x0000000407800000, 0x0000000407800000| Untracked 
|  14|0x0000000408000000, 0x0000000408000000, 0x0000000408800000|  0%| F|  |TAMS 0x0000000408000000, 0x0000000408000000| Untracked 
|  15|0x0000000408800000, 0x0000000408800000, 0x0000000409000000|  0%| F|  |TAMS 0x0000000408800000, 0x0000000408800000| Untracked 
|  16|0x0000000409000000, 0x0000000409000000, 0x0000000409800000|  0%| F|  |TAMS 0x0000000409000000, 0x0000000409000000| Untracked 
|  17|0x0000000409800000, 0x0000000409800000, 0x000000040a000000|  0%| F|  |TAMS 0x0000000409800000, 0x0000000409800000| Untracked 
|  18|0x000000040a000000, 0x000000040a000000, 0x000000040a800000|  0%| F|  |TAMS 0x000000040a000000, 0x000000040a000000| Untracked 
|  19|0x000000040a800000, 0x000000040a800000, 0x000000040b000000|  0%| F|  |TAMS 0x000000040a800000, 0x000000040a800000| Untracked 
|  20|0x000000040b000000, 0x000000040b000000, 0x000000040b800000|  0%| F|  |TAMS 0x000000040b000000, 0x000000040b000000| Untracked 
|  21|0x000000040b800000, 0x000000040b800000, 0x000000040c000000|  0%| F|  |TAMS 0x000000040b800000, 0x000000040b800000| Untracked 
|  22|0x000000040c000000, 0x000000040c000000, 0x000000040c800000|  0%| F|  |TAMS 0x000000040c000000, 0x000000040c000000| Untracked 
|  23|0x000000040c800000, 0x000000040c800000, 0x000000040d000000|  0%| F|  |TAMS 0x000000040c800000, 0x000000040c800000| Untracked 
|  24|0x000000040d000000, 0x000000040d000000, 0x000000040d800000|  0%| F|  |TAMS 0x000000040d000000, 0x000000040d000000| Untracked 
|  25|0x000000040d800000, 0x000000040d800000, 0x000000040e000000|  0%| F|  |TAMS 0x000000040d800000, 0x000000040d800000| Untracked 
|  26|0x000000040e000000, 0x000000040e000000, 0x000000040e800000|  0%| F|  |TAMS 0x000000040e000000, 0x000000040e000000| Untracked 
|  27|0x000000040e800000, 0x000000040e800000, 0x000000040f000000|  0%| F|  |TAMS 0x000000040e800000, 0x000000040e800000| Untracked 
|  28|0x000000040f000000, 0x000000040f000000, 0x000000040f800000|  0%| F|  |TAMS 0x000000040f000000, 0x000000040f000000| Untracked 
|  29|0x000000040f800000, 0x000000040f800000, 0x0000000410000000|  0%| F|  |TAMS 0x000000040f800000, 0x000000040f800000| Untracked 
|  30|0x0000000410000000, 0x0000000410000000, 0x0000000410800000|  0%| F|  |TAMS 0x0000000410000000, 0x0000000410000000| Untracked 
|  31|0x0000000410800000, 0x0000000410800000, 0x0000000411000000|  0%| F|  |TAMS 0x0000000410800000, 0x0000000410800000| Untracked 
|  32|0x0000000411000000, 0x0000000411000000, 0x0000000411800000|  0%| F|  |TAMS 0x0000000411000000, 0x0000000411000000| Untracked 
|  33|0x0000000411800000, 0x0000000411800000, 0x0000000412000000|  0%| F|  |TAMS 0x0000000411800000, 0x0000000411800000| Untracked 
|  34|0x0000000412000000, 0x0000000412000000, 0x0000000412800000|  0%| F|  |TAMS 0x0000000412000000, 0x0000000412000000| Untracked 
|  35|0x0000000412800000, 0x0000000412800000, 0x0000000413000000|  0%| F|  |TAMS 0x0000000412800000, 0x0000000412800000| Untracked 
|  36|0x0000000413000000, 0x0000000413000000, 0x0000000413800000|  0%| F|  |TAMS 0x0000000413000000, 0x0000000413000000| Untracked 
|  37|0x0000000413800000, 0x0000000413800000, 0x0000000414000000|  0%| F|  |TAMS 0x0000000413800000, 0x0000000413800000| Untracked 
|  38|0x0000000414000000, 0x0000000414000000, 0x0000000414800000|  0%| F|  |TAMS 0x0000000414000000, 0x0000000414000000| Untracked 
|  39|0x0000000414800000, 0x0000000414800000, 0x0000000415000000|  0%| F|  |TAMS 0x0000000414800000, 0x0000000414800000| Untracked 
|  40|0x0000000415000000, 0x0000000415000000, 0x0000000415800000|  0%| F|  |TAMS 0x0000000415000000, 0x0000000415000000| Untracked 
|  41|0x0000000415800000, 0x0000000415800000, 0x0000000416000000|  0%| F|  |TAMS 0x0000000415800000, 0x0000000415800000| Untracked 
|  42|0x0000000416000000, 0x0000000416000000, 0x0000000416800000|  0%| F|  |TAMS 0x0000000416000000, 0x0000000416000000| Untracked 
|  43|0x0000000416800000, 0x0000000416800000, 0x0000000417000000|  0%| F|  |TAMS 0x0000000416800000, 0x0000000416800000| Untracked 
|  44|0x0000000417000000, 0x0000000417000000, 0x0000000417800000|  0%| F|  |TAMS 0x0000000417000000, 0x0000000417000000| Untracked 
|  45|0x0000000417800000, 0x0000000417800000, 0x0000000418000000|  0%| F|  |TAMS 0x0000000417800000, 0x0000000417800000| Untracked 
|  46|0x0000000418000000, 0x0000000418000000, 0x0000000418800000|  0%| F|  |TAMS 0x0000000418000000, 0x0000000418000000| Untracked 
|  47|0x0000000418800000, 0x0000000418800000, 0x0000000419000000|  0%| F|  |TAMS 0x0000000418800000, 0x0000000418800000| Untracked 
|  48|0x0000000419000000, 0x0000000419000000, 0x0000000419800000|  0%| F|  |TAMS 0x0000000419000000, 0x0000000419000000| Untracked 
|  49|0x0000000419800000, 0x0000000419800000, 0x000000041a000000|  0%| F|  |TAMS 0x0000000419800000, 0x0000000419800000| Untracked 
|  50|0x000000041a000000, 0x000000041a000000, 0x000000041a800000|  0%| F|  |TAMS 0x000000041a000000, 0x000000041a000000| Untracked 
|  51|0x000000041a800000, 0x000000041a800000, 0x000000041b000000|  0%| F|  |TAMS 0x000000041a800000, 0x000000041a800000| Untracked 
|  52|0x000000041b000000, 0x000000041b000000, 0x000000041b800000|  0%| F|  |TAMS 0x000000041b000000, 0x000000041b000000| Untracked 
|  53|0x000000041b800000, 0x000000041b800000, 0x000000041c000000|  0%| F|  |TAMS 0x000000041b800000, 0x000000041b800000| Untracked 
|  54|0x000000041c000000, 0x000000041c000000, 0x000000041c800000|  0%| F|  |TAMS 0x000000041c000000, 0x000000041c000000| Untracked 
|  55|0x000000041c800000, 0x000000041c800000, 0x000000041d000000|  0%| F|  |TAMS 0x000000041c800000, 0x000000041c800000| Untracked 
|  56|0x000000041d000000, 0x000000041d000000, 0x000000041d800000|  0%| F|  |TAMS 0x000000041d000000, 0x000000041d000000| Untracked 
|  57|0x000000041d800000, 0x000000041d800000, 0x000000041e000000|  0%| F|  |TAMS 0x000000041d800000, 0x000000041d800000| Untracked 
|  58|0x000000041e000000, 0x000000041e000000, 0x000000041e800000|  0%| F|  |TAMS 0x000000041e000000, 0x000000041e000000| Untracked 
|  59|0x000000041e800000, 0x000000041e800000, 0x000000041f000000|  0%| F|  |TAMS 0x000000041e800000, 0x000000041e800000| Untracked 
|  60|0x000000041f000000, 0x000000041f000000, 0x000000041f800000|  0%| F|  |TAMS 0x000000041f000000, 0x000000041f000000| Untracked 
|  61|0x000000041f800000, 0x000000041f800000, 0x0000000420000000|  0%| F|  |TAMS 0x000000041f800000, 0x000000041f800000| Untracked 
|  62|0x0000000420000000, 0x0000000420000000, 0x0000000420800000|  0%| F|  |TAMS 0x0000000420000000, 0x0000000420000000| Untracked 
|  63|0x0000000420800000, 0x0000000420800000, 0x0000000421000000|  0%| F|  |TAMS 0x0000000420800000, 0x0000000420800000| Untracked 
|  64|0x0000000421000000, 0x0000000421000000, 0x0000000421800000|  0%| F|  |TAMS 0x0000000421000000, 0x0000000421000000| Untracked 
|  65|0x0000000421800000, 0x0000000421800000, 0x0000000422000000|  0%| F|  |TAMS 0x0000000421800000, 0x0000000421800000| Untracked 
|  66|0x0000000422000000, 0x0000000422000000, 0x0000000422800000|  0%| F|  |TAMS 0x0000000422000000, 0x0000000422000000| Untracked 
|  67|0x0000000422800000, 0x0000000422800000, 0x0000000423000000|  0%| F|  |TAMS 0x0000000422800000, 0x0000000422800000| Untracked 
|  68|0x0000000423000000, 0x0000000423000000, 0x0000000423800000|  0%| F|  |TAMS 0x0000000423000000, 0x0000000423000000| Untracked 
|  69|0x0000000423800000, 0x0000000423800000, 0x0000000424000000|  0%| F|  |TAMS 0x0000000423800000, 0x0000000423800000| Untracked 
|  70|0x0000000424000000, 0x0000000424000000, 0x0000000424800000|  0%| F|  |TAMS 0x0000000424000000, 0x0000000424000000| Untracked 
|  71|0x0000000424800000, 0x0000000424800000, 0x0000000425000000|  0%| F|  |TAMS 0x0000000424800000, 0x0000000424800000| Untracked 
|  72|0x0000000425000000, 0x0000000425000000, 0x0000000425800000|  0%| F|  |TAMS 0x0000000425000000, 0x0000000425000000| Untracked 
|  73|0x0000000425800000, 0x0000000425800000, 0x0000000426000000|  0%| F|  |TAMS 0x0000000425800000, 0x0000000425800000| Untracked 
|  74|0x0000000426000000, 0x0000000426000000, 0x0000000426800000|  0%| F|  |TAMS 0x0000000426000000, 0x0000000426000000| Untracked 
|  75|0x0000000426800000, 0x0000000426800000, 0x0000000427000000|  0%| F|  |TAMS 0x0000000426800000, 0x0000000426800000| Untracked 
|  76|0x0000000427000000, 0x0000000427000000, 0x0000000427800000|  0%| F|  |TAMS 0x0000000427000000, 0x0000000427000000| Untracked 
|  77|0x0000000427800000, 0x0000000427800000, 0x0000000428000000|  0%| F|  |TAMS 0x0000000427800000, 0x0000000427800000| Untracked 
|  78|0x0000000428000000, 0x0000000428000000, 0x0000000428800000|  0%| F|  |TAMS 0x0000000428000000, 0x0000000428000000| Untracked 
|  79|0x0000000428800000, 0x0000000428800000, 0x0000000429000000|  0%| F|  |TAMS 0x0000000428800000, 0x0000000428800000| Untracked 
|  80|0x0000000429000000, 0x0000000429000000, 0x0000000429800000|  0%| F|  |TAMS 0x0000000429000000, 0x0000000429000000| Untracked 
|  81|0x0000000429800000, 0x0000000429800000, 0x000000042a000000|  0%| F|  |TAMS 0x0000000429800000, 0x0000000429800000| Untracked 
|  82|0x000000042a000000, 0x000000042a000000, 0x000000042a800000|  0%| F|  |TAMS 0x000000042a000000, 0x000000042a000000| Untracked 
|  83|0x000000042a800000, 0x000000042a800000, 0x000000042b000000|  0%| F|  |TAMS 0x000000042a800000, 0x000000042a800000| Untracked 
|  84|0x000000042b000000, 0x000000042b000000, 0x000000042b800000|  0%| F|  |TAMS 0x000000042b000000, 0x000000042b000000| Untracked 
|  85|0x000000042b800000, 0x000000042b800000, 0x000000042c000000|  0%| F|  |TAMS 0x000000042b800000, 0x000000042b800000| Untracked 
|  86|0x000000042c000000, 0x000000042c000000, 0x000000042c800000|  0%| F|  |TAMS 0x000000042c000000, 0x000000042c000000| Untracked 
|  87|0x000000042c800000, 0x000000042c800000, 0x000000042d000000|  0%| F|  |TAMS 0x000000042c800000, 0x000000042c800000| Untracked 
|  88|0x000000042d000000, 0x000000042d000000, 0x000000042d800000|  0%| F|  |TAMS 0x000000042d000000, 0x000000042d000000| Untracked 
|  89|0x000000042d800000, 0x000000042d800000, 0x000000042e000000|  0%| F|  |TAMS 0x000000042d800000, 0x000000042d800000| Untracked 
|  90|0x000000042e000000, 0x000000042e000000, 0x000000042e800000|  0%| F|  |TAMS 0x000000042e000000, 0x000000042e000000| Untracked 
|  91|0x000000042e800000, 0x000000042e800000, 0x000000042f000000|  0%| F|  |TAMS 0x000000042e800000, 0x000000042e800000| Untracked 
|  92|0x000000042f000000, 0x000000042f000000, 0x000000042f800000|  0%| F|  |TAMS 0x000000042f000000, 0x000000042f000000| Untracked 
|  93|0x000000042f800000, 0x000000042f800000, 0x0000000430000000|  0%| F|  |TAMS 0x000000042f800000, 0x000000042f800000| Untracked 
|  94|0x0000000430000000, 0x0000000430000000, 0x0000000430800000|  0%| F|  |TAMS 0x0000000430000000, 0x0000000430000000| Untracked 
|  95|0x0000000430800000, 0x0000000430800000, 0x0000000431000000|  0%| F|  |TAMS 0x0000000430800000, 0x0000000430800000| Untracked 
|  96|0x0000000431000000, 0x0000000431000000, 0x0000000431800000|  0%| F|  |TAMS 0x0000000431000000, 0x0000000431000000| Untracked 
|  97|0x0000000431800000, 0x0000000431800000, 0x0000000432000000|  0%| F|  |TAMS 0x0000000431800000, 0x0000000431800000| Untracked 
|  98|0x0000000432000000, 0x0000000432000000, 0x0000000432800000|  0%| F|  |TAMS 0x0000000432000000, 0x0000000432000000| Untracked 
|  99|0x0000000432800000, 0x0000000432800000, 0x0000000433000000|  0%| F|  |TAMS 0x0000000432800000, 0x0000000432800000| Untracked 
| 100|0x0000000433000000, 0x0000000433000000, 0x0000000433800000|  0%| F|  |TAMS 0x0000000433000000, 0x0000000433000000| Untracked 
| 101|0x0000000433800000, 0x0000000433800000, 0x0000000434000000|  0%| F|  |TAMS 0x0000000433800000, 0x0000000433800000| Untracked 
| 102|0x0000000434000000, 0x0000000434000000, 0x0000000434800000|  0%| F|  |TAMS 0x0000000434000000, 0x0000000434000000| Untracked 
| 103|0x0000000434800000, 0x0000000434800000, 0x0000000435000000|  0%| F|  |TAMS 0x0000000434800000, 0x0000000434800000| Untracked 
| 104|0x0000000435000000, 0x0000000435000000, 0x0000000435800000|  0%| F|  |TAMS 0x0000000435000000, 0x0000000435000000| Untracked 
| 105|0x0000000435800000, 0x0000000435800000, 0x0000000436000000|  0%| F|  |TAMS 0x0000000435800000, 0x0000000435800000| Untracked 
| 106|0x0000000436000000, 0x0000000436000000, 0x0000000436800000|  0%| F|  |TAMS 0x0000000436000000, 0x0000000436000000| Untracked 
| 107|0x0000000436800000, 0x0000000436800000, 0x0000000437000000|  0%| F|  |TAMS 0x0000000436800000, 0x0000000436800000| Untracked 
| 108|0x0000000437000000, 0x0000000437000000, 0x0000000437800000|  0%| F|  |TAMS 0x0000000437000000, 0x0000000437000000| Untracked 
| 109|0x0000000437800000, 0x0000000437800000, 0x0000000438000000|  0%| F|  |TAMS 0x0000000437800000, 0x0000000437800000| Untracked 
| 110|0x0000000438000000, 0x0000000438000000, 0x0000000438800000|  0%| F|  |TAMS 0x0000000438000000, 0x0000000438000000| Untracked 
| 111|0x0000000438800000, 0x0000000438800000, 0x0000000439000000|  0%| F|  |TAMS 0x0000000438800000, 0x0000000438800000| Untracked 
| 112|0x0000000439000000, 0x0000000439000000, 0x0000000439800000|  0%| F|  |TAMS 0x0000000439000000, 0x0000000439000000| Untracked 
| 113|0x0000000439800000, 0x0000000439800000, 0x000000043a000000|  0%| F|  |TAMS 0x0000000439800000, 0x0000000439800000| Untracked 
| 114|0x000000043a000000, 0x000000043a000000, 0x000000043a800000|  0%| F|  |TAMS 0x000000043a000000, 0x000000043a000000| Untracked 
| 115|0x000000043a800000, 0x000000043a800000, 0x000000043b000000|  0%| F|  |TAMS 0x000000043a800000, 0x000000043a800000| Untracked 
| 116|0x000000043b000000, 0x000000043b000000, 0x000000043b800000|  0%| F|  |TAMS 0x000000043b000000, 0x000000043b000000| Untracked 
| 117|0x000000043b800000, 0x000000043b800000, 0x000000043c000000|  0%| F|  |TAMS 0x000000043b800000, 0x000000043b800000| Untracked 
| 118|0x000000043c000000, 0x000000043c000000, 0x000000043c800000|  0%| F|  |TAMS 0x000000043c000000, 0x000000043c000000| Untracked 
| 119|0x000000043c800000, 0x000000043c800000, 0x000000043d000000|  0%| F|  |TAMS 0x000000043c800000, 0x000000043c800000| Untracked 
| 120|0x000000043d000000, 0x000000043d000000, 0x000000043d800000|  0%| F|  |TAMS 0x000000043d000000, 0x000000043d000000| Untracked 
| 121|0x000000043d800000, 0x000000043d800000, 0x000000043e000000|  0%| F|  |TAMS 0x000000043d800000, 0x000000043d800000| Untracked 
| 122|0x000000043e000000, 0x000000043e000000, 0x000000043e800000|  0%| F|  |TAMS 0x000000043e000000, 0x000000043e000000| Untracked 
| 123|0x000000043e800000, 0x000000043e800000, 0x000000043f000000|  0%| F|  |TAMS 0x000000043e800000, 0x000000043e800000| Untracked 
| 124|0x000000043f000000, 0x000000043f000000, 0x000000043f800000|  0%| F|  |TAMS 0x000000043f000000, 0x000000043f000000| Untracked 
| 125|0x000000043f800000, 0x000000043f800000, 0x0000000440000000|  0%| F|  |TAMS 0x000000043f800000, 0x000000043f800000| Untracked 
| 126|0x0000000440000000, 0x00000004401f0260, 0x0000000440800000| 24%| E|  |TAMS 0x0000000440000000, 0x0000000440000000| Complete 
| 127|0x0000000440800000, 0x0000000441000000, 0x0000000441000000|100%| E|CS|TAMS 0x0000000440800000, 0x0000000440800000| Complete 

Card table byte_map: [0x000001b777b50000,0x000001b779b50000] _byte_map_base: 0x000001b775b48000

Marking Bits (Prev, Next): (CMBitMap*) 0x000001b75e5fb2e0, (CMBitMap*) 0x000001b75e5fb320
 Prev Bits: [0x000001b700000000, 0x000001b70ffc0000)
 Next Bits: [0x000001b70ffc0000, 0x000001b71ff80000)

Polling page: 0x000001b75c410000

Metaspace:

Usage:
  Non-class:      2.21 MB used.
      Class:    177.53 KB used.
       Both:      2.38 MB used.

Virtual space:
  Non-class space:       64.00 MB reserved,       2.31 MB (  4%) committed,  1 nodes.
      Class space:        1.00 GB reserved,     256.00 KB ( <1%) committed,  1 nodes.
             Both:        1.06 GB reserved,       2.56 MB ( <1%) committed. 

Chunk freelists:
   Non-Class:  3.09 MB
       Class:  3.66 MB
        Both:  6.75 MB

MaxMetaspaceSize: unlimited
CompressedClassSpaceSize: 1.00 GB
Initial GC threshold: 21.00 MB
Current GC threshold: 21.00 MB
CDS: on
MetaspaceReclaimPolicy: balanced
 - commit_granule_bytes: 65536.
 - commit_granule_words: 8192.
 - virtual_space_node_default_size: 8388608.
 - enlarge_chunks_in_place: 1.
 - new_chunks_are_fully_committed: 0.
 - uncommit_free_chunks: 1.
 - use_allocation_guard: 0.


Internal statistics:

num_allocs_failed_limit: 0.
num_arena_births: 78.
num_arena_deaths: 0.
num_vsnodes_births: 2.
num_vsnodes_deaths: 0.
num_space_committed: 41.
num_space_uncommitted: 0.
num_chunks_returned_to_freelist: 0.
num_chunks_taken_from_freelist: 139.
num_chunk_merges: 0.
num_chunk_splits: 81.
num_chunks_enlarged: 52.
num_inconsistent_stats: 0.

CodeHeap 'non-profiled nmethods': size=119168Kb used=167Kb max_used=167Kb free=119000Kb
 bounds [0x000001b76da50000, 0x000001b76dcc0000, 0x000001b774eb0000]
CodeHeap 'profiled nmethods': size=119104Kb used=859Kb max_used=859Kb free=118244Kb
 bounds [0x000001b766600000, 0x000001b766870000, 0x000001b76da50000]
CodeHeap 'non-nmethods': size=7488Kb used=2661Kb max_used=2676Kb free=4826Kb
 bounds [0x000001b765eb0000, 0x000001b766150000, 0x000001b766600000]
 total_blobs=1527 nmethods=593 adapters=845
 compilation: enabled
              stopped_count=0, restarted_count=0
 full_count=0

Compilation events (20 events):
Event: 0.123 Thread 0x000001b77ecc14d0 nmethod 579 0x000001b7666d2810 code [0x000001b7666d2a00, 0x000001b7666d2fc8]
Event: 0.123 Thread 0x000001b77ecbfae0 nmethod 582 0x000001b76da78390 code [0x000001b76da78500, 0x000001b76da78578]
Event: 0.123 Thread 0x000001b77ecc14d0  583       1       java.net.URL::getUserInfo (5 bytes)
Event: 0.123 Thread 0x000001b77edc84b0 nmethod 580 0x000001b7666d3210 code [0x000001b7666d3440, 0x000001b7666d3ba8]
Event: 0.123 Thread 0x000001b77ecc14d0 nmethod 583 0x000001b76da78690 code [0x000001b76da78820, 0x000001b76da788f8]
Event: 0.123 Thread 0x000001b77edc7fb0 nmethod 581 0x000001b7666d3e90 code [0x000001b7666d41a0, 0x000001b7666d51a8]
Event: 0.123 Thread 0x000001b77edc7fb0  584       3       java.lang.Integer::toUnsignedLong (7 bytes)
Event: 0.123 Thread 0x000001b77edc84b0  585       3       org.lwjgl.system.MemoryUtil::write8 (19 bytes)
Event: 0.123 Thread 0x000001b77ecc14d0  586       3       sun.misc.Unsafe::putByte (11 bytes)
Event: 0.123 Thread 0x000001b77edc7fb0 nmethod 584 0x000001b7666d5610 code [0x000001b7666d57a0, 0x000001b7666d5898]
Event: 0.123 Thread 0x000001b77ecc14d0 nmethod 586 0x000001b7666d5910 code [0x000001b7666d5aa0, 0x000001b7666d5bb8]
Event: 0.123 Thread 0x000001b77edc84b0 nmethod 585 0x000001b7666d5c90 code [0x000001b7666d5e40, 0x000001b7666d6098]
Event: 0.124 Thread 0x000001b77edc84b0  588       3       sun.misc.Unsafe::putInt (11 bytes)
Event: 0.124 Thread 0x000001b77edc84b0 nmethod 588 0x000001b7666d6190 code [0x000001b7666d6320, 0x000001b7666d6438]
Event: 0.124 Thread 0x000001b77edc84b0  591       3       org.lwjgl.system.MemoryUtil::encodeASCIIUnsafe (53 bytes)
Event: 0.124 Thread 0x000001b77edc84b0 nmethod 591 0x000001b7666d6510 code [0x000001b7666d66e0, 0x000001b7666d6af8]
Event: 0.124 Thread 0x000001b77edc84b0  592       1       java.security.CodeSource::getLocation (5 bytes)
Event: 0.124 Thread 0x000001b77edc84b0 nmethod 592 0x000001b76da79590 code [0x000001b76da79720, 0x000001b76da797f8]
Event: 0.127 Thread 0x000001b77ecbfae0  593       4       java.lang.StringLatin1::lastIndexOf (40 bytes)
Event: 0.128 Thread 0x000001b77ecbfae0 nmethod 593 0x000001b76da79890 code [0x000001b76da79a00, 0x000001b76da79bb8]

GC Heap History (0 events):
No events

Deoptimization events (8 events):
Event: 0.066 Thread 0x000001b75e5859b0 Uncommon trap: trap_request=0xffffff45 fr.pc=0x000001b76da5f2b8 relative=0x00000000000000b8
Event: 0.066 Thread 0x000001b75e5859b0 Uncommon trap: reason=unstable_if action=reinterpret pc=0x000001b76da5f2b8 method=java.lang.String.isLatin1()Z @ 10 c2
Event: 0.066 Thread 0x000001b75e5859b0 DEOPT PACKING pc=0x000001b76da5f2b8 sp=0x00000001006fefa0
Event: 0.066 Thread 0x000001b75e5859b0 DEOPT UNPACKING pc=0x000001b765f023a3 sp=0x00000001006feee0 mode 2
Event: 0.084 Thread 0x000001b75e5859b0 DEOPT PACKING pc=0x000001b76662f8e7 sp=0x00000001006f92d0
Event: 0.084 Thread 0x000001b75e5859b0 DEOPT UNPACKING pc=0x000001b765f02b43 sp=0x00000001006f86f0 mode 0
Event: 0.100 Thread 0x000001b75e5859b0 DEOPT PACKING pc=0x000001b7666089d1 sp=0x00000001006fb850
Event: 0.100 Thread 0x000001b75e5859b0 DEOPT UNPACKING pc=0x000001b765f02b43 sp=0x00000001006facc8 mode 0

Classes loaded (20 events):
Event: 0.102 Loading class java/nio/DirectFloatBufferU
Event: 0.102 Loading class java/nio/DirectFloatBufferU done
Event: 0.102 Loading class java/nio/DirectDoubleBufferU
Event: 0.102 Loading class java/nio/DirectDoubleBufferU done
Event: 0.102 Loading class sun/misc/Unsafe
Event: 0.102 Loading class sun/misc/Unsafe done
Event: 0.102 Loading class java/lang/invoke/DirectMethodHandle$StaticAccessor
Event: 0.102 Loading class java/lang/invoke/DirectMethodHandle$StaticAccessor done
Event: 0.104 Loading class java/util/function/LongPredicate
Event: 0.104 Loading class java/util/function/LongPredicate done
Event: 0.105 Loading class jdk/internal/access/foreign/MemorySegmentProxy
Event: 0.105 Loading class jdk/internal/access/foreign/MemorySegmentProxy done
Event: 0.107 Loading class java/nio/InvalidMarkException
Event: 0.107 Loading class java/nio/InvalidMarkException done
Event: 0.107 Loading class java/nio/BufferUnderflowException
Event: 0.107 Loading class java/nio/BufferUnderflowException done
Event: 0.117 Loading class java/lang/NoSuchFieldError
Event: 0.117 Loading class java/lang/NoSuchFieldError done
Event: 0.119 Loading class jdk/internal/reflect/MethodHandleIntegerFieldAccessorImpl
Event: 0.119 Loading class jdk/internal/reflect/MethodHandleIntegerFieldAccessorImpl done

Classes unloaded (0 events):
No events

Classes redefined (0 events):
No events

Internal exceptions (20 events):
Event: 0.063 Thread 0x000001b75e5859b0 Exception <a 'java/lang/NoSuchMethodError'{0x0000000440dc4680}: 'java.lang.Object java.lang.invoke.Invokers$Holder.invokeExact_MT(java.lang.Object, java.lang.Object, java.lang.Object, java.lang.Object, java.lang.Object)'> (0x0000000440dc4680) 
thrown [s\open\src\hotspot\share\interpreter\linkResolver.cpp, line 766]
Event: 0.069 Thread 0x000001b77f00bbc0 Exception <a 'java/lang/NoSuchMethodError'{0x0000000440ebefb8}: 'void java.lang.invoke.DirectMethodHandle$Holder.invokeStatic(java.lang.Object, java.lang.Object)'> (0x0000000440ebefb8) 
thrown [s\open\src\hotspot\share\interpreter\linkResolver.cpp, line 766]
Event: 0.077 Thread 0x000001b75e5859b0 Exception <a 'java/lang/NoSuchMethodError'{0x0000000440e57fc8}: 'java.lang.Object java.lang.invoke.DirectMethodHandle$Holder.invokeStaticInit(java.lang.Object)'> (0x0000000440e57fc8) 
thrown [s\open\src\hotspot\share\interpreter\linkResolver.cpp, line 766]
Event: 0.082 Thread 0x000001b75e5859b0 Exception <a 'java/lang/NoSuchMethodError'{0x0000000440ea2d98}: 'void java.lang.System.load(java.lang.String, java.lang.Class)'> (0x0000000440ea2d98) 
thrown [s\open\src\hotspot\share\interpreter\linkResolver.cpp, line 766]
Event: 0.082 Thread 0x000001b75e5859b0 Exception <a 'java/lang/NoSuchMethodError'{0x0000000440ea3790}: 'void java.lang.invoke.DirectMethodHandle$Holder.invokeSpecial(java.lang.Object, java.lang.Object, java.lang.Object)'> (0x0000000440ea3790) 
thrown [s\open\src\hotspot\share\interpreter\linkResolver.cpp, line 766]
Event: 0.083 Thread 0x000001b75e5859b0 Exception <a 'java/lang/NoSuchMethodError'{0x0000000440eb1aa8}: 'java.lang.Object java.lang.invoke.DirectMethodHandle$Holder.invokeStatic(java.lang.Object, java.lang.Object, int)'> (0x0000000440eb1aa8) 
thrown [s\open\src\hotspot\share\interpreter\linkResolver.cpp, line 766]
Event: 0.084 Thread 0x000001b75e5859b0 Exception <a 'java/lang/NoSuchMethodError'{0x0000000440fb36e0}: 'void java.lang.invoke.DelegatingMethodHandle$Holder.delegate(java.lang.Object, java.lang.Object, int, java.lang.Object)'> (0x0000000440fb36e0) 
thrown [s\open\src\hotspot\share\interpreter\linkResolver.cpp, line 766]
Event: 0.084 Thread 0x000001b75e5859b0 Exception <a 'java/lang/NoSuchMethodError'{0x0000000440fb7720}: 'int java.lang.invoke.DirectMethodHandle$Holder.invokeSpecial(java.lang.Object, java.lang.Object, java.lang.Object)'> (0x0000000440fb7720) 
thrown [s\open\src\hotspot\share\interpreter\linkResolver.cpp, line 766]
Event: 0.086 Thread 0x000001b75e5859b0 Exception <a 'java/lang/NoSuchMethodError'{0x0000000440fd24b0}: 'void java.lang.System.loadLibrary(java.lang.String, java.lang.Class)'> (0x0000000440fd24b0) 
thrown [s\open\src\hotspot\share\interpreter\linkResolver.cpp, line 766]
Event: 0.099 Thread 0x000001b75e5859b0 Exception <a 'sun/nio/fs/WindowsException'{0x000000044001b548}> (0x000000044001b548) 
thrown [s\open\src\hotspot\share\prims\jni.cpp, line 516]
Event: 0.100 Thread 0x000001b75e5859b0 Exception <a 'sun/nio/fs/WindowsException'{0x000000044001ba98}> (0x000000044001ba98) 
thrown [s\open\src\hotspot\share\prims\jni.cpp, line 516]
Event: 0.104 Thread 0x000001b75e5859b0 Exception <a 'java/lang/NoSuchMethodError'{0x0000000440048b40}: 'int java.lang.invoke.DirectMethodHandle$Holder.invokeStaticInit(java.lang.Object, java.lang.Object, int, long)'> (0x0000000440048b40) 
thrown [s\open\src\hotspot\share\interpreter\linkResolver.cpp, line 766]
Event: 0.105 Thread 0x000001b75e5859b0 Exception <a 'java/lang/NoSuchMethodError'{0x000000044004e408}: 'java.lang.Object java.lang.invoke.DirectMethodHandle$Holder.newInvokeSpecial(java.lang.Object, java.lang.Object, int)'> (0x000000044004e408) 
thrown [s\open\src\hotspot\share\interpreter\linkResolver.cpp, line 766]
Event: 0.106 Thread 0x000001b75e5859b0 Exception <a 'java/lang/NoSuchMethodError'{0x000000044005d410}: 'int java.lang.invoke.DirectMethodHandle$Holder.invokeStaticInit(java.lang.Object, java.lang.Object, long, long)'> (0x000000044005d410) 
thrown [s\open\src\hotspot\share\interpreter\linkResolver.cpp, line 766]
Event: 0.106 Thread 0x000001b75e5859b0 Exception <a 'java/lang/NoSuchMethodError'{0x0000000440063520}: 'java.lang.Object java.lang.invoke.DirectMethodHandle$Holder.newInvokeSpecial(java.lang.Object, java.lang.Object, long)'> (0x0000000440063520) 
thrown [s\open\src\hotspot\share\interpreter\linkResolver.cpp, line 766]
Event: 0.106 Thread 0x000001b75e5859b0 Exception <a 'java/lang/NoSuchMethodError'{0x0000000440067578}: 'java.lang.Object java.lang.invoke.Invokers$Holder.linkToTargetMethod(java.lang.Object, long, java.lang.Object)'> (0x0000000440067578) 
thrown [s\open\src\hotspot\share\interpreter\linkResolver.cpp, line 766]
Event: 0.107 Thread 0x000001b75e5859b0 Exception <a 'java/lang/NoSuchMethodError'{0x000000044006eb20}: 'int java.lang.invoke.DirectMethodHandle$Holder.invokeStaticInit(java.lang.Object, java.lang.Object, java.lang.Object, long)'> (0x000000044006eb20) 
thrown [s\open\src\hotspot\share\interpreter\linkResolver.cpp, line 766]
Event: 0.117 Thread 0x000001b75e5859b0 Exception <a 'sun/nio/fs/WindowsException'{0x0000000440117048}> (0x0000000440117048) 
thrown [s\open\src\hotspot\share\prims\jni.cpp, line 516]
Event: 0.117 Thread 0x000001b75e5859b0 Exception <a 'sun/nio/fs/WindowsException'{0x00000004401173a8}> (0x00000004401173a8) 
thrown [s\open\src\hotspot\share\prims\jni.cpp, line 516]
Event: 0.119 Thread 0x000001b75e5859b0 Exception <a 'java/lang/NoSuchMethodError'{0x000000044012c908}: 'int java.lang.invoke.Invokers$Holder.invokeExact_MT(java.lang.Object, java.lang.Object)'> (0x000000044012c908) 
thrown [s\open\src\hotspot\share\interpreter\linkResolver.cpp, line 766]

VM Operations (6 events):
Event: 0.038 Executing VM operation: HandshakeAllThreads
Event: 0.038 Executing VM operation: HandshakeAllThreads done
Event: 0.067 Executing VM operation: HandshakeAllThreads
Event: 0.067 Executing VM operation: HandshakeAllThreads done
Event: 0.096 Executing VM operation: HandshakeAllThreads
Event: 0.096 Executing VM operation: HandshakeAllThreads done

Events (20 events):
Event: 0.018 Thread 0x000001b77ecb7c20 Thread added: 0x000001b77ecb7c20
Event: 0.018 Thread 0x000001b77ecb85c0 Thread added: 0x000001b77ecb85c0
Event: 0.018 Thread 0x000001b77ecb8f60 Thread added: 0x000001b77ecb8f60
Event: 0.018 Thread 0x000001b77ecbb910 Thread added: 0x000001b77ecbb910
Event: 0.018 Thread 0x000001b77ecbfae0 Thread added: 0x000001b77ecbfae0
Event: 0.018 Thread 0x000001b77ecc14d0 Thread added: 0x000001b77ecc14d0
Event: 0.018 Thread 0x000001b77ecc9ec0 Thread added: 0x000001b77ecc9ec0
Event: 0.034 Thread 0x000001b77edc4720 Thread added: 0x000001b77edc4720
Event: 0.038 Thread 0x000001b77edc7fb0 Thread added: 0x000001b77edc7fb0
Event: 0.038 Thread 0x000001b77edc84b0 Thread added: 0x000001b77edc84b0
Event: 0.044 Loaded shared library C:\Users\nitin\.jdks\openjdk-18.0.1.1\bin\zip.dll
Event: 0.046 Loaded shared library C:\Users\nitin\.jdks\openjdk-18.0.1.1\bin\instrument.dll
Event: 0.048 Loaded shared library C:\Users\nitin\.jdks\openjdk-18.0.1.1\bin\net.dll
Event: 0.049 Loaded shared library C:\Users\nitin\.jdks\openjdk-18.0.1.1\bin\nio.dll
Event: 0.051 Loaded shared library C:\Users\nitin\.jdks\openjdk-18.0.1.1\bin\zip.dll
Event: 0.065 Loaded shared library C:\Program Files\JetBrains\IntelliJ IDEA Community Edition 2022.1.1\bin\breakgen64.dll
Event: 0.065 Thread 0x000001b77f00bbc0 Thread added: 0x000001b77f00bbc0
Event: 0.066 Thread 0x000001b77f00dde0 Thread added: 0x000001b77f00dde0
Event: 0.089 Loaded shared library C:\Users\nitin\.jdks\openjdk-18.0.1.1\bin\jimage.dll
Event: 0.100 Loaded shared library C:\Users\nitin\AppData\Local\Temp\lwjglnitin\3.3.1-build-7\lwjgl.dll


Dynamic libraries:
0x00007ff7268b0000 - 0x00007ff7268be000 	C:\Users\nitin\.jdks\openjdk-18.0.1.1\bin\java.exe
0x00007ff9675b0000 - 0x00007ff9677c4000 	C:\WINDOWS\SYSTEM32\ntdll.dll
0x00007ff966a10000 - 0x00007ff966ad2000 	C:\WINDOWS\System32\KERNEL32.DLL
0x00007ff964d60000 - 0x00007ff9650fc000 	C:\WINDOWS\System32\KERNELBASE.dll
0x00007ff964b20000 - 0x00007ff964c31000 	C:\WINDOWS\System32\ucrtbase.dll
0x00007ff95c1a0000 - 0x00007ff95c1ba000 	C:\Users\nitin\.jdks\openjdk-18.0.1.1\bin\VCRUNTIME140.dll
0x00007ff95d110000 - 0x00007ff95d127000 	C:\Users\nitin\.jdks\openjdk-18.0.1.1\bin\jli.dll
0x00007ff966860000 - 0x00007ff966a0b000 	C:\WINDOWS\System32\USER32.dll
0x00007ff94d3b0000 - 0x00007ff94d63e000 	C:\WINDOWS\WinSxS\amd64_microsoft.windows.common-controls_6595b64144ccf1df_6.0.22621.1_none_60e502bd9af5bef0\COMCTL32.dll
0x00007ff9651c0000 - 0x00007ff9651e6000 	C:\WINDOWS\System32\win32u.dll
0x00007ff966fe0000 - 0x00007ff967087000 	C:\WINDOWS\System32\msvcrt.dll
0x00007ff967540000 - 0x00007ff967569000 	C:\WINDOWS\System32\GDI32.dll
0x00007ff964a00000 - 0x00007ff964b12000 	C:\WINDOWS\System32\gdi32full.dll
0x00007ff964c40000 - 0x00007ff964cda000 	C:\WINDOWS\System32\msvcp_win.dll
0x00007ff965d90000 - 0x00007ff965dc1000 	C:\WINDOWS\System32\IMM32.DLL
0x00007ff95d290000 - 0x00007ff95d29c000 	C:\Users\nitin\.jdks\openjdk-18.0.1.1\bin\vcruntime140_1.dll
0x00007ff90b350000 - 0x00007ff90b3dd000 	C:\Users\nitin\.jdks\openjdk-18.0.1.1\bin\msvcp140.dll
0x00007ff8e5ce0000 - 0x00007ff8e68f0000 	C:\Users\nitin\.jdks\openjdk-18.0.1.1\bin\server\jvm.dll
0x00007ff9653e0000 - 0x00007ff96548e000 	C:\WINDOWS\System32\ADVAPI32.dll
0x00007ff966f30000 - 0x00007ff966fd4000 	C:\WINDOWS\System32\sechost.dll
0x00007ff966740000 - 0x00007ff966855000 	C:\WINDOWS\System32\RPCRT4.dll
0x00007ff9658a0000 - 0x00007ff9658a8000 	C:\WINDOWS\System32\PSAPI.DLL
0x00007ff95d5a0000 - 0x00007ff95d5a9000 	C:\WINDOWS\SYSTEM32\WSOCK32.dll
0x00007ff95ae70000 - 0x00007ff95aea4000 	C:\WINDOWS\SYSTEM32\WINMM.dll
0x00007ff965ee0000 - 0x00007ff965f51000 	C:\WINDOWS\System32\WS2_32.dll
0x00007ff961830000 - 0x00007ff96183a000 	C:\WINDOWS\SYSTEM32\VERSION.dll
0x00007ff963b60000 - 0x00007ff963b78000 	C:\WINDOWS\SYSTEM32\kernel.appcore.dll
0x00007ff95c190000 - 0x00007ff95c19a000 	C:\Users\nitin\.jdks\openjdk-18.0.1.1\bin\jimage.dll
0x00007ff959bc0000 - 0x00007ff959dee000 	C:\WINDOWS\SYSTEM32\DBGHELP.DLL
0x00007ff967190000 - 0x00007ff967519000 	C:\WINDOWS\System32\combase.dll
0x00007ff965e00000 - 0x00007ff965ed7000 	C:\WINDOWS\System32\OLEAUT32.dll
0x00007ff959b80000 - 0x00007ff959bb2000 	C:\WINDOWS\SYSTEM32\dbgcore.DLL
0x00007ff964ce0000 - 0x00007ff964d5b000 	C:\WINDOWS\System32\bcryptPrimitives.dll
0x00007ff95c160000 - 0x00007ff95c16e000 	C:\Users\nitin\.jdks\openjdk-18.0.1.1\bin\instrument.dll
0x00007ff95be00000 - 0x00007ff95be25000 	C:\Users\nitin\.jdks\openjdk-18.0.1.1\bin\java.dll
0x00007ff903960000 - 0x00007ff903a36000 	C:\Users\nitin\.jdks\openjdk-18.0.1.1\bin\jsvml.dll
0x00007ff965f60000 - 0x00007ff966738000 	C:\WINDOWS\System32\SHELL32.dll
0x00007ff962a40000 - 0x00007ff9632f8000 	C:\WINDOWS\SYSTEM32\windows.storage.dll
0x00007ff962900000 - 0x00007ff962a3d000 	C:\WINDOWS\SYSTEM32\wintypes.dll
0x00007ff966e30000 - 0x00007ff966f21000 	C:\WINDOWS\System32\SHCORE.dll
0x00007ff966c40000 - 0x00007ff966c9e000 	C:\WINDOWS\System32\shlwapi.dll
0x00007ff964930000 - 0x00007ff964951000 	C:\WINDOWS\SYSTEM32\profapi.dll
0x00007ff9479c0000 - 0x00007ff9479d8000 	C:\Users\nitin\.jdks\openjdk-18.0.1.1\bin\zip.dll
0x00007ff9479a0000 - 0x00007ff9479b3000 	C:\Users\nitin\.jdks\openjdk-18.0.1.1\bin\net.dll
0x00007ff95e0d0000 - 0x00007ff95e1ff000 	C:\WINDOWS\SYSTEM32\WINHTTP.dll
0x00007ff963fc0000 - 0x00007ff964029000 	C:\WINDOWS\system32\mswsock.dll
0x00007ff9461a0000 - 0x00007ff9461b6000 	C:\Users\nitin\.jdks\openjdk-18.0.1.1\bin\nio.dll
0x00007ff946180000 - 0x00007ff94619a000 	C:\Program Files\JetBrains\IntelliJ IDEA Community Edition 2022.1.1\bin\breakgen64.dll
0x00007ff9080d0000 - 0x00007ff908145000 	C:\Users\nitin\AppData\Local\Temp\lwjglnitin\3.3.1-build-7\lwjgl.dll
0x00007ff940fe0000 - 0x00007ff941041000 	C:\Users\nitin\AppData\Local\Temp\lwjglnitin\3.3.1-build-7\glfw.dll
0x00007ff940130000 - 0x00007ff940176000 	C:\WINDOWS\SYSTEM32\dinput8.dll
0x00007ff935370000 - 0x00007ff935381000 	C:\WINDOWS\SYSTEM32\xinput1_4.dll
0x00007ff9646c0000 - 0x00007ff96470f000 	C:\WINDOWS\SYSTEM32\cfgmgr32.dll
0x00007ff964710000 - 0x00007ff96473c000 	C:\WINDOWS\SYSTEM32\DEVOBJ.dll
0x00007ff962630000 - 0x00007ff96265b000 	C:\WINDOWS\SYSTEM32\dwmapi.dll
0x00007ff946340000 - 0x00007ff946541000 	C:\WINDOWS\SYSTEM32\inputhost.dll
0x00007ff961cc0000 - 0x00007ff961df3000 	C:\WINDOWS\SYSTEM32\CoreMessaging.dll
0x00007ff962400000 - 0x00007ff9624ab000 	C:\WINDOWS\system32\uxtheme.dll
0x00007ff964230000 - 0x00007ff96423c000 	C:\WINDOWS\SYSTEM32\CRYPTBASE.DLL
0x00007ff966d10000 - 0x00007ff966e2e000 	C:\WINDOWS\System32\MSCTF.dll

dbghelp: loaded successfully - version: 4.0.5 - missing functions: none
symbol engine: initialized successfully - sym options: 0x614 - pdb path: .;C:\Users\nitin\.jdks\openjdk-18.0.1.1\bin;C:\WINDOWS\SYSTEM32;C:\WINDOWS\WinSxS\amd64_microsoft.windows.common-controls_6595b64144ccf1df_6.0.22621.1_none_60e502bd9af5bef0;C:\Users\nitin\.jdks\openjdk-18.0.1.1\bin\server;C:\Program Files\JetBrains\IntelliJ IDEA Community Edition 2022.1.1\bin;C:\Users\nitin\AppData\Local\Temp\lwjglnitin\3.3.1-build-7

VM Arguments:
jvm_args: -javaagent:C:\Program Files\JetBrains\IntelliJ IDEA Community Edition 2022.1.1\lib\idea_rt.jar=61750:C:\Program Files\JetBrains\IntelliJ IDEA Community Edition 2022.1.1\bin -Dfile.encoding=UTF-8 
java_command: Main
java_class_path (initial): C:\Users\nitin\IdeaProjects\Renderer\out\production\Renderer;C:\Users\nitin\IdeaProjects\Renderer\lwjgl\lwjgl\lwjgl-natives-linux-arm32.jar;C:\Users\nitin\IdeaProjects\Renderer\lwjgl\lwjgl\lwjgl-natives-linux-arm64.jar;C:\Users\nitin\IdeaProjects\Renderer\lwjgl\lwjgl\lwjgl-natives-linux.jar;C:\Users\nitin\IdeaProjects\Renderer\lwjgl\lwjgl\lwjgl-natives-macos-arm64.jar;C:\Users\nitin\IdeaProjects\Renderer\lwjgl\lwjgl\lwjgl-natives-macos.jar;C:\Users\nitin\IdeaProjects\Renderer\lwjgl\lwjgl\lwjgl-natives-windows-arm64.jar;C:\Users\nitin\IdeaProjects\Renderer\lwjgl\lwjgl\lwjgl-natives-windows-x86.jar;C:\Users\nitin\IdeaProjects\Renderer\lwjgl\lwjgl\lwjgl-natives-windows.jar;C:\Users\nitin\IdeaProjects\Renderer\lwjgl\lwjgl\lwjgl.jar;C:\Users\nitin\IdeaProjects\Renderer\lwjgl\lwjgl-glfw\lwjgl-glfw-natives-linux-arm32.jar;C:\Users\nitin\IdeaProjects\Renderer\lwjgl\lwjgl-glfw\lwjgl-glfw-natives-linux-arm64.jar;C:\Users\nitin\IdeaProjects\Renderer\lwjgl\lwjgl-glfw\lwjgl-glfw-natives-linux.jar;C:\Users\nitin\IdeaProjects\Renderer\lwjgl\lwjgl-glfw\lwjgl-glfw-natives-macos-arm64.jar;C:\Users\nitin\IdeaProjects\Renderer\lwjgl\lwjgl-glfw\lwjgl-glfw-natives-macos.jar;C:\Users\nitin\IdeaProjects\Renderer\lwjgl\lwjgl-glfw\lwjgl-glfw-natives-windows-arm64.jar;C:\Users\nitin\IdeaProjects\Renderer\lwjgl\lwjgl-glfw\lwjgl-glfw-natives-windows-x86.jar;C:\Users\nitin\IdeaProjects\Renderer\lwjgl\lwjgl-glfw\lwjgl-glfw-natives-windows.jar;C:\Users\nitin\IdeaProjects\Renderer\lwjgl\lwjgl-glfw\lwjgl-glfw.jar;C:\Users\nitin\IdeaProjects\Renderer\lwjgl\lwjgl-opengl\lwjgl-opengl-natives-linux-arm32.jar;C:\Users\nitin\IdeaProjects\Renderer\lwjgl\lwjgl-opengl\lwjgl-opengl-natives-linux-arm64.jar;C:\Users\nitin\IdeaProjects\Renderer\lwjgl\lwjgl-opengl\lwjgl-opengl-natives-linux.jar;C:\Users\nitin\IdeaProjects\Renderer\lwjgl\lwjgl-opengl\lwjgl-opengl-natives-macos-arm64.jar;C:\Users\nitin\IdeaProjects\Renderer\lwjgl\lwjgl-opengl\lwjgl-opengl-natives-macos.jar;C:\Users\nitin\IdeaProjects\Renderer\lwjgl\lwjgl-opengl\lwjgl-opengl-natives-windows-arm64.jar;C:\Users\nitin\IdeaProjects\Renderer\lwjgl\lwjgl-opengl\lwjgl-opengl-natives-windows-x86.jar;C:\Users\nitin\IdeaProjects\Renderer\lwjgl\lwjgl-opengl\lwjgl-opengl-natives-windows.jar;C:\Users\nitin\IdeaProjects\Renderer\lwjgl\lwjgl-opengl\lwjgl-opengl.jar
Launcher Type: SUN_STANDARD

[Global flags]
     intx CICompilerCount                          = 12                                        {product} {ergonomic}
     uint ConcGCThreads                            = 4                                         {product} {ergonomic}
     uint G1ConcRefinementThreads                  = 15                                        {product} {ergonomic}
   size_t G1HeapRegionSize                         = 8388608                                   {product} {ergonomic}
    uintx GCDrainStackTargetSize                   = 64                                        {product} {ergonomic}
   size_t InitialHeapSize                          = 1073741824                                {product} {ergonomic}
   size_t MarkStackSize                            = 4194304                                   {product} {ergonomic}
   size_t MaxHeapSize                              = 17163091968                               {product} {ergonomic}
   size_t MaxNewSize                               = 10292822016                               {product} {ergonomic}
   size_t MinHeapDeltaBytes                        = 8388608                                   {product} {ergonomic}
   size_t MinHeapSize                              = 8388608                                   {product} {ergonomic}
    uintx NonNMethodCodeHeapSize                   = 7602480                                {pd product} {ergonomic}
    uintx NonProfiledCodeHeapSize                  = 122027880                              {pd product} {ergonomic}
    uintx ProfiledCodeHeapSize                     = 122027880                              {pd product} {ergonomic}
    uintx ReservedCodeCacheSize                    = 251658240                              {pd product} {ergonomic}
     bool SegmentedCodeCache                       = true                                      {product} {ergonomic}
   size_t SoftMaxHeapSize                          = 17163091968                            {manageable} {ergonomic}
     bool UseCompressedClassPointers               = true                           {product lp64_product} {ergonomic}
     bool UseCompressedOops                        = true                           {product lp64_product} {ergonomic}
     bool UseG1GC                                  = true                                      {product} {ergonomic}
     bool UseLargePagesIndividualAllocation        = false                                  {pd product} {ergonomic}

Logging:
Log output configuration:
 #0: stdout all=warning uptime,level,tags foldmultilines=false
 #1: stderr all=off uptime,level,tags foldmultilines=false

Environment Variables:
PATH=C:\Program Files (x86)\Common Files\Oracle\Java\javapath;C:\Windows\system32;C:\Windows;C:\Windows\System32\Wbem;C:\Windows\System32\WindowsPowerShell\v1.0\;C:\Windows\System32\OpenSSH\;C:\Program Files\NVIDIA Corporation\NVIDIA NvDLISR;C:\Program Files\dotnet\;C:\WINDOWS\system32;C:\WINDOWS;C:\WINDOWS\System32\Wbem;C:\WINDOWS\System32\WindowsPowerShell\v1.0\;C:\WINDOWS\System32\OpenSSH\;C:\Program Files (x86)\NVIDIA Corporation\PhysX\Common;C:\WINDOWS\system32;C:\WINDOWS;C:\WINDOWS\System32\Wbem;C:\WINDOWS\System32\WindowsPowerShell\v1.0\;C:\WINDOWS\System32\OpenSSH\;C:\Users\nitin\AppData\Local\Microsoft\WindowsApps;C:\Users\nitin\.dotnet\tools;
USERNAME=nitin
OS=Windows_NT
PROCESSOR_IDENTIFIER=Intel64 Family 6 Model 165 Stepping 5, GenuineIntel



---------------  S Y S T E M  ---------------

OS:
 Windows 11 , 64 bit Build 22621 (10.0.22621.1)
OS uptime: 6 days 12:56 hours

CPU: total 20 (initial active 20) (10 cores per cpu, 2 threads per core) family 6 model 165 stepping 5 microcode 0xe2, cx8, cmov, fxsr, ht, mmx, 3dnowpref, sse, sse2, sse3, ssse3, sse4.1, sse4.2, popcnt, lzcnt, tsc, tscinvbit, avx, avx2, aes, erms, clmul, bmi1, bmi2, adx, fma, vzeroupper, clflush, clflushopt

Memory: 4k page, system-wide physical 65457M (48350M free)
TotalPageFile size 75185M (AvailPageFile size 53546M)
current process WorkingSet (physical memory assigned to process): 50M, peak: 50M
current process commit charge ("private bytes"): 1163M, peak: 1163M

vm_info: OpenJDK 64-Bit Server VM (18.0.1.1+2-6) for windows-amd64 JRE (18.0.1.1+2-6), built on Apr 25 2022 21:50:56 by "mach5one" with MS VC++ 16.8 / 16.9 (VS2019)

END.
