#
# A fatal error has been detected by the Java Runtime Environment:
#
#  EXCEPTION_ACCESS_VIOLATION (0xc0000005) at pc=0x00007ff940fe1212, pid=5480, tid=15544
#
# JRE version: OpenJDK Runtime Environment (18.0.1.1+2) (build 18.0.1.1+2-6)
# Java VM: OpenJDK 64-Bit Server VM (18.0.1.1+2-6, mixed mode, sharing, tiered, compressed oops, compressed class ptrs, g1 gc, windows-amd64)
# Problematic frame:
# C  [glfw.dll+0x1212]
#
# No core dump will be written. Minidumps are not enabled by default on client versions of Windows
#
# If you would like to submit a bug report, please visit:
#   https://bugreport.java.com/bugreport/crash.jsp
# The crash happened outside the Java Virtual Machine in native code.
# See problematic frame for where to report the bug.
#

---------------  S U M M A R Y ------------

Command Line: -javaagent:C:\Program Files\JetBrains\IntelliJ IDEA Community Edition 2022.1.1\lib\idea_rt.jar=61598:C:\Program Files\JetBrains\IntelliJ IDEA Community Edition 2022.1.1\bin -Dfile.encoding=UTF-8 Main

Host: Intel(R) Core(TM) i9-10900K CPU @ 3.70GHz, 20 cores, 63G,  Windows 11 , 64 bit Build 22621 (10.0.22621.1)
Time: Tue May 24 01:50:18 2022 Pacific Daylight Time elapsed time: 0.131149 seconds (0d 0h 0m 0s)

---------------  T H R E A D  ---------------

Current thread (0x0000013d2fd2e300):  JavaThread "main" [_thread_in_native, id=15544, stack(0x0000000189e00000,0x0000000189f00000)]

Stack: [0x0000000189e00000,0x0000000189f00000],  sp=0x0000000189efed80,  free space=1019k
Native frames: (J=compiled Java code, j=interpreted, Vv=VM code, C=native code)
C  [glfw.dll+0x1212]

Java frames: (J=compiled Java code, j=interpreted, Vv=VM code)
j  org.lwjgl.system.JNI.invokePPPP(IIJJJJ)J+0
j  org.lwjgl.glfw.GLFW.nglfwCreateWindow(IIJJJ)J+14
j  org.lwjgl.glfw.GLFW.glfwCreateWindow(IILjava/lang/CharSequence;JJ)J+34
j  Main.main([Ljava/lang/String;)V+35
v  ~StubRoutines::call_stub

siginfo: EXCEPTION_ACCESS_VIOLATION (0xc0000005), reading address 0x000000000006020d


Register to memory mapping:

RIP=0x00007ff940fe1212 glfw.dll
RAX=0x0000000000060005 is an unknown value
RBX={method} {0x0000013d70cb2570} 'invokePPPP' '(IIJJJJ)J' in 'org/lwjgl/system/JNI'
RCX=0x0000000189efedd0 is pointing into the stack for thread: 0x0000013d2fd2e300
RDX=0x0000000189eff110 is pointing into the stack for thread: 0x0000013d2fd2e300
RSP=0x0000000189efed80 is pointing into the stack for thread: 0x0000013d2fd2e300
RBP=0x0000000189efeeb0 is pointing into the stack for thread: 0x0000013d2fd2e300
RSI=0x00000000000001e0 is an unknown value
RDI=0x0000000000000280 is an unknown value
R8 =0x0000013d749ed0d8 points into unknown readable memory: 0x0000640074736554 | 54 65 73 74 00 64 00 00
R9 =0x0000000000060005 is an unknown value
R10=0x0000000000060005 is an unknown value
R11=0x000000044013b6c8 is an oop: java.lang.Class 
{0x000000044013b6c8} - klass: 'java/lang/Class'
 - ---- fields (total size 14 words):
 - private volatile transient 'classRedefinedCount' 'I' @12  0
 - abstract internal 'klass' 'J' @16  34372399104 (c13000 8)
 - abstract internal 'array_klass' 'J' @24  0 (0 0)
 - abstract internal 'oop_size' 'I' @32  14 (e)
 - abstract internal 'static_oop_field_count' 'I' @36  0
 - private volatile transient 'cachedConstructor' 'Ljava/lang/reflect/Constructor;' @40  NULL (0)
 - private transient 'name' 'Ljava/lang/String;' @44  "org.lwjgl.system.JNI"{0x000000044013b748} (880276e9)
 - private transient 'module' 'Ljava/lang/Module;' @48  a 'java/lang/Module'{0x000000044086d578} (8810daaf)
 - private final 'classLoader' 'Ljava/lang/ClassLoader;' @52  a 'jdk/internal/loader/ClassLoaders$AppClassLoader'{0x000000044086d3b8} (8810da77)
 - private transient 'classData' 'Ljava/lang/Object;' @56  NULL (0)
 - private transient 'packageName' 'Ljava/lang/String;' @60  "org.lwjgl.system"{0x0000000440bb6bc8} (88176d79)
 - private final 'componentType' 'Ljava/lang/Class;' @64  NULL (0)
 - private volatile transient 'reflectionData' 'Ljava/lang/ref/SoftReference;' @68  NULL (0)
 - private volatile transient 'genericInfo' 'Lsun/reflect/generics/repository/ClassRepository;' @72  NULL (0)
 - private volatile transient 'enumConstants' '[Ljava/lang/Object;' @76  NULL (0)
 - private volatile transient 'enumConstantDirectory' 'Ljava/util/Map;' @80  NULL (0)
 - private volatile transient 'annotationData' 'Ljava/lang/Class$AnnotationData;' @84  NULL (0)
 - private volatile transient 'annotationType' 'Lsun/reflect/annotation/AnnotationType;' @88  NULL (0)
 - transient 'classValueMap' 'Ljava/lang/ClassValue$ClassValueMap;' @92  NULL (0)
 - abstract internal 'protection_domain' 'Ljava/lang/Object;' @96  a 'java/security/ProtectionDomain'{0x0000000440bba658} (881774cb)
 - abstract internal 'signers_name' 'Ljava/lang/Object;' @100  NULL (0)
 - abstract internal 'source_file' 'Ljava/lang/Object;' @104  NULL (0)
 - signature: Lorg/lwjgl/system/JNI;
 - ---- static fields (0):
R12=0x0 is NULL
R13={method} {0x0000013d70cb2570} 'invokePPPP' '(IIJJJJ)J' in 'org/lwjgl/system/JNI'
R14=0x0000000000060005 is an unknown value
R15=0x0000013d2fd2e300 is a thread


Registers:
RAX=0x0000000000060005, RBX=0x0000013d70cb2568, RCX=0x0000000189efedd0, RDX=0x0000000189eff110
RSP=0x0000000189efed80, RBP=0x0000000189efeeb0, RSI=0x00000000000001e0, RDI=0x0000000000000280
R8 =0x0000013d749ed0d8, R9 =0x0000000000060005, R10=0x0000000000060005, R11=0x000000044013b6c8
R12=0x0000000000000000, R13=0x0000013d70cb2568, R14=0x0000000000060005, R15=0x0000013d2fd2e300
RIP=0x00007ff940fe1212, EFLAGS=0x0000000000010202

Top of Stack: (sp=0x0000000189efed80)
0x0000000189efed80:   ffffffffffffffff 00000040ffffffff
0x0000000189efed90:   0000000189eff100 00007ff8e6542e70
0x0000000189efeda0:   0000000000000000 00007ff940fe6bc5
0x0000000189efedb0:   0000000189efedf0 0000000189eff1a0
0x0000000189efedc0:   0000013d2fd2e7d0 00007ff8e5dcc208
0x0000000189efedd0:   0003600100030001 0000000000000001
0x0000000189efede0:   0000000000000000 0000000000000000
0x0000000189efedf0:   0000000000000000 0000000000060005
0x0000000189efee00:   0000000000000000 0000013d3766af77
0x0000000189efee10:   000001e000000280 0000013d749ed0d8
0x0000000189efee20:   0000000100000001 0000000100000001
0x0000000189efee30:   0000000000000001 0000000100000000
0x0000000189efee40:   0000000000000001 0000000100000000
0x0000000189efee50:   0000000000000000 0000000000000000
0x0000000189efee60:   0000000000000000 0000000000000000
0x0000000189efee70:   0000000000000000 0000000000000000 

Instructions: (pc=0x00007ff940fe1212)
0x00007ff940fe1112:   74 0b 44 2b 5a e8 45 0f af db 41 03 c3 41 83 fa
0x00007ff940fe1122:   ff 74 0b 44 2b 52 ec 45 0f af d2 41 03 c2 41 8b
0x00007ff940fe1132:   49 18 83 f9 ff 74 08 2b 4a f0 0f af c9 03 c1 41
0x00007ff940fe1142:   8b 49 1c 83 f9 ff 74 08 2b 4a f4 0f af c9 03 c1
0x00007ff940fe1152:   41 8b 49 20 83 f9 ff 74 08 2b 4a f8 0f af c9 03
0x00007ff940fe1162:   c1 41 8b 49 24 83 f9 ff 74 08 2b 4a fc 0f af c9
0x00007ff940fe1172:   03 c1 83 fb ff 74 08 2b 5a 08 0f af db 03 c3 41
0x00007ff940fe1182:   83 79 34 00 74 08 83 7a 0c 00 75 02 ff c0 41 3b
0x00007ff940fe1192:   f6 73 06 48 8d 6a d8 eb 1d 75 12 45 3b c7 72 07
0x00007ff940fe11a2:   75 0b 41 3b c4 73 06 48 8d 6a d8 eb 09 48 8d 4a
0x00007ff940fe11b2:   d8 48 3b cd 75 09 44 8b f6 45 8b f8 44 8b e0 b8
0x00007ff940fe11c2:   01 00 00 00 48 83 c2 48 49 83 ed 01 0f 85 7c fe
0x00007ff940fe11d2:   ff ff 4c 8b 6c 24 40 48 8b 7c 24 38 48 8b 74 24
0x00007ff940fe11e2:   30 48 8b 5c 24 28 48 8b c5 41 5f 41 5e 41 5c 5d
0x00007ff940fe11f2:   c3 cc cc cc cc cc cc cc cc cc cc cc cc cc 48 83
0x00007ff940fe1202:   ec 28 48 8b 41 28 48 85 c0 74 21 83 39 00 74 09
0x00007ff940fe1212:   83 b8 08 02 00 00 00 75 13 33 d2 b9 0a 00 01 00
0x00007ff940fe1222:   e8 09 0c 00 00 33 c0 48 83 c4 28 c3 44 8b 41 04
0x00007ff940fe1232:   41 8d 80 ff 9f fc ff 83 f8 02 76 18 48 8d 15 eb
0x00007ff940fe1242:   a3 02 00 b9 03 00 01 00 e8 e1 0b 00 00 33 c0 48
0x00007ff940fe1252:   83 c4 28 c3 44 8b 01 45 85 c0 74 4a 41 81 f8 01
0x00007ff940fe1262:   00 03 00 0f 84 98 00 00 00 41 81 f8 02 00 03 00
0x00007ff940fe1272:   74 18 48 8d 15 dd a3 02 00 b9 03 00 01 00 e8 ab
0x00007ff940fe1282:   0b 00 00 33 c0 48 83 c4 28 c3 44 8b 41 08 41 83
0x00007ff940fe1292:   f8 01 7c 51 8b 41 0c 85 c0 78 4a 41 83 f8 01 75
0x00007ff940fe12a2:   3a 41 3b c0 7f 3f 44 8b 41 20 45 85 c0 0f 84 2d
0x00007ff940fe12b2:   01 00 00 41 8d 80 ff ef fc ff 83 f8 01 0f 86 1d
0x00007ff940fe12c2:   01 00 00 48 8d 15 ac a4 02 00 b9 03 00 01 00 e8
0x00007ff940fe12d2:   5a 0b 00 00 33 c0 48 83 c4 28 c3 41 83 f8 02 75
0x00007ff940fe12e2:   c5 85 c0 7e c1 44 8b 49 0c 48 8d 15 66 a4 02 00
0x00007ff940fe12f2:   b9 04 00 01 00 e8 34 0b 00 00 33 c0 48 83 c4 28
0x00007ff940fe1302:   c3 44 8b 41 08 41 83 f8 01 0f 8c b5 00 00 00 8b 


Stack slot to memory mapping:
stack at sp + 0 slots: 0xffffffffffffffff is an unknown value
stack at sp + 1 slots: 0x00000040ffffffff is an unknown value
stack at sp + 2 slots: 0x0000000189eff100 is pointing into the stack for thread: 0x0000013d2fd2e300
stack at sp + 3 slots: 0x00007ff8e6542e70 jvm.dll
stack at sp + 4 slots: 0x0 is NULL
stack at sp + 5 slots: 0x00007ff940fe6bc5 glfw.dll
stack at sp + 6 slots: 0x0000000189efedf0 is pointing into the stack for thread: 0x0000013d2fd2e300
stack at sp + 7 slots: 0x0000000189eff1a0 is pointing into the stack for thread: 0x0000013d2fd2e300


---------------  P R O C E S S  ---------------

Threads class SMR info:
_java_thread_list=0x0000013d70619670, length=15, elements={
0x0000013d2fd2e300, 0x0000013d703e9610, 0x0000013d703e9fb0, 0x0000013d70404f90,
0x0000013d70405930, 0x0000013d704062d0, 0x0000013d70406c70, 0x0000013d70407940,
0x0000013d7040a960, 0x0000013d7040f660, 0x0000013d704e4210, 0x0000013d70515a00,
0x0000013d70515f00, 0x0000013d706f68b0, 0x0000013d706f7d80
}

Java Threads: ( => current thread )
=>0x0000013d2fd2e300 JavaThread "main" [_thread_in_native, id=15544, stack(0x0000000189e00000,0x0000000189f00000)]
  0x0000013d703e9610 JavaThread "Reference Handler" daemon [_thread_blocked, id=1316, stack(0x000000018a500000,0x000000018a600000)]
  0x0000013d703e9fb0 JavaThread "Finalizer" daemon [_thread_blocked, id=24188, stack(0x000000018a600000,0x000000018a700000)]
  0x0000013d70404f90 JavaThread "Signal Dispatcher" daemon [_thread_blocked, id=812, stack(0x000000018a700000,0x000000018a800000)]
  0x0000013d70405930 JavaThread "Attach Listener" daemon [_thread_blocked, id=11652, stack(0x000000018a800000,0x000000018a900000)]
  0x0000013d704062d0 JavaThread "Service Thread" daemon [_thread_blocked, id=1936, stack(0x000000018a900000,0x000000018aa00000)]
  0x0000013d70406c70 JavaThread "Monitor Deflation Thread" daemon [_thread_blocked, id=9756, stack(0x000000018aa00000,0x000000018ab00000)]
  0x0000013d70407940 JavaThread "C2 CompilerThread0" daemon [_thread_blocked, id=29888, stack(0x000000018ab00000,0x000000018ac00000)]
  0x0000013d7040a960 JavaThread "C1 CompilerThread0" daemon [_thread_blocked, id=12568, stack(0x000000018ac00000,0x000000018ad00000)]
  0x0000013d7040f660 JavaThread "Sweeper thread" daemon [_thread_blocked, id=12948, stack(0x000000018ad00000,0x000000018ae00000)]
  0x0000013d704e4210 JavaThread "Common-Cleaner" daemon [_thread_blocked, id=29932, stack(0x000000018ae00000,0x000000018af00000)]
  0x0000013d70515a00 JavaThread "C1 CompilerThread1" daemon [_thread_blocked, id=22936, stack(0x000000018af00000,0x000000018b000000)]
  0x0000013d70515f00 JavaThread "C1 CompilerThread2" daemon [_thread_blocked, id=10004, stack(0x000000018b000000,0x000000018b100000)]
  0x0000013d706f68b0 JavaThread "Monitor Ctrl-Break" daemon [_thread_in_native, id=29848, stack(0x000000018b100000,0x000000018b200000)]
  0x0000013d706f7d80 JavaThread "Notification Thread" daemon [_thread_blocked, id=21164, stack(0x000000018b200000,0x000000018b300000)]

Other Threads:
  0x0000013d6d201c40 VMThread "VM Thread" [stack: 0x000000018a400000,0x000000018a500000] [id=2676]
  0x0000013d706f37b0 WatcherThread "VM Periodic Task Thread" [stack: 0x000000018b300000,0x000000018b400000] [id=10160]
  0x0000013d6d1e0820 WorkerThread "GC Thread#0" [stack: 0x0000000189f00000,0x000000018a000000] [id=9360]
  0x0000013d2fdeda00 ConcurrentGCThread "G1 Main Marker" [stack: 0x000000018a000000,0x000000018a100000] [id=11220]
  0x0000013d2fdeeb90 WorkerThread "G1 Conc#0" [stack: 0x000000018a100000,0x000000018a200000] [id=27316]
  0x0000013d6d258730 ConcurrentGCThread "G1 Refine#0" [stack: 0x000000018a200000,0x000000018a300000] [id=9320]
  0x0000013d6d258ee0 ConcurrentGCThread "G1 Service" [stack: 0x000000018a300000,0x000000018a400000] [id=22712]

Threads with active compile tasks:

VM state: not at safepoint (normal execution)

VM Mutex/Monitor currently owned by a thread: None

Heap address: 0x0000000401000000, size: 16368 MB, Compressed Oops mode: Zero based, Oop shift amount: 3

CDS archive(s) mapped at: [0x0000000800000000-0x0000000800b90000-0x0000000800b90000), size 12124160, SharedBaseAddress: 0x0000000800000000, ArchiveRelocationMode: 0.
Compressed class space mapped at: 0x0000000800c00000-0x0000000840c00000, reserved size: 1073741824
Narrow klass base: 0x0000000800000000, Narrow klass shift: 0, Narrow klass range: 0x100000000

GC Precious Log:
 CardTable entry size: 512
 Card Set container configuration: InlinePtr #cards 4 size 8 Array Of Cards #cards 64 size 144 Howl #buckets 8 coarsen threshold 14745 Howl Bitmap #cards 2048 size 272 coarsen threshold 1843 Card regions per heap region 1 cards per card region 16384
 CPUs: 20 total, 20 available
 Memory: 65457M
 Large Page Support: Disabled
 NUMA Support: Disabled
 Compressed Oops: Enabled (Zero based)
 Heap Region Size: 8M
 Heap Min Capacity: 8M
 Heap Initial Capacity: 1G
 Heap Max Capacity: 16368M
 Pre-touch: Disabled
 Parallel Workers: 15
 Concurrent Workers: 4
 Concurrent Refinement Workers: 15
 Periodic GC: Disabled

Heap:
 garbage-first heap   total 1048576K, used 8192K [0x0000000401000000, 0x0000000800000000)
  region size 8192K, 2 young (16384K), 0 survivors (0K)
 Metaspace       used 2414K, committed 2560K, reserved 1114112K
  class space    used 177K, committed 256K, reserved 1048576K

Heap Regions: E=young(eden), S=young(survivor), O=old, HS=humongous(starts), HC=humongous(continues), CS=collection set, F=free, OA=open archive, CA=closed archive, TAMS=top-at-mark-start (previous, next)
|   0|0x0000000401000000, 0x0000000401000000, 0x0000000401800000|  0%| F|  |TAMS 0x0000000401000000, 0x0000000401000000| Untracked 
|   1|0x0000000401800000, 0x0000000401800000, 0x0000000402000000|  0%| F|  |TAMS 0x0000000401800000, 0x0000000401800000| Untracked 
|   2|0x0000000402000000, 0x0000000402000000, 0x0000000402800000|  0%| F|  |TAMS 0x0000000402000000, 0x0000000402000000| Untracked 
|   3|0x0000000402800000, 0x0000000402800000, 0x0000000403000000|  0%| F|  |TAMS 0x0000000402800000, 0x0000000402800000| Untracked 
|   4|0x0000000403000000, 0x0000000403000000, 0x0000000403800000|  0%| F|  |TAMS 0x0000000403000000, 0x0000000403000000| Untracked 
|   5|0x0000000403800000, 0x0000000403800000, 0x0000000404000000|  0%| F|  |TAMS 0x0000000403800000, 0x0000000403800000| Untracked 
|   6|0x0000000404000000, 0x0000000404000000, 0x0000000404800000|  0%| F|  |TAMS 0x0000000404000000, 0x0000000404000000| Untracked 
|   7|0x0000000404800000, 0x0000000404800000, 0x0000000405000000|  0%| F|  |TAMS 0x0000000404800000, 0x0000000404800000| Untracked 
|   8|0x0000000405000000, 0x0000000405000000, 0x0000000405800000|  0%| F|  |TAMS 0x0000000405000000, 0x0000000405000000| Untracked 
|   9|0x0000000405800000, 0x0000000405800000, 0x0000000406000000|  0%| F|  |TAMS 0x0000000405800000, 0x0000000405800000| Untracked 
|  10|0x0000000406000000, 0x0000000406000000, 0x0000000406800000|  0%| F|  |TAMS 0x0000000406000000, 0x0000000406000000| Untracked 
|  11|0x0000000406800000, 0x0000000406800000, 0x0000000407000000|  0%| F|  |TAMS 0x0000000406800000, 0x0000000406800000| Untracked 
|  12|0x0000000407000000, 0x0000000407000000, 0x0000000407800000|  0%| F|  |TAMS 0x0000000407000000, 0x0000000407000000| Untracked 
|  13|0x0000000407800000, 0x0000000407800000, 0x0000000408000000|  0%| F|  |TAMS 0x0000000407800000, 0x0000000407800000| Untracked 
|  14|0x0000000408000000, 0x0000000408000000, 0x0000000408800000|  0%| F|  |TAMS 0x0000000408000000, 0x0000000408000000| Untracked 
|  15|0x0000000408800000, 0x0000000408800000, 0x0000000409000000|  0%| F|  |TAMS 0x0000000408800000, 0x0000000408800000| Untracked 
|  16|0x0000000409000000, 0x0000000409000000, 0x0000000409800000|  0%| F|  |TAMS 0x0000000409000000, 0x0000000409000000| Untracked 
|  17|0x0000000409800000, 0x0000000409800000, 0x000000040a000000|  0%| F|  |TAMS 0x0000000409800000, 0x0000000409800000| Untracked 
|  18|0x000000040a000000, 0x000000040a000000, 0x000000040a800000|  0%| F|  |TAMS 0x000000040a000000, 0x000000040a000000| Untracked 
|  19|0x000000040a800000, 0x000000040a800000, 0x000000040b000000|  0%| F|  |TAMS 0x000000040a800000, 0x000000040a800000| Untracked 
|  20|0x000000040b000000, 0x000000040b000000, 0x000000040b800000|  0%| F|  |TAMS 0x000000040b000000, 0x000000040b000000| Untracked 
|  21|0x000000040b800000, 0x000000040b800000, 0x000000040c000000|  0%| F|  |TAMS 0x000000040b800000, 0x000000040b800000| Untracked 
|  22|0x000000040c000000, 0x000000040c000000, 0x000000040c800000|  0%| F|  |TAMS 0x000000040c000000, 0x000000040c000000| Untracked 
|  23|0x000000040c800000, 0x000000040c800000, 0x000000040d000000|  0%| F|  |TAMS 0x000000040c800000, 0x000000040c800000| Untracked 
|  24|0x000000040d000000, 0x000000040d000000, 0x000000040d800000|  0%| F|  |TAMS 0x000000040d000000, 0x000000040d000000| Untracked 
|  25|0x000000040d800000, 0x000000040d800000, 0x000000040e000000|  0%| F|  |TAMS 0x000000040d800000, 0x000000040d800000| Untracked 
|  26|0x000000040e000000, 0x000000040e000000, 0x000000040e800000|  0%| F|  |TAMS 0x000000040e000000, 0x000000040e000000| Untracked 
|  27|0x000000040e800000, 0x000000040e800000, 0x000000040f000000|  0%| F|  |TAMS 0x000000040e800000, 0x000000040e800000| Untracked 
|  28|0x000000040f000000, 0x000000040f000000, 0x000000040f800000|  0%| F|  |TAMS 0x000000040f000000, 0x000000040f000000| Untracked 
|  29|0x000000040f800000, 0x000000040f800000, 0x0000000410000000|  0%| F|  |TAMS 0x000000040f800000, 0x000000040f800000| Untracked 
|  30|0x0000000410000000, 0x0000000410000000, 0x0000000410800000|  0%| F|  |TAMS 0x0000000410000000, 0x0000000410000000| Untracked 
|  31|0x0000000410800000, 0x0000000410800000, 0x0000000411000000|  0%| F|  |TAMS 0x0000000410800000, 0x0000000410800000| Untracked 
|  32|0x0000000411000000, 0x0000000411000000, 0x0000000411800000|  0%| F|  |TAMS 0x0000000411000000, 0x0000000411000000| Untracked 
|  33|0x0000000411800000, 0x0000000411800000, 0x0000000412000000|  0%| F|  |TAMS 0x0000000411800000, 0x0000000411800000| Untracked 
|  34|0x0000000412000000, 0x0000000412000000, 0x0000000412800000|  0%| F|  |TAMS 0x0000000412000000, 0x0000000412000000| Untracked 
|  35|0x0000000412800000, 0x0000000412800000, 0x0000000413000000|  0%| F|  |TAMS 0x0000000412800000, 0x0000000412800000| Untracked 
|  36|0x0000000413000000, 0x0000000413000000, 0x0000000413800000|  0%| F|  |TAMS 0x0000000413000000, 0x0000000413000000| Untracked 
|  37|0x0000000413800000, 0x0000000413800000, 0x0000000414000000|  0%| F|  |TAMS 0x0000000413800000, 0x0000000413800000| Untracked 
|  38|0x0000000414000000, 0x0000000414000000, 0x0000000414800000|  0%| F|  |TAMS 0x0000000414000000, 0x0000000414000000| Untracked 
|  39|0x0000000414800000, 0x0000000414800000, 0x0000000415000000|  0%| F|  |TAMS 0x0000000414800000, 0x0000000414800000| Untracked 
|  40|0x0000000415000000, 0x0000000415000000, 0x0000000415800000|  0%| F|  |TAMS 0x0000000415000000, 0x0000000415000000| Untracked 
|  41|0x0000000415800000, 0x0000000415800000, 0x0000000416000000|  0%| F|  |TAMS 0x0000000415800000, 0x0000000415800000| Untracked 
|  42|0x0000000416000000, 0x0000000416000000, 0x0000000416800000|  0%| F|  |TAMS 0x0000000416000000, 0x0000000416000000| Untracked 
|  43|0x0000000416800000, 0x0000000416800000, 0x0000000417000000|  0%| F|  |TAMS 0x0000000416800000, 0x0000000416800000| Untracked 
|  44|0x0000000417000000, 0x0000000417000000, 0x0000000417800000|  0%| F|  |TAMS 0x0000000417000000, 0x0000000417000000| Untracked 
|  45|0x0000000417800000, 0x0000000417800000, 0x0000000418000000|  0%| F|  |TAMS 0x0000000417800000, 0x0000000417800000| Untracked 
|  46|0x0000000418000000, 0x0000000418000000, 0x0000000418800000|  0%| F|  |TAMS 0x0000000418000000, 0x0000000418000000| Untracked 
|  47|0x0000000418800000, 0x0000000418800000, 0x0000000419000000|  0%| F|  |TAMS 0x0000000418800000, 0x0000000418800000| Untracked 
|  48|0x0000000419000000, 0x0000000419000000, 0x0000000419800000|  0%| F|  |TAMS 0x0000000419000000, 0x0000000419000000| Untracked 
|  49|0x0000000419800000, 0x0000000419800000, 0x000000041a000000|  0%| F|  |TAMS 0x0000000419800000, 0x0000000419800000| Untracked 
|  50|0x000000041a000000, 0x000000041a000000, 0x000000041a800000|  0%| F|  |TAMS 0x000000041a000000, 0x000000041a000000| Untracked 
|  51|0x000000041a800000, 0x000000041a800000, 0x000000041b000000|  0%| F|  |TAMS 0x000000041a800000, 0x000000041a800000| Untracked 
|  52|0x000000041b000000, 0x000000041b000000, 0x000000041b800000|  0%| F|  |TAMS 0x000000041b000000, 0x000000041b000000| Untracked 
|  53|0x000000041b800000, 0x000000041b800000, 0x000000041c000000|  0%| F|  |TAMS 0x000000041b800000, 0x000000041b800000| Untracked 
|  54|0x000000041c000000, 0x000000041c000000, 0x000000041c800000|  0%| F|  |TAMS 0x000000041c000000, 0x000000041c000000| Untracked 
|  55|0x000000041c800000, 0x000000041c800000, 0x000000041d000000|  0%| F|  |TAMS 0x000000041c800000, 0x000000041c800000| Untracked 
|  56|0x000000041d000000, 0x000000041d000000, 0x000000041d800000|  0%| F|  |TAMS 0x000000041d000000, 0x000000041d000000| Untracked 
|  57|0x000000041d800000, 0x000000041d800000, 0x000000041e000000|  0%| F|  |TAMS 0x000000041d800000, 0x000000041d800000| Untracked 
|  58|0x000000041e000000, 0x000000041e000000, 0x000000041e800000|  0%| F|  |TAMS 0x000000041e000000, 0x000000041e000000| Untracked 
|  59|0x000000041e800000, 0x000000041e800000, 0x000000041f000000|  0%| F|  |TAMS 0x000000041e800000, 0x000000041e800000| Untracked 
|  60|0x000000041f000000, 0x000000041f000000, 0x000000041f800000|  0%| F|  |TAMS 0x000000041f000000, 0x000000041f000000| Untracked 
|  61|0x000000041f800000, 0x000000041f800000, 0x0000000420000000|  0%| F|  |TAMS 0x000000041f800000, 0x000000041f800000| Untracked 
|  62|0x0000000420000000, 0x0000000420000000, 0x0000000420800000|  0%| F|  |TAMS 0x0000000420000000, 0x0000000420000000| Untracked 
|  63|0x0000000420800000, 0x0000000420800000, 0x0000000421000000|  0%| F|  |TAMS 0x0000000420800000, 0x0000000420800000| Untracked 
|  64|0x0000000421000000, 0x0000000421000000, 0x0000000421800000|  0%| F|  |TAMS 0x0000000421000000, 0x0000000421000000| Untracked 
|  65|0x0000000421800000, 0x0000000421800000, 0x0000000422000000|  0%| F|  |TAMS 0x0000000421800000, 0x0000000421800000| Untracked 
|  66|0x0000000422000000, 0x0000000422000000, 0x0000000422800000|  0%| F|  |TAMS 0x0000000422000000, 0x0000000422000000| Untracked 
|  67|0x0000000422800000, 0x0000000422800000, 0x0000000423000000|  0%| F|  |TAMS 0x0000000422800000, 0x0000000422800000| Untracked 
|  68|0x0000000423000000, 0x0000000423000000, 0x0000000423800000|  0%| F|  |TAMS 0x0000000423000000, 0x0000000423000000| Untracked 
|  69|0x0000000423800000, 0x0000000423800000, 0x0000000424000000|  0%| F|  |TAMS 0x0000000423800000, 0x0000000423800000| Untracked 
|  70|0x0000000424000000, 0x0000000424000000, 0x0000000424800000|  0%| F|  |TAMS 0x0000000424000000, 0x0000000424000000| Untracked 
|  71|0x0000000424800000, 0x0000000424800000, 0x0000000425000000|  0%| F|  |TAMS 0x0000000424800000, 0x0000000424800000| Untracked 
|  72|0x0000000425000000, 0x0000000425000000, 0x0000000425800000|  0%| F|  |TAMS 0x0000000425000000, 0x0000000425000000| Untracked 
|  73|0x0000000425800000, 0x0000000425800000, 0x0000000426000000|  0%| F|  |TAMS 0x0000000425800000, 0x0000000425800000| Untracked 
|  74|0x0000000426000000, 0x0000000426000000, 0x0000000426800000|  0%| F|  |TAMS 0x0000000426000000, 0x0000000426000000| Untracked 
|  75|0x0000000426800000, 0x0000000426800000, 0x0000000427000000|  0%| F|  |TAMS 0x0000000426800000, 0x0000000426800000| Untracked 
|  76|0x0000000427000000, 0x0000000427000000, 0x0000000427800000|  0%| F|  |TAMS 0x0000000427000000, 0x0000000427000000| Untracked 
|  77|0x0000000427800000, 0x0000000427800000, 0x0000000428000000|  0%| F|  |TAMS 0x0000000427800000, 0x0000000427800000| Untracked 
|  78|0x0000000428000000, 0x0000000428000000, 0x0000000428800000|  0%| F|  |TAMS 0x0000000428000000, 0x0000000428000000| Untracked 
|  79|0x0000000428800000, 0x0000000428800000, 0x0000000429000000|  0%| F|  |TAMS 0x0000000428800000, 0x0000000428800000| Untracked 
|  80|0x0000000429000000, 0x0000000429000000, 0x0000000429800000|  0%| F|  |TAMS 0x0000000429000000, 0x0000000429000000| Untracked 
|  81|0x0000000429800000, 0x0000000429800000, 0x000000042a000000|  0%| F|  |TAMS 0x0000000429800000, 0x0000000429800000| Untracked 
|  82|0x000000042a000000, 0x000000042a000000, 0x000000042a800000|  0%| F|  |TAMS 0x000000042a000000, 0x000000042a000000| Untracked 
|  83|0x000000042a800000, 0x000000042a800000, 0x000000042b000000|  0%| F|  |TAMS 0x000000042a800000, 0x000000042a800000| Untracked 
|  84|0x000000042b000000, 0x000000042b000000, 0x000000042b800000|  0%| F|  |TAMS 0x000000042b000000, 0x000000042b000000| Untracked 
|  85|0x000000042b800000, 0x000000042b800000, 0x000000042c000000|  0%| F|  |TAMS 0x000000042b800000, 0x000000042b800000| Untracked 
|  86|0x000000042c000000, 0x000000042c000000, 0x000000042c800000|  0%| F|  |TAMS 0x000000042c000000, 0x000000042c000000| Untracked 
|  87|0x000000042c800000, 0x000000042c800000, 0x000000042d000000|  0%| F|  |TAMS 0x000000042c800000, 0x000000042c800000| Untracked 
|  88|0x000000042d000000, 0x000000042d000000, 0x000000042d800000|  0%| F|  |TAMS 0x000000042d000000, 0x000000042d000000| Untracked 
|  89|0x000000042d800000, 0x000000042d800000, 0x000000042e000000|  0%| F|  |TAMS 0x000000042d800000, 0x000000042d800000| Untracked 
|  90|0x000000042e000000, 0x000000042e000000, 0x000000042e800000|  0%| F|  |TAMS 0x000000042e000000, 0x000000042e000000| Untracked 
|  91|0x000000042e800000, 0x000000042e800000, 0x000000042f000000|  0%| F|  |TAMS 0x000000042e800000, 0x000000042e800000| Untracked 
|  92|0x000000042f000000, 0x000000042f000000, 0x000000042f800000|  0%| F|  |TAMS 0x000000042f000000, 0x000000042f000000| Untracked 
|  93|0x000000042f800000, 0x000000042f800000, 0x0000000430000000|  0%| F|  |TAMS 0x000000042f800000, 0x000000042f800000| Untracked 
|  94|0x0000000430000000, 0x0000000430000000, 0x0000000430800000|  0%| F|  |TAMS 0x0000000430000000, 0x0000000430000000| Untracked 
|  95|0x0000000430800000, 0x0000000430800000, 0x0000000431000000|  0%| F|  |TAMS 0x0000000430800000, 0x0000000430800000| Untracked 
|  96|0x0000000431000000, 0x0000000431000000, 0x0000000431800000|  0%| F|  |TAMS 0x0000000431000000, 0x0000000431000000| Untracked 
|  97|0x0000000431800000, 0x0000000431800000, 0x0000000432000000|  0%| F|  |TAMS 0x0000000431800000, 0x0000000431800000| Untracked 
|  98|0x0000000432000000, 0x0000000432000000, 0x0000000432800000|  0%| F|  |TAMS 0x0000000432000000, 0x0000000432000000| Untracked 
|  99|0x0000000432800000, 0x0000000432800000, 0x0000000433000000|  0%| F|  |TAMS 0x0000000432800000, 0x0000000432800000| Untracked 
| 100|0x0000000433000000, 0x0000000433000000, 0x0000000433800000|  0%| F|  |TAMS 0x0000000433000000, 0x0000000433000000| Untracked 
| 101|0x0000000433800000, 0x0000000433800000, 0x0000000434000000|  0%| F|  |TAMS 0x0000000433800000, 0x0000000433800000| Untracked 
| 102|0x0000000434000000, 0x0000000434000000, 0x0000000434800000|  0%| F|  |TAMS 0x0000000434000000, 0x0000000434000000| Untracked 
| 103|0x0000000434800000, 0x0000000434800000, 0x0000000435000000|  0%| F|  |TAMS 0x0000000434800000, 0x0000000434800000| Untracked 
| 104|0x0000000435000000, 0x0000000435000000, 0x0000000435800000|  0%| F|  |TAMS 0x0000000435000000, 0x0000000435000000| Untracked 
| 105|0x0000000435800000, 0x0000000435800000, 0x0000000436000000|  0%| F|  |TAMS 0x0000000435800000, 0x0000000435800000| Untracked 
| 106|0x0000000436000000, 0x0000000436000000, 0x0000000436800000|  0%| F|  |TAMS 0x0000000436000000, 0x0000000436000000| Untracked 
| 107|0x0000000436800000, 0x0000000436800000, 0x0000000437000000|  0%| F|  |TAMS 0x0000000436800000, 0x0000000436800000| Untracked 
| 108|0x0000000437000000, 0x0000000437000000, 0x0000000437800000|  0%| F|  |TAMS 0x0000000437000000, 0x0000000437000000| Untracked 
| 109|0x0000000437800000, 0x0000000437800000, 0x0000000438000000|  0%| F|  |TAMS 0x0000000437800000, 0x0000000437800000| Untracked 
| 110|0x0000000438000000, 0x0000000438000000, 0x0000000438800000|  0%| F|  |TAMS 0x0000000438000000, 0x0000000438000000| Untracked 
| 111|0x0000000438800000, 0x0000000438800000, 0x0000000439000000|  0%| F|  |TAMS 0x0000000438800000, 0x0000000438800000| Untracked 
| 112|0x0000000439000000, 0x0000000439000000, 0x0000000439800000|  0%| F|  |TAMS 0x0000000439000000, 0x0000000439000000| Untracked 
| 113|0x0000000439800000, 0x0000000439800000, 0x000000043a000000|  0%| F|  |TAMS 0x0000000439800000, 0x0000000439800000| Untracked 
| 114|0x000000043a000000, 0x000000043a000000, 0x000000043a800000|  0%| F|  |TAMS 0x000000043a000000, 0x000000043a000000| Untracked 
| 115|0x000000043a800000, 0x000000043a800000, 0x000000043b000000|  0%| F|  |TAMS 0x000000043a800000, 0x000000043a800000| Untracked 
| 116|0x000000043b000000, 0x000000043b000000, 0x000000043b800000|  0%| F|  |TAMS 0x000000043b000000, 0x000000043b000000| Untracked 
| 117|0x000000043b800000, 0x000000043b800000, 0x000000043c000000|  0%| F|  |TAMS 0x000000043b800000, 0x000000043b800000| Untracked 
| 118|0x000000043c000000, 0x000000043c000000, 0x000000043c800000|  0%| F|  |TAMS 0x000000043c000000, 0x000000043c000000| Untracked 
| 119|0x000000043c800000, 0x000000043c800000, 0x000000043d000000|  0%| F|  |TAMS 0x000000043c800000, 0x000000043c800000| Untracked 
| 120|0x000000043d000000, 0x000000043d000000, 0x000000043d800000|  0%| F|  |TAMS 0x000000043d000000, 0x000000043d000000| Untracked 
| 121|0x000000043d800000, 0x000000043d800000, 0x000000043e000000|  0%| F|  |TAMS 0x000000043d800000, 0x000000043d800000| Untracked 
| 122|0x000000043e000000, 0x000000043e000000, 0x000000043e800000|  0%| F|  |TAMS 0x000000043e000000, 0x000000043e000000| Untracked 
| 123|0x000000043e800000, 0x000000043e800000, 0x000000043f000000|  0%| F|  |TAMS 0x000000043e800000, 0x000000043e800000| Untracked 
| 124|0x000000043f000000, 0x000000043f000000, 0x000000043f800000|  0%| F|  |TAMS 0x000000043f000000, 0x000000043f000000| Untracked 
| 125|0x000000043f800000, 0x000000043f800000, 0x0000000440000000|  0%| F|  |TAMS 0x000000043f800000, 0x000000043f800000| Untracked 
| 126|0x0000000440000000, 0x00000004401ed180, 0x0000000440800000| 24%| E|  |TAMS 0x0000000440000000, 0x0000000440000000| Complete 
| 127|0x0000000440800000, 0x0000000441000000, 0x0000000441000000|100%| E|CS|TAMS 0x0000000440800000, 0x0000000440800000| Complete 

Card table byte_map: [0x0000013d49110000,0x0000013d4b110000] _byte_map_base: 0x0000013d47108000

Marking Bits (Prev, Next): (CMBitMap*) 0x0000013d2fde5110, (CMBitMap*) 0x0000013d2fde5150
 Prev Bits: [0x0000013d4d110000, 0x0000013d5d0d0000)
 Next Bits: [0x0000013d5d0d0000, 0x0000013d6d090000)

Polling page: 0x0000013d2dc00000

Metaspace:

Usage:
  Non-class:      2.18 MB used.
      Class:    177.53 KB used.
       Both:      2.36 MB used.

Virtual space:
  Non-class space:       64.00 MB reserved,       2.25 MB (  4%) committed,  1 nodes.
      Class space:        1.00 GB reserved,     256.00 KB ( <1%) committed,  1 nodes.
             Both:        1.06 GB reserved,       2.50 MB ( <1%) committed. 

Chunk freelists:
   Non-Class:  3.09 MB
       Class:  3.66 MB
        Both:  6.75 MB

MaxMetaspaceSize: unlimited
CompressedClassSpaceSize: 1.00 GB
Initial GC threshold: 21.00 MB
Current GC threshold: 21.00 MB
CDS: on
MetaspaceReclaimPolicy: balanced
 - commit_granule_bytes: 65536.
 - commit_granule_words: 8192.
 - virtual_space_node_default_size: 8388608.
 - enlarge_chunks_in_place: 1.
 - new_chunks_are_fully_committed: 0.
 - uncommit_free_chunks: 1.
 - use_allocation_guard: 0.


Internal statistics:

num_allocs_failed_limit: 0.
num_arena_births: 78.
num_arena_deaths: 0.
num_vsnodes_births: 2.
num_vsnodes_deaths: 0.
num_space_committed: 40.
num_space_uncommitted: 0.
num_chunks_returned_to_freelist: 0.
num_chunks_taken_from_freelist: 139.
num_chunk_merges: 0.
num_chunk_splits: 81.
num_chunks_enlarged: 52.
num_inconsistent_stats: 0.

CodeHeap 'non-profiled nmethods': size=119168Kb used=158Kb max_used=158Kb free=119009Kb
 bounds [0x0000013d3f200000, 0x0000013d3f470000, 0x0000013d46660000]
CodeHeap 'profiled nmethods': size=119104Kb used=821Kb max_used=821Kb free=118283Kb
 bounds [0x0000013d37db0000, 0x0000013d38020000, 0x0000013d3f200000]
CodeHeap 'non-nmethods': size=7488Kb used=2661Kb max_used=2661Kb free=4826Kb
 bounds [0x0000013d37660000, 0x0000013d37900000, 0x0000013d37db0000]
 total_blobs=1506 nmethods=572 adapters=845
 compilation: enabled
              stopped_count=0, restarted_count=0
 full_count=0

Compilation events (20 events):
Event: 0.118 Thread 0x0000013d70515a00 nmethod 561 0x0000013d37e7a490 code [0x0000013d37e7a620, 0x0000013d37e7a778]
Event: 0.118 Thread 0x0000013d70407940  562       4       java.lang.invoke.MemberName::getReferenceKind (12 bytes)
Event: 0.118 Thread 0x0000013d7040a960 nmethod 559 0x0000013d37e7a810 code [0x0000013d37e7aa00, 0x0000013d37e7ae88]
Event: 0.118 Thread 0x0000013d70407940 nmethod 562 0x0000013d3f226d90 code [0x0000013d3f226f00, 0x0000013d3f226f78]
Event: 0.118 Thread 0x0000013d7040a960  563       3       java.util.zip.ZipUtils::CENLEN (9 bytes)
Event: 0.118 Thread 0x0000013d7040a960 nmethod 563 0x0000013d37e7b010 code [0x0000013d37e7b1c0, 0x0000013d37e7b498]
Event: 0.119 Thread 0x0000013d7040a960  564       3       java.lang.Integer::toUnsignedLong (7 bytes)
Event: 0.119 Thread 0x0000013d70515a00  565       3       org.lwjgl.system.MemoryUtil::write8 (19 bytes)
Event: 0.119 Thread 0x0000013d70515f00  566       3       sun.misc.Unsafe::putByte (11 bytes)
Event: 0.119 Thread 0x0000013d7040a960 nmethod 564 0x0000013d37e7b610 code [0x0000013d37e7b7a0, 0x0000013d37e7b898]
Event: 0.119 Thread 0x0000013d70515f00 nmethod 566 0x0000013d37e7b910 code [0x0000013d37e7baa0, 0x0000013d37e7bbb8]
Event: 0.119 Thread 0x0000013d70515f00  568       3       java.lang.ThreadLocal$ThreadLocalMap::getEntry (42 bytes)
Event: 0.119 Thread 0x0000013d70515a00 nmethod 565 0x0000013d37e7bc90 code [0x0000013d37e7be40, 0x0000013d37e7c098]
Event: 0.119 Thread 0x0000013d70515f00 nmethod 568 0x0000013d37e7c190 code [0x0000013d37e7c360, 0x0000013d37e7c738]
Event: 0.119 Thread 0x0000013d70515f00  569       3       sun.misc.Unsafe::putInt (11 bytes)
Event: 0.119 Thread 0x0000013d70515f00 nmethod 569 0x0000013d37e7c910 code [0x0000013d37e7caa0, 0x0000013d37e7cbb8]
Event: 0.119 Thread 0x0000013d70515f00  571       3       org.lwjgl.system.MemoryUtil::encodeASCIIUnsafe (53 bytes)
Event: 0.119 Thread 0x0000013d70515f00 nmethod 571 0x0000013d37e7cc90 code [0x0000013d37e7ce60, 0x0000013d37e7d278]
Event: 0.119 Thread 0x0000013d70515f00  572       1       java.security.CodeSource::getLocation (5 bytes)
Event: 0.119 Thread 0x0000013d70515f00 nmethod 572 0x0000013d3f227890 code [0x0000013d3f227a20, 0x0000013d3f227af8]

GC Heap History (0 events):
No events

Deoptimization events (8 events):
Event: 0.060 Thread 0x0000013d2fd2e300 Uncommon trap: trap_request=0xffffff45 fr.pc=0x0000013d3f20e938 relative=0x00000000000000b8
Event: 0.060 Thread 0x0000013d2fd2e300 Uncommon trap: reason=unstable_if action=reinterpret pc=0x0000013d3f20e938 method=java.lang.String.isLatin1()Z @ 10 c2
Event: 0.060 Thread 0x0000013d2fd2e300 DEOPT PACKING pc=0x0000013d3f20e938 sp=0x0000000189efee90
Event: 0.060 Thread 0x0000013d2fd2e300 DEOPT UNPACKING pc=0x0000013d376b23a3 sp=0x0000000189efedd0 mode 2
Event: 0.100 Thread 0x0000013d2fd2e300 DEOPT PACKING pc=0x0000013d37de08e7 sp=0x0000000189efb010
Event: 0.100 Thread 0x0000013d2fd2e300 DEOPT UNPACKING pc=0x0000013d376b2b43 sp=0x0000000189efa430 mode 0
Event: 0.108 Thread 0x0000013d2fd2e300 DEOPT PACKING pc=0x0000013d37db9351 sp=0x0000000189efc7d0
Event: 0.108 Thread 0x0000013d2fd2e300 DEOPT UNPACKING pc=0x0000013d376b2b43 sp=0x0000000189efbc48 mode 0

Classes loaded (20 events):
Event: 0.098 Loading class java/nio/DirectFloatBufferU
Event: 0.098 Loading class java/nio/DirectFloatBufferU done
Event: 0.098 Loading class java/nio/DirectDoubleBufferU
Event: 0.098 Loading class java/nio/DirectDoubleBufferU done
Event: 0.098 Loading class sun/misc/Unsafe
Event: 0.098 Loading class sun/misc/Unsafe done
Event: 0.098 Loading class java/lang/invoke/DirectMethodHandle$StaticAccessor
Event: 0.098 Loading class java/lang/invoke/DirectMethodHandle$StaticAccessor done
Event: 0.100 Loading class java/util/function/LongPredicate
Event: 0.100 Loading class java/util/function/LongPredicate done
Event: 0.101 Loading class jdk/internal/access/foreign/MemorySegmentProxy
Event: 0.101 Loading class jdk/internal/access/foreign/MemorySegmentProxy done
Event: 0.103 Loading class java/nio/InvalidMarkException
Event: 0.103 Loading class java/nio/InvalidMarkException done
Event: 0.103 Loading class java/nio/BufferUnderflowException
Event: 0.103 Loading class java/nio/BufferUnderflowException done
Event: 0.113 Loading class java/lang/NoSuchFieldError
Event: 0.113 Loading class java/lang/NoSuchFieldError done
Event: 0.115 Loading class jdk/internal/reflect/MethodHandleIntegerFieldAccessorImpl
Event: 0.115 Loading class jdk/internal/reflect/MethodHandleIntegerFieldAccessorImpl done

Classes unloaded (0 events):
No events

Classes redefined (0 events):
No events

Internal exceptions (20 events):
Event: 0.058 Thread 0x0000013d2fd2e300 Exception <a 'java/lang/NoSuchMethodError'{0x0000000440ba0698}: 'java.lang.Object java.lang.invoke.Invokers$Holder.invokeExact_MT(java.lang.Object, java.lang.Object, java.lang.Object, java.lang.Object, java.lang.Object)'> (0x0000000440ba0698) 
thrown [s\open\src\hotspot\share\interpreter\linkResolver.cpp, line 766]
Event: 0.064 Thread 0x0000013d706f68b0 Exception <a 'java/lang/NoSuchMethodError'{0x0000000440dc9370}: 'void java.lang.invoke.DirectMethodHandle$Holder.invokeStatic(java.lang.Object, java.lang.Object)'> (0x0000000440dc9370) 
thrown [s\open\src\hotspot\share\interpreter\linkResolver.cpp, line 766]
Event: 0.072 Thread 0x0000013d2fd2e300 Exception <a 'java/lang/NoSuchMethodError'{0x0000000440f15c80}: 'java.lang.Object java.lang.invoke.DirectMethodHandle$Holder.invokeStaticInit(java.lang.Object)'> (0x0000000440f15c80) 
thrown [s\open\src\hotspot\share\interpreter\linkResolver.cpp, line 766]
Event: 0.078 Thread 0x0000013d2fd2e300 Exception <a 'java/lang/NoSuchMethodError'{0x0000000440f60960}: 'void java.lang.System.load(java.lang.String, java.lang.Class)'> (0x0000000440f60960) 
thrown [s\open\src\hotspot\share\interpreter\linkResolver.cpp, line 766]
Event: 0.078 Thread 0x0000013d2fd2e300 Exception <a 'java/lang/NoSuchMethodError'{0x0000000440f61358}: 'void java.lang.invoke.DirectMethodHandle$Holder.invokeSpecial(java.lang.Object, java.lang.Object, java.lang.Object)'> (0x0000000440f61358) 
thrown [s\open\src\hotspot\share\interpreter\linkResolver.cpp, line 766]
Event: 0.079 Thread 0x0000013d2fd2e300 Exception <a 'java/lang/NoSuchMethodError'{0x0000000440f6f670}: 'java.lang.Object java.lang.invoke.DirectMethodHandle$Holder.invokeStatic(java.lang.Object, java.lang.Object, int)'> (0x0000000440f6f670) 
thrown [s\open\src\hotspot\share\interpreter\linkResolver.cpp, line 766]
Event: 0.079 Thread 0x0000013d2fd2e300 Exception <a 'java/lang/NoSuchMethodError'{0x0000000440f7b408}: 'void java.lang.invoke.DelegatingMethodHandle$Holder.delegate(java.lang.Object, java.lang.Object, int, java.lang.Object)'> (0x0000000440f7b408) 
thrown [s\open\src\hotspot\share\interpreter\linkResolver.cpp, line 766]
Event: 0.080 Thread 0x0000013d2fd2e300 Exception <a 'java/lang/NoSuchMethodError'{0x0000000440f7f448}: 'int java.lang.invoke.DirectMethodHandle$Holder.invokeSpecial(java.lang.Object, java.lang.Object, java.lang.Object)'> (0x0000000440f7f448) 
thrown [s\open\src\hotspot\share\interpreter\linkResolver.cpp, line 766]
Event: 0.082 Thread 0x0000013d2fd2e300 Exception <a 'java/lang/NoSuchMethodError'{0x0000000440f9a1d8}: 'void java.lang.System.loadLibrary(java.lang.String, java.lang.Class)'> (0x0000000440f9a1d8) 
thrown [s\open\src\hotspot\share\interpreter\linkResolver.cpp, line 766]
Event: 0.095 Thread 0x0000013d2fd2e300 Exception <a 'sun/nio/fs/WindowsException'{0x0000000440fe1878}> (0x0000000440fe1878) 
thrown [s\open\src\hotspot\share\prims\jni.cpp, line 516]
Event: 0.095 Thread 0x0000013d2fd2e300 Exception <a 'sun/nio/fs/WindowsException'{0x0000000440fe1dc8}> (0x0000000440fe1dc8) 
thrown [s\open\src\hotspot\share\prims\jni.cpp, line 516]
Event: 0.100 Thread 0x0000013d2fd2e300 Exception <a 'java/lang/NoSuchMethodError'{0x000000044000ff00}: 'int java.lang.invoke.DirectMethodHandle$Holder.invokeStaticInit(java.lang.Object, java.lang.Object, int, long)'> (0x000000044000ff00) 
thrown [s\open\src\hotspot\share\interpreter\linkResolver.cpp, line 766]
Event: 0.100 Thread 0x0000013d2fd2e300 Exception <a 'java/lang/NoSuchMethodError'{0x00000004400157c8}: 'java.lang.Object java.lang.invoke.DirectMethodHandle$Holder.newInvokeSpecial(java.lang.Object, java.lang.Object, int)'> (0x00000004400157c8) 
thrown [s\open\src\hotspot\share\interpreter\linkResolver.cpp, line 766]
Event: 0.101 Thread 0x0000013d2fd2e300 Exception <a 'java/lang/NoSuchMethodError'{0x00000004400247d0}: 'int java.lang.invoke.DirectMethodHandle$Holder.invokeStaticInit(java.lang.Object, java.lang.Object, long, long)'> (0x00000004400247d0) 
thrown [s\open\src\hotspot\share\interpreter\linkResolver.cpp, line 766]
Event: 0.102 Thread 0x0000013d2fd2e300 Exception <a 'java/lang/NoSuchMethodError'{0x000000044002a8e0}: 'java.lang.Object java.lang.invoke.DirectMethodHandle$Holder.newInvokeSpecial(java.lang.Object, java.lang.Object, long)'> (0x000000044002a8e0) 
thrown [s\open\src\hotspot\share\interpreter\linkResolver.cpp, line 766]
Event: 0.102 Thread 0x0000013d2fd2e300 Exception <a 'java/lang/NoSuchMethodError'{0x000000044002e938}: 'java.lang.Object java.lang.invoke.Invokers$Holder.linkToTargetMethod(java.lang.Object, long, java.lang.Object)'> (0x000000044002e938) 
thrown [s\open\src\hotspot\share\interpreter\linkResolver.cpp, line 766]
Event: 0.103 Thread 0x0000013d2fd2e300 Exception <a 'java/lang/NoSuchMethodError'{0x0000000440035ee0}: 'int java.lang.invoke.DirectMethodHandle$Holder.invokeStaticInit(java.lang.Object, java.lang.Object, java.lang.Object, long)'> (0x0000000440035ee0) 
thrown [s\open\src\hotspot\share\interpreter\linkResolver.cpp, line 766]
Event: 0.113 Thread 0x0000013d2fd2e300 Exception <a 'sun/nio/fs/WindowsException'{0x00000004400dd650}> (0x00000004400dd650) 
thrown [s\open\src\hotspot\share\prims\jni.cpp, line 516]
Event: 0.113 Thread 0x0000013d2fd2e300 Exception <a 'sun/nio/fs/WindowsException'{0x00000004400dd9b0}> (0x00000004400dd9b0) 
thrown [s\open\src\hotspot\share\prims\jni.cpp, line 516]
Event: 0.115 Thread 0x0000013d2fd2e300 Exception <a 'java/lang/NoSuchMethodError'{0x00000004400f2850}: 'int java.lang.invoke.Invokers$Holder.invokeExact_MT(java.lang.Object, java.lang.Object)'> (0x00000004400f2850) 
thrown [s\open\src\hotspot\share\interpreter\linkResolver.cpp, line 766]

VM Operations (6 events):
Event: 0.036 Executing VM operation: HandshakeAllThreads
Event: 0.036 Executing VM operation: HandshakeAllThreads done
Event: 0.061 Executing VM operation: HandshakeAllThreads
Event: 0.061 Executing VM operation: HandshakeAllThreads done
Event: 0.091 Executing VM operation: HandshakeAllThreads
Event: 0.092 Executing VM operation: HandshakeAllThreads done

Events (20 events):
Event: 0.018 Thread 0x0000013d70404f90 Thread added: 0x0000013d70404f90
Event: 0.018 Thread 0x0000013d70405930 Thread added: 0x0000013d70405930
Event: 0.018 Thread 0x0000013d704062d0 Thread added: 0x0000013d704062d0
Event: 0.018 Thread 0x0000013d70406c70 Thread added: 0x0000013d70406c70
Event: 0.018 Thread 0x0000013d70407940 Thread added: 0x0000013d70407940
Event: 0.018 Thread 0x0000013d7040a960 Thread added: 0x0000013d7040a960
Event: 0.018 Thread 0x0000013d7040f660 Thread added: 0x0000013d7040f660
Event: 0.032 Thread 0x0000013d704e4210 Thread added: 0x0000013d704e4210
Event: 0.036 Thread 0x0000013d70515a00 Thread added: 0x0000013d70515a00
Event: 0.036 Thread 0x0000013d70515f00 Thread added: 0x0000013d70515f00
Event: 0.042 Loaded shared library C:\Users\nitin\.jdks\openjdk-18.0.1.1\bin\zip.dll
Event: 0.043 Loaded shared library C:\Users\nitin\.jdks\openjdk-18.0.1.1\bin\instrument.dll
Event: 0.046 Loaded shared library C:\Users\nitin\.jdks\openjdk-18.0.1.1\bin\net.dll
Event: 0.046 Loaded shared library C:\Users\nitin\.jdks\openjdk-18.0.1.1\bin\nio.dll
Event: 0.048 Loaded shared library C:\Users\nitin\.jdks\openjdk-18.0.1.1\bin\zip.dll
Event: 0.060 Loaded shared library C:\Program Files\JetBrains\IntelliJ IDEA Community Edition 2022.1.1\bin\breakgen64.dll
Event: 0.060 Thread 0x0000013d706f68b0 Thread added: 0x0000013d706f68b0
Event: 0.060 Thread 0x0000013d706f7d80 Thread added: 0x0000013d706f7d80
Event: 0.084 Loaded shared library C:\Users\nitin\.jdks\openjdk-18.0.1.1\bin\jimage.dll
Event: 0.096 Loaded shared library C:\Users\nitin\AppData\Local\Temp\lwjglnitin\3.3.1-build-7\lwjgl.dll


Dynamic libraries:
0x00007ff7268b0000 - 0x00007ff7268be000 	C:\Users\nitin\.jdks\openjdk-18.0.1.1\bin\java.exe
0x00007ff9675b0000 - 0x00007ff9677c4000 	C:\WINDOWS\SYSTEM32\ntdll.dll
0x00007ff966a10000 - 0x00007ff966ad2000 	C:\WINDOWS\System32\KERNEL32.DLL
0x00007ff964d60000 - 0x00007ff9650fc000 	C:\WINDOWS\System32\KERNELBASE.dll
0x00007ff964b20000 - 0x00007ff964c31000 	C:\WINDOWS\System32\ucrtbase.dll
0x00007ff95c1a0000 - 0x00007ff95c1ba000 	C:\Users\nitin\.jdks\openjdk-18.0.1.1\bin\VCRUNTIME140.dll
0x00007ff95d110000 - 0x00007ff95d127000 	C:\Users\nitin\.jdks\openjdk-18.0.1.1\bin\jli.dll
0x00007ff966860000 - 0x00007ff966a0b000 	C:\WINDOWS\System32\USER32.dll
0x00007ff94d3b0000 - 0x00007ff94d63e000 	C:\WINDOWS\WinSxS\amd64_microsoft.windows.common-controls_6595b64144ccf1df_6.0.22621.1_none_60e502bd9af5bef0\COMCTL32.dll
0x00007ff9651c0000 - 0x00007ff9651e6000 	C:\WINDOWS\System32\win32u.dll
0x00007ff966fe0000 - 0x00007ff967087000 	C:\WINDOWS\System32\msvcrt.dll
0x00007ff967540000 - 0x00007ff967569000 	C:\WINDOWS\System32\GDI32.dll
0x00007ff964a00000 - 0x00007ff964b12000 	C:\WINDOWS\System32\gdi32full.dll
0x00007ff964c40000 - 0x00007ff964cda000 	C:\WINDOWS\System32\msvcp_win.dll
0x00007ff965d90000 - 0x00007ff965dc1000 	C:\WINDOWS\System32\IMM32.DLL
0x00007ff95c190000 - 0x00007ff95c19c000 	C:\Users\nitin\.jdks\openjdk-18.0.1.1\bin\vcruntime140_1.dll
0x00007ff9080c0000 - 0x00007ff90814d000 	C:\Users\nitin\.jdks\openjdk-18.0.1.1\bin\msvcp140.dll
0x00007ff8e5ce0000 - 0x00007ff8e68f0000 	C:\Users\nitin\.jdks\openjdk-18.0.1.1\bin\server\jvm.dll
0x00007ff9653e0000 - 0x00007ff96548e000 	C:\WINDOWS\System32\ADVAPI32.dll
0x00007ff966f30000 - 0x00007ff966fd4000 	C:\WINDOWS\System32\sechost.dll
0x00007ff966740000 - 0x00007ff966855000 	C:\WINDOWS\System32\RPCRT4.dll
0x00007ff9658a0000 - 0x00007ff9658a8000 	C:\WINDOWS\System32\PSAPI.DLL
0x00007ff95d5a0000 - 0x00007ff95d5a9000 	C:\WINDOWS\SYSTEM32\WSOCK32.dll
0x00007ff95ae70000 - 0x00007ff95aea4000 	C:\WINDOWS\SYSTEM32\WINMM.dll
0x00007ff961830000 - 0x00007ff96183a000 	C:\WINDOWS\SYSTEM32\VERSION.dll
0x00007ff965ee0000 - 0x00007ff965f51000 	C:\WINDOWS\System32\WS2_32.dll
0x00007ff963b60000 - 0x00007ff963b78000 	C:\WINDOWS\SYSTEM32\kernel.appcore.dll
0x00007ff95c160000 - 0x00007ff95c16a000 	C:\Users\nitin\.jdks\openjdk-18.0.1.1\bin\jimage.dll
0x00007ff959bc0000 - 0x00007ff959dee000 	C:\WINDOWS\SYSTEM32\DBGHELP.DLL
0x00007ff967190000 - 0x00007ff967519000 	C:\WINDOWS\System32\combase.dll
0x00007ff965e00000 - 0x00007ff965ed7000 	C:\WINDOWS\System32\OLEAUT32.dll
0x00007ff959b80000 - 0x00007ff959bb2000 	C:\WINDOWS\SYSTEM32\dbgcore.DLL
0x00007ff964ce0000 - 0x00007ff964d5b000 	C:\WINDOWS\System32\bcryptPrimitives.dll
0x00007ff95c140000 - 0x00007ff95c14e000 	C:\Users\nitin\.jdks\openjdk-18.0.1.1\bin\instrument.dll
0x00007ff95be40000 - 0x00007ff95be65000 	C:\Users\nitin\.jdks\openjdk-18.0.1.1\bin\java.dll
0x00007ff9060b0000 - 0x00007ff906186000 	C:\Users\nitin\.jdks\openjdk-18.0.1.1\bin\jsvml.dll
0x00007ff965f60000 - 0x00007ff966738000 	C:\WINDOWS\System32\SHELL32.dll
0x00007ff962a40000 - 0x00007ff9632f8000 	C:\WINDOWS\SYSTEM32\windows.storage.dll
0x00007ff962900000 - 0x00007ff962a3d000 	C:\WINDOWS\SYSTEM32\wintypes.dll
0x00007ff966e30000 - 0x00007ff966f21000 	C:\WINDOWS\System32\SHCORE.dll
0x00007ff966c40000 - 0x00007ff966c9e000 	C:\WINDOWS\System32\shlwapi.dll
0x00007ff964930000 - 0x00007ff964951000 	C:\WINDOWS\SYSTEM32\profapi.dll
0x00007ff95be20000 - 0x00007ff95be38000 	C:\Users\nitin\.jdks\openjdk-18.0.1.1\bin\zip.dll
0x00007ff9479c0000 - 0x00007ff9479d3000 	C:\Users\nitin\.jdks\openjdk-18.0.1.1\bin\net.dll
0x00007ff95e0d0000 - 0x00007ff95e1ff000 	C:\WINDOWS\SYSTEM32\WINHTTP.dll
0x00007ff963fc0000 - 0x00007ff964029000 	C:\WINDOWS\system32\mswsock.dll
0x00007ff9479a0000 - 0x00007ff9479b6000 	C:\Users\nitin\.jdks\openjdk-18.0.1.1\bin\nio.dll
0x00007ff9461a0000 - 0x00007ff9461ba000 	C:\Program Files\JetBrains\IntelliJ IDEA Community Edition 2022.1.1\bin\breakgen64.dll
0x00007ff906030000 - 0x00007ff9060a5000 	C:\Users\nitin\AppData\Local\Temp\lwjglnitin\3.3.1-build-7\lwjgl.dll
0x00007ff940fe0000 - 0x00007ff941041000 	C:\Users\nitin\AppData\Local\Temp\lwjglnitin\3.3.1-build-7\glfw.dll
0x00007ff940130000 - 0x00007ff940176000 	C:\WINDOWS\SYSTEM32\dinput8.dll
0x00007ff935370000 - 0x00007ff935381000 	C:\WINDOWS\SYSTEM32\xinput1_4.dll
0x00007ff964710000 - 0x00007ff96473c000 	C:\WINDOWS\SYSTEM32\DEVOBJ.dll
0x00007ff9646c0000 - 0x00007ff96470f000 	C:\WINDOWS\SYSTEM32\cfgmgr32.dll
0x00007ff962630000 - 0x00007ff96265b000 	C:\WINDOWS\SYSTEM32\dwmapi.dll
0x00007ff946340000 - 0x00007ff946541000 	C:\WINDOWS\SYSTEM32\inputhost.dll
0x00007ff961cc0000 - 0x00007ff961df3000 	C:\WINDOWS\SYSTEM32\CoreMessaging.dll
0x00007ff962400000 - 0x00007ff9624ab000 	C:\WINDOWS\system32\uxtheme.dll
0x00007ff966d10000 - 0x00007ff966e2e000 	C:\WINDOWS\System32\MSCTF.dll
0x00007ff964230000 - 0x00007ff96423c000 	C:\WINDOWS\SYSTEM32\CRYPTBASE.DLL

dbghelp: loaded successfully - version: 4.0.5 - missing functions: none
symbol engine: initialized successfully - sym options: 0x614 - pdb path: .;C:\Users\nitin\.jdks\openjdk-18.0.1.1\bin;C:\WINDOWS\SYSTEM32;C:\WINDOWS\WinSxS\amd64_microsoft.windows.common-controls_6595b64144ccf1df_6.0.22621.1_none_60e502bd9af5bef0;C:\Users\nitin\.jdks\openjdk-18.0.1.1\bin\server;C:\Program Files\JetBrains\IntelliJ IDEA Community Edition 2022.1.1\bin;C:\Users\nitin\AppData\Local\Temp\lwjglnitin\3.3.1-build-7

VM Arguments:
jvm_args: -javaagent:C:\Program Files\JetBrains\IntelliJ IDEA Community Edition 2022.1.1\lib\idea_rt.jar=61598:C:\Program Files\JetBrains\IntelliJ IDEA Community Edition 2022.1.1\bin -Dfile.encoding=UTF-8 
java_command: Main
java_class_path (initial): C:\Users\nitin\IdeaProjects\Renderer\out\production\Renderer;C:\Users\nitin\IdeaProjects\Renderer\lwjgl\lwjgl\lwjgl-natives-linux-arm32.jar;C:\Users\nitin\IdeaProjects\Renderer\lwjgl\lwjgl\lwjgl-natives-linux-arm64.jar;C:\Users\nitin\IdeaProjects\Renderer\lwjgl\lwjgl\lwjgl-natives-linux.jar;C:\Users\nitin\IdeaProjects\Renderer\lwjgl\lwjgl\lwjgl-natives-macos-arm64.jar;C:\Users\nitin\IdeaProjects\Renderer\lwjgl\lwjgl\lwjgl-natives-macos.jar;C:\Users\nitin\IdeaProjects\Renderer\lwjgl\lwjgl\lwjgl-natives-windows-arm64.jar;C:\Users\nitin\IdeaProjects\Renderer\lwjgl\lwjgl\lwjgl-natives-windows-x86.jar;C:\Users\nitin\IdeaProjects\Renderer\lwjgl\lwjgl\lwjgl-natives-windows.jar;C:\Users\nitin\IdeaProjects\Renderer\lwjgl\lwjgl\lwjgl.jar;C:\Users\nitin\IdeaProjects\Renderer\lwjgl\lwjgl-glfw\lwjgl-glfw-natives-linux-arm32.jar;C:\Users\nitin\IdeaProjects\Renderer\lwjgl\lwjgl-glfw\lwjgl-glfw-natives-linux-arm64.jar;C:\Users\nitin\IdeaProjects\Renderer\lwjgl\lwjgl-glfw\lwjgl-glfw-natives-linux.jar;C:\Users\nitin\IdeaProjects\Renderer\lwjgl\lwjgl-glfw\lwjgl-glfw-natives-macos-arm64.jar;C:\Users\nitin\IdeaProjects\Renderer\lwjgl\lwjgl-glfw\lwjgl-glfw-natives-macos.jar;C:\Users\nitin\IdeaProjects\Renderer\lwjgl\lwjgl-glfw\lwjgl-glfw-natives-windows-arm64.jar;C:\Users\nitin\IdeaProjects\Renderer\lwjgl\lwjgl-glfw\lwjgl-glfw-natives-windows-x86.jar;C:\Users\nitin\IdeaProjects\Renderer\lwjgl\lwjgl-glfw\lwjgl-glfw-natives-windows.jar;C:\Users\nitin\IdeaProjects\Renderer\lwjgl\lwjgl-glfw\lwjgl-glfw.jar
Launcher Type: SUN_STANDARD

[Global flags]
     intx CICompilerCount                          = 12                                        {product} {ergonomic}
     uint ConcGCThreads                            = 4                                         {product} {ergonomic}
     uint G1ConcRefinementThreads                  = 15                                        {product} {ergonomic}
   size_t G1HeapRegionSize                         = 8388608                                   {product} {ergonomic}
    uintx GCDrainStackTargetSize                   = 64                                        {product} {ergonomic}
   size_t InitialHeapSize                          = 1073741824                                {product} {ergonomic}
   size_t MarkStackSize                            = 4194304                                   {product} {ergonomic}
   size_t MaxHeapSize                              = 17163091968                               {product} {ergonomic}
   size_t MaxNewSize                               = 10292822016                               {product} {ergonomic}
   size_t MinHeapDeltaBytes                        = 8388608                                   {product} {ergonomic}
   size_t MinHeapSize                              = 8388608                                   {product} {ergonomic}
    uintx NonNMethodCodeHeapSize                   = 7602480                                {pd product} {ergonomic}
    uintx NonProfiledCodeHeapSize                  = 122027880                              {pd product} {ergonomic}
    uintx ProfiledCodeHeapSize                     = 122027880                              {pd product} {ergonomic}
    uintx ReservedCodeCacheSize                    = 251658240                              {pd product} {ergonomic}
     bool SegmentedCodeCache                       = true                                      {product} {ergonomic}
   size_t SoftMaxHeapSize                          = 17163091968                            {manageable} {ergonomic}
     bool UseCompressedClassPointers               = true                           {product lp64_product} {ergonomic}
     bool UseCompressedOops                        = true                           {product lp64_product} {ergonomic}
     bool UseG1GC                                  = true                                      {product} {ergonomic}
     bool UseLargePagesIndividualAllocation        = false                                  {pd product} {ergonomic}

Logging:
Log output configuration:
 #0: stdout all=warning uptime,level,tags foldmultilines=false
 #1: stderr all=off uptime,level,tags foldmultilines=false

Environment Variables:
PATH=C:\Program Files (x86)\Common Files\Oracle\Java\javapath;C:\Windows\system32;C:\Windows;C:\Windows\System32\Wbem;C:\Windows\System32\WindowsPowerShell\v1.0\;C:\Windows\System32\OpenSSH\;C:\Program Files\NVIDIA Corporation\NVIDIA NvDLISR;C:\Program Files\dotnet\;C:\WINDOWS\system32;C:\WINDOWS;C:\WINDOWS\System32\Wbem;C:\WINDOWS\System32\WindowsPowerShell\v1.0\;C:\WINDOWS\System32\OpenSSH\;C:\Program Files (x86)\NVIDIA Corporation\PhysX\Common;C:\WINDOWS\system32;C:\WINDOWS;C:\WINDOWS\System32\Wbem;C:\WINDOWS\System32\WindowsPowerShell\v1.0\;C:\WINDOWS\System32\OpenSSH\;C:\Users\nitin\AppData\Local\Microsoft\WindowsApps;C:\Users\nitin\.dotnet\tools;
USERNAME=nitin
OS=Windows_NT
PROCESSOR_IDENTIFIER=Intel64 Family 6 Model 165 Stepping 5, GenuineIntel



---------------  S Y S T E M  ---------------

OS:
 Windows 11 , 64 bit Build 22621 (10.0.22621.1)
OS uptime: 6 days 12:53 hours

CPU: total 20 (initial active 20) (10 cores per cpu, 2 threads per core) family 6 model 165 stepping 5 microcode 0xe2, cx8, cmov, fxsr, ht, mmx, 3dnowpref, sse, sse2, sse3, ssse3, sse4.1, sse4.2, popcnt, lzcnt, tsc, tscinvbit, avx, avx2, aes, erms, clmul, bmi1, bmi2, adx, fma, vzeroupper, clflush, clflushopt

Memory: 4k page, system-wide physical 65457M (48474M free)
TotalPageFile size 75185M (AvailPageFile size 53621M)
current process WorkingSet (physical memory assigned to process): 49M, peak: 49M
current process commit charge ("private bytes"): 1163M, peak: 1163M

vm_info: OpenJDK 64-Bit Server VM (18.0.1.1+2-6) for windows-amd64 JRE (18.0.1.1+2-6), built on Apr 25 2022 21:50:56 by "mach5one" with MS VC++ 16.8 / 16.9 (VS2019)

END.
