#
# A fatal error has been detected by the Java Runtime Environment:
#
#  EXCEPTION_ACCESS_VIOLATION (0xc0000005) at pc=0x00007ff8d629ae80, pid=11412, tid=1884
#
# JRE version: OpenJDK Runtime Environment (18.0.1.1+2) (build 18.0.1.1+2-6)
# Java VM: OpenJDK 64-Bit Server VM (18.0.1.1+2-6, mixed mode, sharing, tiered, compressed oops, compressed class ptrs, g1 gc, windows-amd64)
# Problematic frame:
# C  [nvoglv64.dll+0x126ae80]
#
# No core dump will be written. Minidumps are not enabled by default on client versions of Windows
#
# If you would like to submit a bug report, please visit:
#   https://bugreport.java.com/bugreport/crash.jsp
# The crash happened outside the Java Virtual Machine in native code.
# See problematic frame for where to report the bug.
#

---------------  S U M M A R Y ------------

Command Line: -javaagent:C:\Program Files\JetBrains\IntelliJ IDEA Community Edition 2022.1.1\lib\idea_rt.jar=49568:C:\Program Files\JetBrains\IntelliJ IDEA Community Edition 2022.1.1\bin -Dfile.encoding=UTF-8 Main

Host: Intel(R) Core(TM) i9-10900K CPU @ 3.70GHz, 20 cores, 63G,  Windows 11 , 64 bit Build 22621 (10.0.22621.1)
Time: Wed May 25 14:13:58 2022 Pacific Daylight Time elapsed time: 0.285855 seconds (0d 0h 0m 0s)

---------------  T H R E A D  ---------------

Current thread (0x0000025f0b0c5810):  JavaThread "main" [_thread_in_native, id=1884, stack(0x000000a2c6200000,0x000000a2c6300000)]

Stack: [0x000000a2c6200000,0x000000a2c6300000],  sp=0x000000a2c62ff1f8,  free space=1020k
Native frames: (J=compiled Java code, j=interpreted, Vv=VM code, C=native code)
C  [nvoglv64.dll+0x126ae80]

Java frames: (J=compiled Java code, j=interpreted, Vv=VM code)
j  org.lwjgl.opengl.GL11C.nglDrawElements(IIIJ)V+0
j  org.lwjgl.opengl.GL11C.glDrawElements(IIIJ)V+4
j  Renderer.render(LWindow;LMesh;)V+52
j  PlaceHolderGame.render(LWindow;)V+34
j  Engine.render()V+8
j  Engine.gameLoop()V+58
j  Engine.run()V+5
j  Main.main([Ljava/lang/String;)V+29
v  ~StubRoutines::call_stub

siginfo: EXCEPTION_ACCESS_VIOLATION (0xc0000005), reading address 0x0000000000000000


Register to memory mapping:

RIP=0x00007ff8d629ae80 nvoglv64.dll
RAX=0x0000000000022006 is an unknown value
RBX=0x0000025f5235a834 points into unknown readable memory: 06 20 02 00
RCX=0x0000025f5235a850 points into unknown readable memory: 0x0000000000000000 | 00 00 00 00 00 00 00 00
RDX=0x0 is NULL
RSP=0x000000a2c62ff1f8 is pointing into the stack for thread: 0x0000025f0b0c5810
RBP=0x0000000000000044 is an unknown value
RSI=0x0000000000000006 is an unknown value
RDI=0x0000025f52f68080 points into unknown readable memory: 0x0000000000000000 | 00 00 00 00 00 00 00 00
R8 =0x0000000000000018 is an unknown value
R9 =0x0000025f5235a834 points into unknown readable memory: 06 20 02 00
R10=0x0 is NULL
R11=0x0000025f5235a850 points into unknown readable memory: 0x0000000000000000 | 00 00 00 00 00 00 00 00
R12=0x0000000000000004 is an unknown value
R13=0x0000000000001405 is an unknown value
R14=0x0000000000000018 is an unknown value
R15=0x0 is NULL


Registers:
RAX=0x0000000000022006, RBX=0x0000025f5235a834, RCX=0x0000025f5235a850, RDX=0x0000000000000000
RSP=0x000000a2c62ff1f8, RBP=0x0000000000000044, RSI=0x0000000000000006, RDI=0x0000025f52f68080
R8 =0x0000000000000018, R9 =0x0000025f5235a834, R10=0x0000000000000000, R11=0x0000025f5235a850
R12=0x0000000000000004, R13=0x0000000000001405, R14=0x0000000000000018, R15=0x0000000000000000
RIP=0x00007ff8d629ae80, EFLAGS=0x0000000000010283

Top of Stack: (sp=0x000000a2c62ff1f8)
0x000000a2c62ff1f8:   00007ff8d594773c 0000000000000005
0x000000a2c62ff208:   0000025f4e19e5f8 000000a2c62ff320
0x000000a2c62ff218:   00007ff8e8b13a85 000000000017555d
0x000000a2c62ff228:   0000025f141e4e47 0000025f0b0c5810
0x000000a2c62ff238:   0000025f0b0c5810 0000025f4e19e5f8
0x000000a2c62ff248:   0000025f0b0c5810 0000025f141c94fe
0x000000a2c62ff258:   0000025f141cd48e 0000025f0b0c5810
0x000000a2c62ff268:   0000025f4e19e5f8 0000000000000000
0x000000a2c62ff278:   0000025f141c94fe 0000000000000005
0x000000a2c62ff288:   0000025f141cd621 000000a2c62ff320
0x000000a2c62ff298:   000000a2c62ff200 000000a2c62ff360
0x000000a2c62ff2a8:   0000025f4e19e5f8 0000025f00001405
0x000000a2c62ff2b8:   0000000000000000 3ff0000000000000
0x000000a2c62ff2c8:   0000025f0b0c5810 0000025f141cd2f6
0x000000a2c62ff2d8:   000000a2c62ff2d8 0000025f4e19e5f8
0x000000a2c62ff2e8:   000000a2c62ff360 0000025f4e1a8c70 

Instructions: (pc=0x00007ff8d629ae80)
0x00007ff8d629ad80:   33 c0 c3 1b c0 83 d8 ff c3 90 49 c1 e9 02 74 37
0x00007ff8d629ad90:   48 8b 01 48 3b 04 11 75 5b 48 8b 41 08 48 3b 44
0x00007ff8d629ada0:   11 08 75 4c 48 8b 41 10 48 3b 44 11 10 75 3d 48
0x00007ff8d629adb0:   8b 41 18 48 3b 44 11 18 75 2e 48 83 c1 20 49 ff
0x00007ff8d629adc0:   c9 75 cd 49 83 e0 1f 4d 8b c8 49 c1 e9 03 74 9b
0x00007ff8d629add0:   48 8b 01 48 3b 04 11 75 1b 48 83 c1 08 49 ff c9
0x00007ff8d629ade0:   75 ee 49 83 e0 07 eb 83 48 83 c1 08 48 83 c1 08
0x00007ff8d629adf0:   48 83 c1 08 48 8b 0c 0a 48 0f c8 48 0f c9 48 3b
0x00007ff8d629ae00:   c1 1b c0 83 d8 ff c3 cc cc cc cc cc cc cc cc cc
0x00007ff8d629ae10:   cc cc cc cc cc cc 66 66 0f 1f 84 00 00 00 00 00
0x00007ff8d629ae20:   57 56 49 8b c3 48 8b f9 49 8b c8 49 8b f2 f3 a4
0x00007ff8d629ae30:   5e 5f c3 cc cc cc cc cc cc 0f 1f 80 00 00 00 00
0x00007ff8d629ae40:   4c 8b d9 4c 8b d2 49 83 f8 10 76 54 49 83 f8 20
0x00007ff8d629ae50:   76 2e 48 2b d1 73 0d 4b 8d 04 10 48 3b c8 0f 82
0x00007ff8d629ae60:   dc 02 00 00 49 81 f8 80 00 00 00 0f 86 0f 02 00
0x00007ff8d629ae70:   00 f6 05 c8 8b bf 01 02 0f 84 52 01 00 00 eb a0
0x00007ff8d629ae80:   0f 10 02 42 0f 10 4c 02 f0 0f 11 01 42 0f 11 4c
0x00007ff8d629ae90:   01 f0 48 8b c1 c3 66 66 0f 1f 84 00 00 00 00 00
0x00007ff8d629aea0:   48 8b c1 4c 8d 0d 56 51 d9 fe 43 8b 8c 81 10 0a
0x00007ff8d629aeb0:   fd 02 49 03 c9 ff e1 66 0f 1f 84 00 00 00 00 00
0x00007ff8d629aec0:   c3 0f b7 0a 66 89 08 c3 48 8b 0a 48 89 08 c3 0f
0x00007ff8d629aed0:   b7 0a 44 0f b6 42 02 66 89 08 44 88 40 02 c3 0f
0x00007ff8d629aee0:   b6 0a 88 08 c3 f3 0f 6f 02 f3 0f 7f 00 c3 66 90
0x00007ff8d629aef0:   4c 8b 02 0f b7 4a 08 44 0f b6 4a 0a 4c 89 00 66
0x00007ff8d629af00:   89 48 08 44 88 48 0a c3 8b 0a 89 08 c3 0f 1f 00
0x00007ff8d629af10:   8b 0a 44 0f b6 42 04 89 08 44 88 40 04 c3 66 90
0x00007ff8d629af20:   8b 0a 44 0f b7 42 04 89 08 66 44 89 40 04 c3 90
0x00007ff8d629af30:   8b 0a 44 0f b7 42 04 44 0f b6 4a 06 89 08 66 44
0x00007ff8d629af40:   89 40 04 44 88 48 06 c3 4c 8b 02 8b 4a 08 44 0f
0x00007ff8d629af50:   b6 4a 0c 4c 89 00 89 48 08 44 88 48 0c c3 66 90
0x00007ff8d629af60:   4c 8b 02 0f b6 4a 08 4c 89 00 88 48 08 c3 66 90
0x00007ff8d629af70:   4c 8b 02 0f b7 4a 08 4c 89 00 66 89 48 08 c3 90 


Stack slot to memory mapping:
stack at sp + 0 slots: 0x00007ff8d594773c nvoglv64.dll
stack at sp + 1 slots: 0x0000000000000005 is an unknown value
stack at sp + 2 slots: {method} {0x0000025f4e19e600} 'nglDrawElements' '(IIIJ)V' in 'org/lwjgl/opengl/GL11C'
stack at sp + 3 slots: 0x000000a2c62ff320 is pointing into the stack for thread: 0x0000025f0b0c5810
stack at sp + 4 slots: 0x00007ff8e8b13a85 jvm.dll
stack at sp + 5 slots: 0x000000000017555d is an unknown value
stack at sp + 6 slots: 0x0000025f141e4e47 is at code_begin+4295 in 
[CodeBlob (0x0000025f141e3d10)]
Framesize: 0
BufferBlob (0x0000025f141e3d10) used for native signature handlers
stack at sp + 7 slots: 0x0000025f0b0c5810 is a thread


---------------  P R O C E S S  ---------------

Threads class SMR info:
_java_thread_list=0x0000025f4d8a3ea0, length=15, elements={
0x0000025f0b0c5810, 0x0000025f4d6614d0, 0x0000025f4d661e70, 0x0000025f4d67cac0,
0x0000025f4d67d460, 0x0000025f4d67de00, 0x0000025f4d67e7a0, 0x0000025f4d680480,
0x0000025f4d68c370, 0x0000025f4d68ed60, 0x0000025f245b9230, 0x0000025f4d78d590,
0x0000025f4d78da90, 0x0000025f4d9cfbc0, 0x0000025f4d9dae80
}

Java Threads: ( => current thread )
=>0x0000025f0b0c5810 JavaThread "main" [_thread_in_native, id=1884, stack(0x000000a2c6200000,0x000000a2c6300000)]
  0x0000025f4d6614d0 JavaThread "Reference Handler" daemon [_thread_blocked, id=18260, stack(0x000000a2c6900000,0x000000a2c6a00000)]
  0x0000025f4d661e70 JavaThread "Finalizer" daemon [_thread_blocked, id=18920, stack(0x000000a2c6a00000,0x000000a2c6b00000)]
  0x0000025f4d67cac0 JavaThread "Signal Dispatcher" daemon [_thread_blocked, id=28456, stack(0x000000a2c6b00000,0x000000a2c6c00000)]
  0x0000025f4d67d460 JavaThread "Attach Listener" daemon [_thread_blocked, id=6120, stack(0x000000a2c6c00000,0x000000a2c6d00000)]
  0x0000025f4d67de00 JavaThread "Service Thread" daemon [_thread_blocked, id=13200, stack(0x000000a2c6d00000,0x000000a2c6e00000)]
  0x0000025f4d67e7a0 JavaThread "Monitor Deflation Thread" daemon [_thread_blocked, id=14300, stack(0x000000a2c6e00000,0x000000a2c6f00000)]
  0x0000025f4d680480 JavaThread "C2 CompilerThread0" daemon [_thread_blocked, id=18936, stack(0x000000a2c6f00000,0x000000a2c7000000)]
  0x0000025f4d68c370 JavaThread "C1 CompilerThread0" daemon [_thread_blocked, id=11936, stack(0x000000a2c7000000,0x000000a2c7100000)]
  0x0000025f4d68ed60 JavaThread "Sweeper thread" daemon [_thread_blocked, id=9512, stack(0x000000a2c7100000,0x000000a2c7200000)]
  0x0000025f245b9230 JavaThread "Common-Cleaner" daemon [_thread_blocked, id=18748, stack(0x000000a2c7200000,0x000000a2c7300000)]
  0x0000025f4d78d590 JavaThread "C1 CompilerThread1" daemon [_thread_blocked, id=9560, stack(0x000000a2c7300000,0x000000a2c7400000)]
  0x0000025f4d78da90 JavaThread "C1 CompilerThread2" daemon [_thread_blocked, id=5340, stack(0x000000a2c7400000,0x000000a2c7500000)]
  0x0000025f4d9cfbc0 JavaThread "Monitor Ctrl-Break" daemon [_thread_in_native, id=1736, stack(0x000000a2c7500000,0x000000a2c7600000)]
  0x0000025f4d9dae80 JavaThread "Notification Thread" daemon [_thread_blocked, id=14320, stack(0x000000a2c7600000,0x000000a2c7700000)]

Other Threads:
  0x0000025f0b14efd0 VMThread "VM Thread" [stack: 0x000000a2c6800000,0x000000a2c6900000] [id=15548]
  0x0000025f4d9d04c0 WatcherThread "VM Periodic Task Thread" [stack: 0x000000a2c7700000,0x000000a2c7800000] [id=24496]
  0x0000025f0b13af70 WorkerThread "GC Thread#0" [stack: 0x000000a2c6300000,0x000000a2c6400000] [id=11288]
  0x0000025f0ae0dfd0 ConcurrentGCThread "G1 Main Marker" [stack: 0x000000a2c6400000,0x000000a2c6500000] [id=8840]
  0x0000025f0ae0eb20 WorkerThread "G1 Conc#0" [stack: 0x000000a2c6500000,0x000000a2c6600000] [id=25644]
  0x0000025f0b17cf20 ConcurrentGCThread "G1 Refine#0" [stack: 0x000000a2c6600000,0x000000a2c6700000] [id=16888]
  0x0000025f0b17e5f0 ConcurrentGCThread "G1 Service" [stack: 0x000000a2c6700000,0x000000a2c6800000] [id=12420]

Threads with active compile tasks:

VM state: not at safepoint (normal execution)

VM Mutex/Monitor currently owned by a thread: None

Heap address: 0x0000000401000000, size: 16368 MB, Compressed Oops mode: Zero based, Oop shift amount: 3

CDS archive(s) mapped at: [0x0000000800000000-0x0000000800b90000-0x0000000800b90000), size 12124160, SharedBaseAddress: 0x0000000800000000, ArchiveRelocationMode: 0.
Compressed class space mapped at: 0x0000000800c00000-0x0000000840c00000, reserved size: 1073741824
Narrow klass base: 0x0000000800000000, Narrow klass shift: 0, Narrow klass range: 0x100000000

GC Precious Log:
 CardTable entry size: 512
 Card Set container configuration: InlinePtr #cards 4 size 8 Array Of Cards #cards 64 size 144 Howl #buckets 8 coarsen threshold 14745 Howl Bitmap #cards 2048 size 272 coarsen threshold 1843 Card regions per heap region 1 cards per card region 16384
 CPUs: 20 total, 20 available
 Memory: 65457M
 Large Page Support: Disabled
 NUMA Support: Disabled
 Compressed Oops: Enabled (Zero based)
 Heap Region Size: 8M
 Heap Min Capacity: 8M
 Heap Initial Capacity: 1G
 Heap Max Capacity: 16368M
 Pre-touch: Disabled
 Parallel Workers: 15
 Concurrent Workers: 4
 Concurrent Refinement Workers: 15
 Periodic GC: Disabled

Heap:
 garbage-first heap   total 1048576K, used 8192K [0x0000000401000000, 0x0000000800000000)
  region size 8192K, 2 young (16384K), 0 survivors (0K)
 Metaspace       used 3854K, committed 3968K, reserved 1114112K
  class space    used 215K, committed 256K, reserved 1048576K

Heap Regions: E=young(eden), S=young(survivor), O=old, HS=humongous(starts), HC=humongous(continues), CS=collection set, F=free, OA=open archive, CA=closed archive, TAMS=top-at-mark-start (previous, next)
|   0|0x0000000401000000, 0x0000000401000000, 0x0000000401800000|  0%| F|  |TAMS 0x0000000401000000, 0x0000000401000000| Untracked 
|   1|0x0000000401800000, 0x0000000401800000, 0x0000000402000000|  0%| F|  |TAMS 0x0000000401800000, 0x0000000401800000| Untracked 
|   2|0x0000000402000000, 0x0000000402000000, 0x0000000402800000|  0%| F|  |TAMS 0x0000000402000000, 0x0000000402000000| Untracked 
|   3|0x0000000402800000, 0x0000000402800000, 0x0000000403000000|  0%| F|  |TAMS 0x0000000402800000, 0x0000000402800000| Untracked 
|   4|0x0000000403000000, 0x0000000403000000, 0x0000000403800000|  0%| F|  |TAMS 0x0000000403000000, 0x0000000403000000| Untracked 
|   5|0x0000000403800000, 0x0000000403800000, 0x0000000404000000|  0%| F|  |TAMS 0x0000000403800000, 0x0000000403800000| Untracked 
|   6|0x0000000404000000, 0x0000000404000000, 0x0000000404800000|  0%| F|  |TAMS 0x0000000404000000, 0x0000000404000000| Untracked 
|   7|0x0000000404800000, 0x0000000404800000, 0x0000000405000000|  0%| F|  |TAMS 0x0000000404800000, 0x0000000404800000| Untracked 
|   8|0x0000000405000000, 0x0000000405000000, 0x0000000405800000|  0%| F|  |TAMS 0x0000000405000000, 0x0000000405000000| Untracked 
|   9|0x0000000405800000, 0x0000000405800000, 0x0000000406000000|  0%| F|  |TAMS 0x0000000405800000, 0x0000000405800000| Untracked 
|  10|0x0000000406000000, 0x0000000406000000, 0x0000000406800000|  0%| F|  |TAMS 0x0000000406000000, 0x0000000406000000| Untracked 
|  11|0x0000000406800000, 0x0000000406800000, 0x0000000407000000|  0%| F|  |TAMS 0x0000000406800000, 0x0000000406800000| Untracked 
|  12|0x0000000407000000, 0x0000000407000000, 0x0000000407800000|  0%| F|  |TAMS 0x0000000407000000, 0x0000000407000000| Untracked 
|  13|0x0000000407800000, 0x0000000407800000, 0x0000000408000000|  0%| F|  |TAMS 0x0000000407800000, 0x0000000407800000| Untracked 
|  14|0x0000000408000000, 0x0000000408000000, 0x0000000408800000|  0%| F|  |TAMS 0x0000000408000000, 0x0000000408000000| Untracked 
|  15|0x0000000408800000, 0x0000000408800000, 0x0000000409000000|  0%| F|  |TAMS 0x0000000408800000, 0x0000000408800000| Untracked 
|  16|0x0000000409000000, 0x0000000409000000, 0x0000000409800000|  0%| F|  |TAMS 0x0000000409000000, 0x0000000409000000| Untracked 
|  17|0x0000000409800000, 0x0000000409800000, 0x000000040a000000|  0%| F|  |TAMS 0x0000000409800000, 0x0000000409800000| Untracked 
|  18|0x000000040a000000, 0x000000040a000000, 0x000000040a800000|  0%| F|  |TAMS 0x000000040a000000, 0x000000040a000000| Untracked 
|  19|0x000000040a800000, 0x000000040a800000, 0x000000040b000000|  0%| F|  |TAMS 0x000000040a800000, 0x000000040a800000| Untracked 
|  20|0x000000040b000000, 0x000000040b000000, 0x000000040b800000|  0%| F|  |TAMS 0x000000040b000000, 0x000000040b000000| Untracked 
|  21|0x000000040b800000, 0x000000040b800000, 0x000000040c000000|  0%| F|  |TAMS 0x000000040b800000, 0x000000040b800000| Untracked 
|  22|0x000000040c000000, 0x000000040c000000, 0x000000040c800000|  0%| F|  |TAMS 0x000000040c000000, 0x000000040c000000| Untracked 
|  23|0x000000040c800000, 0x000000040c800000, 0x000000040d000000|  0%| F|  |TAMS 0x000000040c800000, 0x000000040c800000| Untracked 
|  24|0x000000040d000000, 0x000000040d000000, 0x000000040d800000|  0%| F|  |TAMS 0x000000040d000000, 0x000000040d000000| Untracked 
|  25|0x000000040d800000, 0x000000040d800000, 0x000000040e000000|  0%| F|  |TAMS 0x000000040d800000, 0x000000040d800000| Untracked 
|  26|0x000000040e000000, 0x000000040e000000, 0x000000040e800000|  0%| F|  |TAMS 0x000000040e000000, 0x000000040e000000| Untracked 
|  27|0x000000040e800000, 0x000000040e800000, 0x000000040f000000|  0%| F|  |TAMS 0x000000040e800000, 0x000000040e800000| Untracked 
|  28|0x000000040f000000, 0x000000040f000000, 0x000000040f800000|  0%| F|  |TAMS 0x000000040f000000, 0x000000040f000000| Untracked 
|  29|0x000000040f800000, 0x000000040f800000, 0x0000000410000000|  0%| F|  |TAMS 0x000000040f800000, 0x000000040f800000| Untracked 
|  30|0x0000000410000000, 0x0000000410000000, 0x0000000410800000|  0%| F|  |TAMS 0x0000000410000000, 0x0000000410000000| Untracked 
|  31|0x0000000410800000, 0x0000000410800000, 0x0000000411000000|  0%| F|  |TAMS 0x0000000410800000, 0x0000000410800000| Untracked 
|  32|0x0000000411000000, 0x0000000411000000, 0x0000000411800000|  0%| F|  |TAMS 0x0000000411000000, 0x0000000411000000| Untracked 
|  33|0x0000000411800000, 0x0000000411800000, 0x0000000412000000|  0%| F|  |TAMS 0x0000000411800000, 0x0000000411800000| Untracked 
|  34|0x0000000412000000, 0x0000000412000000, 0x0000000412800000|  0%| F|  |TAMS 0x0000000412000000, 0x0000000412000000| Untracked 
|  35|0x0000000412800000, 0x0000000412800000, 0x0000000413000000|  0%| F|  |TAMS 0x0000000412800000, 0x0000000412800000| Untracked 
|  36|0x0000000413000000, 0x0000000413000000, 0x0000000413800000|  0%| F|  |TAMS 0x0000000413000000, 0x0000000413000000| Untracked 
|  37|0x0000000413800000, 0x0000000413800000, 0x0000000414000000|  0%| F|  |TAMS 0x0000000413800000, 0x0000000413800000| Untracked 
|  38|0x0000000414000000, 0x0000000414000000, 0x0000000414800000|  0%| F|  |TAMS 0x0000000414000000, 0x0000000414000000| Untracked 
|  39|0x0000000414800000, 0x0000000414800000, 0x0000000415000000|  0%| F|  |TAMS 0x0000000414800000, 0x0000000414800000| Untracked 
|  40|0x0000000415000000, 0x0000000415000000, 0x0000000415800000|  0%| F|  |TAMS 0x0000000415000000, 0x0000000415000000| Untracked 
|  41|0x0000000415800000, 0x0000000415800000, 0x0000000416000000|  0%| F|  |TAMS 0x0000000415800000, 0x0000000415800000| Untracked 
|  42|0x0000000416000000, 0x0000000416000000, 0x0000000416800000|  0%| F|  |TAMS 0x0000000416000000, 0x0000000416000000| Untracked 
|  43|0x0000000416800000, 0x0000000416800000, 0x0000000417000000|  0%| F|  |TAMS 0x0000000416800000, 0x0000000416800000| Untracked 
|  44|0x0000000417000000, 0x0000000417000000, 0x0000000417800000|  0%| F|  |TAMS 0x0000000417000000, 0x0000000417000000| Untracked 
|  45|0x0000000417800000, 0x0000000417800000, 0x0000000418000000|  0%| F|  |TAMS 0x0000000417800000, 0x0000000417800000| Untracked 
|  46|0x0000000418000000, 0x0000000418000000, 0x0000000418800000|  0%| F|  |TAMS 0x0000000418000000, 0x0000000418000000| Untracked 
|  47|0x0000000418800000, 0x0000000418800000, 0x0000000419000000|  0%| F|  |TAMS 0x0000000418800000, 0x0000000418800000| Untracked 
|  48|0x0000000419000000, 0x0000000419000000, 0x0000000419800000|  0%| F|  |TAMS 0x0000000419000000, 0x0000000419000000| Untracked 
|  49|0x0000000419800000, 0x0000000419800000, 0x000000041a000000|  0%| F|  |TAMS 0x0000000419800000, 0x0000000419800000| Untracked 
|  50|0x000000041a000000, 0x000000041a000000, 0x000000041a800000|  0%| F|  |TAMS 0x000000041a000000, 0x000000041a000000| Untracked 
|  51|0x000000041a800000, 0x000000041a800000, 0x000000041b000000|  0%| F|  |TAMS 0x000000041a800000, 0x000000041a800000| Untracked 
|  52|0x000000041b000000, 0x000000041b000000, 0x000000041b800000|  0%| F|  |TAMS 0x000000041b000000, 0x000000041b000000| Untracked 
|  53|0x000000041b800000, 0x000000041b800000, 0x000000041c000000|  0%| F|  |TAMS 0x000000041b800000, 0x000000041b800000| Untracked 
|  54|0x000000041c000000, 0x000000041c000000, 0x000000041c800000|  0%| F|  |TAMS 0x000000041c000000, 0x000000041c000000| Untracked 
|  55|0x000000041c800000, 0x000000041c800000, 0x000000041d000000|  0%| F|  |TAMS 0x000000041c800000, 0x000000041c800000| Untracked 
|  56|0x000000041d000000, 0x000000041d000000, 0x000000041d800000|  0%| F|  |TAMS 0x000000041d000000, 0x000000041d000000| Untracked 
|  57|0x000000041d800000, 0x000000041d800000, 0x000000041e000000|  0%| F|  |TAMS 0x000000041d800000, 0x000000041d800000| Untracked 
|  58|0x000000041e000000, 0x000000041e000000, 0x000000041e800000|  0%| F|  |TAMS 0x000000041e000000, 0x000000041e000000| Untracked 
|  59|0x000000041e800000, 0x000000041e800000, 0x000000041f000000|  0%| F|  |TAMS 0x000000041e800000, 0x000000041e800000| Untracked 
|  60|0x000000041f000000, 0x000000041f000000, 0x000000041f800000|  0%| F|  |TAMS 0x000000041f000000, 0x000000041f000000| Untracked 
|  61|0x000000041f800000, 0x000000041f800000, 0x0000000420000000|  0%| F|  |TAMS 0x000000041f800000, 0x000000041f800000| Untracked 
|  62|0x0000000420000000, 0x0000000420000000, 0x0000000420800000|  0%| F|  |TAMS 0x0000000420000000, 0x0000000420000000| Untracked 
|  63|0x0000000420800000, 0x0000000420800000, 0x0000000421000000|  0%| F|  |TAMS 0x0000000420800000, 0x0000000420800000| Untracked 
|  64|0x0000000421000000, 0x0000000421000000, 0x0000000421800000|  0%| F|  |TAMS 0x0000000421000000, 0x0000000421000000| Untracked 
|  65|0x0000000421800000, 0x0000000421800000, 0x0000000422000000|  0%| F|  |TAMS 0x0000000421800000, 0x0000000421800000| Untracked 
|  66|0x0000000422000000, 0x0000000422000000, 0x0000000422800000|  0%| F|  |TAMS 0x0000000422000000, 0x0000000422000000| Untracked 
|  67|0x0000000422800000, 0x0000000422800000, 0x0000000423000000|  0%| F|  |TAMS 0x0000000422800000, 0x0000000422800000| Untracked 
|  68|0x0000000423000000, 0x0000000423000000, 0x0000000423800000|  0%| F|  |TAMS 0x0000000423000000, 0x0000000423000000| Untracked 
|  69|0x0000000423800000, 0x0000000423800000, 0x0000000424000000|  0%| F|  |TAMS 0x0000000423800000, 0x0000000423800000| Untracked 
|  70|0x0000000424000000, 0x0000000424000000, 0x0000000424800000|  0%| F|  |TAMS 0x0000000424000000, 0x0000000424000000| Untracked 
|  71|0x0000000424800000, 0x0000000424800000, 0x0000000425000000|  0%| F|  |TAMS 0x0000000424800000, 0x0000000424800000| Untracked 
|  72|0x0000000425000000, 0x0000000425000000, 0x0000000425800000|  0%| F|  |TAMS 0x0000000425000000, 0x0000000425000000| Untracked 
|  73|0x0000000425800000, 0x0000000425800000, 0x0000000426000000|  0%| F|  |TAMS 0x0000000425800000, 0x0000000425800000| Untracked 
|  74|0x0000000426000000, 0x0000000426000000, 0x0000000426800000|  0%| F|  |TAMS 0x0000000426000000, 0x0000000426000000| Untracked 
|  75|0x0000000426800000, 0x0000000426800000, 0x0000000427000000|  0%| F|  |TAMS 0x0000000426800000, 0x0000000426800000| Untracked 
|  76|0x0000000427000000, 0x0000000427000000, 0x0000000427800000|  0%| F|  |TAMS 0x0000000427000000, 0x0000000427000000| Untracked 
|  77|0x0000000427800000, 0x0000000427800000, 0x0000000428000000|  0%| F|  |TAMS 0x0000000427800000, 0x0000000427800000| Untracked 
|  78|0x0000000428000000, 0x0000000428000000, 0x0000000428800000|  0%| F|  |TAMS 0x0000000428000000, 0x0000000428000000| Untracked 
|  79|0x0000000428800000, 0x0000000428800000, 0x0000000429000000|  0%| F|  |TAMS 0x0000000428800000, 0x0000000428800000| Untracked 
|  80|0x0000000429000000, 0x0000000429000000, 0x0000000429800000|  0%| F|  |TAMS 0x0000000429000000, 0x0000000429000000| Untracked 
|  81|0x0000000429800000, 0x0000000429800000, 0x000000042a000000|  0%| F|  |TAMS 0x0000000429800000, 0x0000000429800000| Untracked 
|  82|0x000000042a000000, 0x000000042a000000, 0x000000042a800000|  0%| F|  |TAMS 0x000000042a000000, 0x000000042a000000| Untracked 
|  83|0x000000042a800000, 0x000000042a800000, 0x000000042b000000|  0%| F|  |TAMS 0x000000042a800000, 0x000000042a800000| Untracked 
|  84|0x000000042b000000, 0x000000042b000000, 0x000000042b800000|  0%| F|  |TAMS 0x000000042b000000, 0x000000042b000000| Untracked 
|  85|0x000000042b800000, 0x000000042b800000, 0x000000042c000000|  0%| F|  |TAMS 0x000000042b800000, 0x000000042b800000| Untracked 
|  86|0x000000042c000000, 0x000000042c000000, 0x000000042c800000|  0%| F|  |TAMS 0x000000042c000000, 0x000000042c000000| Untracked 
|  87|0x000000042c800000, 0x000000042c800000, 0x000000042d000000|  0%| F|  |TAMS 0x000000042c800000, 0x000000042c800000| Untracked 
|  88|0x000000042d000000, 0x000000042d000000, 0x000000042d800000|  0%| F|  |TAMS 0x000000042d000000, 0x000000042d000000| Untracked 
|  89|0x000000042d800000, 0x000000042d800000, 0x000000042e000000|  0%| F|  |TAMS 0x000000042d800000, 0x000000042d800000| Untracked 
|  90|0x000000042e000000, 0x000000042e000000, 0x000000042e800000|  0%| F|  |TAMS 0x000000042e000000, 0x000000042e000000| Untracked 
|  91|0x000000042e800000, 0x000000042e800000, 0x000000042f000000|  0%| F|  |TAMS 0x000000042e800000, 0x000000042e800000| Untracked 
|  92|0x000000042f000000, 0x000000042f000000, 0x000000042f800000|  0%| F|  |TAMS 0x000000042f000000, 0x000000042f000000| Untracked 
|  93|0x000000042f800000, 0x000000042f800000, 0x0000000430000000|  0%| F|  |TAMS 0x000000042f800000, 0x000000042f800000| Untracked 
|  94|0x0000000430000000, 0x0000000430000000, 0x0000000430800000|  0%| F|  |TAMS 0x0000000430000000, 0x0000000430000000| Untracked 
|  95|0x0000000430800000, 0x0000000430800000, 0x0000000431000000|  0%| F|  |TAMS 0x0000000430800000, 0x0000000430800000| Untracked 
|  96|0x0000000431000000, 0x0000000431000000, 0x0000000431800000|  0%| F|  |TAMS 0x0000000431000000, 0x0000000431000000| Untracked 
|  97|0x0000000431800000, 0x0000000431800000, 0x0000000432000000|  0%| F|  |TAMS 0x0000000431800000, 0x0000000431800000| Untracked 
|  98|0x0000000432000000, 0x0000000432000000, 0x0000000432800000|  0%| F|  |TAMS 0x0000000432000000, 0x0000000432000000| Untracked 
|  99|0x0000000432800000, 0x0000000432800000, 0x0000000433000000|  0%| F|  |TAMS 0x0000000432800000, 0x0000000432800000| Untracked 
| 100|0x0000000433000000, 0x0000000433000000, 0x0000000433800000|  0%| F|  |TAMS 0x0000000433000000, 0x0000000433000000| Untracked 
| 101|0x0000000433800000, 0x0000000433800000, 0x0000000434000000|  0%| F|  |TAMS 0x0000000433800000, 0x0000000433800000| Untracked 
| 102|0x0000000434000000, 0x0000000434000000, 0x0000000434800000|  0%| F|  |TAMS 0x0000000434000000, 0x0000000434000000| Untracked 
| 103|0x0000000434800000, 0x0000000434800000, 0x0000000435000000|  0%| F|  |TAMS 0x0000000434800000, 0x0000000434800000| Untracked 
| 104|0x0000000435000000, 0x0000000435000000, 0x0000000435800000|  0%| F|  |TAMS 0x0000000435000000, 0x0000000435000000| Untracked 
| 105|0x0000000435800000, 0x0000000435800000, 0x0000000436000000|  0%| F|  |TAMS 0x0000000435800000, 0x0000000435800000| Untracked 
| 106|0x0000000436000000, 0x0000000436000000, 0x0000000436800000|  0%| F|  |TAMS 0x0000000436000000, 0x0000000436000000| Untracked 
| 107|0x0000000436800000, 0x0000000436800000, 0x0000000437000000|  0%| F|  |TAMS 0x0000000436800000, 0x0000000436800000| Untracked 
| 108|0x0000000437000000, 0x0000000437000000, 0x0000000437800000|  0%| F|  |TAMS 0x0000000437000000, 0x0000000437000000| Untracked 
| 109|0x0000000437800000, 0x0000000437800000, 0x0000000438000000|  0%| F|  |TAMS 0x0000000437800000, 0x0000000437800000| Untracked 
| 110|0x0000000438000000, 0x0000000438000000, 0x0000000438800000|  0%| F|  |TAMS 0x0000000438000000, 0x0000000438000000| Untracked 
| 111|0x0000000438800000, 0x0000000438800000, 0x0000000439000000|  0%| F|  |TAMS 0x0000000438800000, 0x0000000438800000| Untracked 
| 112|0x0000000439000000, 0x0000000439000000, 0x0000000439800000|  0%| F|  |TAMS 0x0000000439000000, 0x0000000439000000| Untracked 
| 113|0x0000000439800000, 0x0000000439800000, 0x000000043a000000|  0%| F|  |TAMS 0x0000000439800000, 0x0000000439800000| Untracked 
| 114|0x000000043a000000, 0x000000043a000000, 0x000000043a800000|  0%| F|  |TAMS 0x000000043a000000, 0x000000043a000000| Untracked 
| 115|0x000000043a800000, 0x000000043a800000, 0x000000043b000000|  0%| F|  |TAMS 0x000000043a800000, 0x000000043a800000| Untracked 
| 116|0x000000043b000000, 0x000000043b000000, 0x000000043b800000|  0%| F|  |TAMS 0x000000043b000000, 0x000000043b000000| Untracked 
| 117|0x000000043b800000, 0x000000043b800000, 0x000000043c000000|  0%| F|  |TAMS 0x000000043b800000, 0x000000043b800000| Untracked 
| 118|0x000000043c000000, 0x000000043c000000, 0x000000043c800000|  0%| F|  |TAMS 0x000000043c000000, 0x000000043c000000| Untracked 
| 119|0x000000043c800000, 0x000000043c800000, 0x000000043d000000|  0%| F|  |TAMS 0x000000043c800000, 0x000000043c800000| Untracked 
| 120|0x000000043d000000, 0x000000043d000000, 0x000000043d800000|  0%| F|  |TAMS 0x000000043d000000, 0x000000043d000000| Untracked 
| 121|0x000000043d800000, 0x000000043d800000, 0x000000043e000000|  0%| F|  |TAMS 0x000000043d800000, 0x000000043d800000| Untracked 
| 122|0x000000043e000000, 0x000000043e000000, 0x000000043e800000|  0%| F|  |TAMS 0x000000043e000000, 0x000000043e000000| Untracked 
| 123|0x000000043e800000, 0x000000043e800000, 0x000000043f000000|  0%| F|  |TAMS 0x000000043e800000, 0x000000043e800000| Untracked 
| 124|0x000000043f000000, 0x000000043f000000, 0x000000043f800000|  0%| F|  |TAMS 0x000000043f000000, 0x000000043f000000| Untracked 
| 125|0x000000043f800000, 0x000000043f800000, 0x0000000440000000|  0%| F|  |TAMS 0x000000043f800000, 0x000000043f800000| Untracked 
| 126|0x0000000440000000, 0x00000004404dd9a0, 0x0000000440800000| 60%| E|  |TAMS 0x0000000440000000, 0x0000000440000000| Complete 
| 127|0x0000000440800000, 0x0000000441000000, 0x0000000441000000|100%| E|CS|TAMS 0x0000000440800000, 0x0000000440800000| Complete 

Card table byte_map: [0x0000025f265c0000,0x0000025f285c0000] _byte_map_base: 0x0000025f245b8000

Marking Bits (Prev, Next): (CMBitMap*) 0x0000025f0b13b480, (CMBitMap*) 0x0000025f0b13b4c0
 Prev Bits: [0x0000025f2a5c0000, 0x0000025f3a580000)
 Next Bits: [0x0000025f3a580000, 0x0000025f4a540000)

Polling page: 0x0000025f0b180000

Metaspace:

Usage:
  Non-class:      3.55 MB used.
      Class:    215.97 KB used.
       Both:      3.76 MB used.

Virtual space:
  Non-class space:       64.00 MB reserved,       3.62 MB (  6%) committed,  1 nodes.
      Class space:        1.00 GB reserved,     256.00 KB ( <1%) committed,  1 nodes.
             Both:        1.06 GB reserved,       3.88 MB ( <1%) committed. 

Chunk freelists:
   Non-Class:  1.94 MB
       Class:  3.63 MB
        Both:  5.57 MB

MaxMetaspaceSize: unlimited
CompressedClassSpaceSize: 1.00 GB
Initial GC threshold: 21.00 MB
Current GC threshold: 21.00 MB
CDS: on
MetaspaceReclaimPolicy: balanced
 - commit_granule_bytes: 65536.
 - commit_granule_words: 8192.
 - virtual_space_node_default_size: 8388608.
 - enlarge_chunks_in_place: 1.
 - new_chunks_are_fully_committed: 0.
 - uncommit_free_chunks: 1.
 - use_allocation_guard: 0.


Internal statistics:

num_allocs_failed_limit: 0.
num_arena_births: 86.
num_arena_deaths: 0.
num_vsnodes_births: 2.
num_vsnodes_deaths: 0.
num_space_committed: 60.
num_space_uncommitted: 0.
num_chunks_returned_to_freelist: 0.
num_chunks_taken_from_freelist: 189.
num_chunk_merges: 0.
num_chunk_splits: 114.
num_chunks_enlarged: 77.
num_inconsistent_stats: 0.

CodeHeap 'non-profiled nmethods': size=119168Kb used=213Kb max_used=213Kb free=118954Kb
 bounds [0x0000025f1bd60000, 0x0000025f1bfd0000, 0x0000025f231c0000]
CodeHeap 'profiled nmethods': size=119104Kb used=1157Kb max_used=1157Kb free=117946Kb
 bounds [0x0000025f14910000, 0x0000025f14b80000, 0x0000025f1bd60000]
CodeHeap 'non-nmethods': size=7488Kb used=2700Kb max_used=2710Kb free=4787Kb
 bounds [0x0000025f141c0000, 0x0000025f14470000, 0x0000025f14910000]
 total_blobs=1763 nmethods=777 adapters=897
 compilation: enabled
              stopped_count=0, restarted_count=0
 full_count=0

Compilation events (20 events):
Event: 0.279 Thread 0x0000025f4d78d590 nmethod 766 0x0000025f14a2c110 code [0x0000025f14a2c2c0, 0x0000025f14a2c4e8]
Event: 0.279 Thread 0x0000025f4d68c370 nmethod 767 0x0000025f14a2c590 code [0x0000025f14a2c7e0, 0x0000025f14a2d378]
Event: 0.280 Thread 0x0000025f4d68c370  769       3       java.lang.String::getBytes (44 bytes)
Event: 0.280 Thread 0x0000025f4d68c370 nmethod 769 0x0000025f14a2d790 code [0x0000025f14a2d960, 0x0000025f14a2dc78]
Event: 0.280 Thread 0x0000025f4d68c370  770       3       jdk.internal.jimage.ImageLocation::verify (218 bytes)
Event: 0.280 Thread 0x0000025f4d78da90  771       3       java.lang.AbstractStringBuilder::append (45 bytes)
Event: 0.280 Thread 0x0000025f4d68c370 nmethod 770 0x0000025f14a2dd90 code [0x0000025f14a2e040, 0x0000025f14a2edb8]
Event: 0.280 Thread 0x0000025f4d78d590  772       3       java.lang.Character::charCount (12 bytes)
Event: 0.280 Thread 0x0000025f4d68c370  773       1       java.util.regex.Pattern::lambda$ALL$10 (2 bytes)
Event: 0.280 Thread 0x0000025f4d68c370 nmethod 773 0x0000025f1bd95190 code [0x0000025f1bd95320, 0x0000025f1bd953d8]
Event: 0.280 Thread 0x0000025f4d78d590 nmethod 772 0x0000025f14a2f310 code [0x0000025f14a2f4a0, 0x0000025f14a2f618]
Event: 0.280 Thread 0x0000025f4d78da90 nmethod 771 0x0000025f14a2f690 code [0x0000025f14a2f8a0, 0x0000025f14a2fdd8]
Event: 0.281 Thread 0x0000025f4d78da90  774       3       java.lang.String::getChars (54 bytes)
Event: 0.281 Thread 0x0000025f4d78d590  775       3       java.lang.StringLatin1::getChars (12 bytes)
Event: 0.281 Thread 0x0000025f4d78d590 nmethod 775 0x0000025f14a30010 code [0x0000025f14a301a0, 0x0000025f14a302c8]
Event: 0.281 Thread 0x0000025f4d78d590  776       1       java.nio.HeapByteBuffer::isDirect (2 bytes)
Event: 0.281 Thread 0x0000025f4d78d590 nmethod 776 0x0000025f1bd95490 code [0x0000025f1bd95620, 0x0000025f1bd956f8]
Event: 0.281 Thread 0x0000025f4d78da90 nmethod 774 0x0000025f14a30390 code [0x0000025f14a305c0, 0x0000025f14a30cf8]
Event: 0.282 Thread 0x0000025f4d78da90  777       3       java.io.RandomAccessFile::readFully (45 bytes)
Event: 0.282 Thread 0x0000025f4d78da90 nmethod 777 0x0000025f14a31010 code [0x0000025f14a311e0, 0x0000025f14a31558]

GC Heap History (0 events):
No events

Deoptimization events (20 events):
Event: 0.078 Thread 0x0000025f0b0c5810 DEOPT PACKING pc=0x0000025f149405e7 sp=0x000000a2c62f9050
Event: 0.078 Thread 0x0000025f0b0c5810 DEOPT UNPACKING pc=0x0000025f14212b43 sp=0x000000a2c62f8470 mode 0
Event: 0.094 Thread 0x0000025f0b0c5810 DEOPT PACKING pc=0x0000025f14919351 sp=0x000000a2c62fbac0
Event: 0.094 Thread 0x0000025f0b0c5810 DEOPT UNPACKING pc=0x0000025f14212b43 sp=0x000000a2c62faf38 mode 0
Event: 0.234 Thread 0x0000025f0b0c5810 Uncommon trap: trap_request=0xffffff54 fr.pc=0x0000025f1bd8d4e0 relative=0x0000000000000060
Event: 0.234 Thread 0x0000025f0b0c5810 Uncommon trap: reason=speculate_null_assert action=make_not_entrant pc=0x0000025f1bd8d4e0 method=sun.misc.Unsafe.putLong(Ljava/lang/Object;JJ)V @ 7 c2
Event: 0.234 Thread 0x0000025f0b0c5810 DEOPT PACKING pc=0x0000025f1bd8d4e0 sp=0x000000a2c62ff130
Event: 0.234 Thread 0x0000025f0b0c5810 DEOPT UNPACKING pc=0x0000025f142123a3 sp=0x000000a2c62ff0a8 mode 2
Event: 0.278 Thread 0x0000025f0b0c5810 Uncommon trap: trap_request=0xffffff45 fr.pc=0x0000025f1bd92fb4 relative=0x0000000000000494
Event: 0.278 Thread 0x0000025f0b0c5810 Uncommon trap: reason=unstable_if action=reinterpret pc=0x0000025f1bd92fb4 method=java.lang.AbstractStringBuilder.inflateIfNeededFor(Ljava/lang/String;)V @ 14 c2
Event: 0.278 Thread 0x0000025f0b0c5810 DEOPT PACKING pc=0x0000025f1bd92fb4 sp=0x000000a2c62ff0d0
Event: 0.278 Thread 0x0000025f0b0c5810 DEOPT UNPACKING pc=0x0000025f142123a3 sp=0x000000a2c62fef70 mode 2
Event: 0.278 Thread 0x0000025f0b0c5810 Uncommon trap: trap_request=0xffffff45 fr.pc=0x0000025f1bd8ad30 relative=0x0000000000000490
Event: 0.278 Thread 0x0000025f0b0c5810 Uncommon trap: reason=unstable_if action=reinterpret pc=0x0000025f1bd8ad30 method=java.lang.AbstractStringBuilder.inflateIfNeededFor(Ljava/lang/String;)V @ 14 c2
Event: 0.278 Thread 0x0000025f0b0c5810 DEOPT PACKING pc=0x0000025f1bd8ad30 sp=0x000000a2c62ff070
Event: 0.278 Thread 0x0000025f0b0c5810 DEOPT UNPACKING pc=0x0000025f142123a3 sp=0x000000a2c62fef78 mode 2
Event: 0.278 Thread 0x0000025f0b0c5810 Uncommon trap: trap_request=0xffffff45 fr.pc=0x0000025f1bd89068 relative=0x00000000000000e8
Event: 0.278 Thread 0x0000025f0b0c5810 Uncommon trap: reason=unstable_if action=reinterpret pc=0x0000025f1bd89068 method=java.lang.String.getBytes([BIB)V @ 5 c2
Event: 0.278 Thread 0x0000025f0b0c5810 DEOPT PACKING pc=0x0000025f1bd89068 sp=0x000000a2c62fef90
Event: 0.278 Thread 0x0000025f0b0c5810 DEOPT UNPACKING pc=0x0000025f142123a3 sp=0x000000a2c62fef58 mode 2

Classes loaded (20 events):
Event: 0.272 Loading class jdk/internal/misc/ScopedMemoryAccess$Scope
Event: 0.272 Loading class jdk/internal/misc/ScopedMemoryAccess$Scope done
Event: 0.272 Loading class sun/net/ProgressMonitor
Event: 0.272 Loading class sun/net/ProgressMonitor done
Event: 0.272 Loading class sun/net/DefaultProgressMeteringPolicy
Event: 0.272 Loading class sun/net/ProgressMeteringPolicy
Event: 0.272 Loading class sun/net/ProgressMeteringPolicy done
Event: 0.272 Loading class sun/net/DefaultProgressMeteringPolicy done
Event: 0.272 Loading class java/util/Scanner
Event: 0.272 Loading class java/util/Scanner done
Event: 0.273 Loading class java/util/Scanner$PatternLRUCache
Event: 0.273 Loading class java/util/Scanner$PatternLRUCache done
Event: 0.274 Loading class jdk/internal/module/ModulePatcher$PatchedModuleReader
Event: 0.274 Loading class jdk/internal/module/ModulePatcher$PatchedModuleReader done
Event: 0.274 Loading class sun/net/www/protocol/jrt/Handler
Event: 0.274 Loading class sun/net/www/protocol/jrt/Handler done
Event: 0.276 Loading class sun/text/resources/cldr/FormatData_en
Event: 0.276 Loading class sun/text/resources/cldr/FormatData_en done
Event: 0.276 Loading class sun/text/resources/cldr/FormatData_en_US
Event: 0.276 Loading class sun/text/resources/cldr/FormatData_en_US done

Classes unloaded (0 events):
No events

Classes redefined (0 events):
No events

Internal exceptions (20 events):
Event: 0.078 Thread 0x0000025f0b0c5810 Exception <a 'java/lang/NoSuchMethodError'{0x0000000440eb77f8}: 'void java.lang.invoke.DelegatingMethodHandle$Holder.delegate(java.lang.Object, java.lang.Object, int, java.lang.Object)'> (0x0000000440eb77f8) 
thrown [s\open\src\hotspot\share\interpreter\linkResolver.cpp, line 766]
Event: 0.078 Thread 0x0000025f0b0c5810 Exception <a 'java/lang/NoSuchMethodError'{0x0000000440fb16c8}: 'int java.lang.invoke.DirectMethodHandle$Holder.invokeSpecial(java.lang.Object, java.lang.Object, java.lang.Object)'> (0x0000000440fb16c8) 
thrown [s\open\src\hotspot\share\interpreter\linkResolver.cpp, line 766]
Event: 0.080 Thread 0x0000025f0b0c5810 Exception <a 'java/lang/NoSuchMethodError'{0x0000000440fcc458}: 'void java.lang.System.loadLibrary(java.lang.String, java.lang.Class)'> (0x0000000440fcc458) 
thrown [s\open\src\hotspot\share\interpreter\linkResolver.cpp, line 766]
Event: 0.093 Thread 0x0000025f0b0c5810 Exception <a 'sun/nio/fs/WindowsException'{0x0000000440013c18}> (0x0000000440013c18) 
thrown [s\open\src\hotspot\share\prims\jni.cpp, line 516]
Event: 0.093 Thread 0x0000025f0b0c5810 Exception <a 'sun/nio/fs/WindowsException'{0x0000000440014168}> (0x0000000440014168) 
thrown [s\open\src\hotspot\share\prims\jni.cpp, line 516]
Event: 0.097 Thread 0x0000025f0b0c5810 Exception <a 'java/lang/NoSuchMethodError'{0x00000004400411b0}: 'int java.lang.invoke.DirectMethodHandle$Holder.invokeStaticInit(java.lang.Object, java.lang.Object, int, long)'> (0x00000004400411b0) 
thrown [s\open\src\hotspot\share\interpreter\linkResolver.cpp, line 766]
Event: 0.097 Thread 0x0000025f0b0c5810 Exception <a 'java/lang/NoSuchMethodError'{0x0000000440046a78}: 'java.lang.Object java.lang.invoke.DirectMethodHandle$Holder.newInvokeSpecial(java.lang.Object, java.lang.Object, int)'> (0x0000000440046a78) 
thrown [s\open\src\hotspot\share\interpreter\linkResolver.cpp, line 766]
Event: 0.098 Thread 0x0000025f0b0c5810 Exception <a 'java/lang/NoSuchMethodError'{0x0000000440055a80}: 'int java.lang.invoke.DirectMethodHandle$Holder.invokeStaticInit(java.lang.Object, java.lang.Object, long, long)'> (0x0000000440055a80) 
thrown [s\open\src\hotspot\share\interpreter\linkResolver.cpp, line 766]
Event: 0.099 Thread 0x0000025f0b0c5810 Exception <a 'java/lang/NoSuchMethodError'{0x000000044005bb90}: 'java.lang.Object java.lang.invoke.DirectMethodHandle$Holder.newInvokeSpecial(java.lang.Object, java.lang.Object, long)'> (0x000000044005bb90) 
thrown [s\open\src\hotspot\share\interpreter\linkResolver.cpp, line 766]
Event: 0.099 Thread 0x0000025f0b0c5810 Exception <a 'java/lang/NoSuchMethodError'{0x000000044005fbe8}: 'java.lang.Object java.lang.invoke.Invokers$Holder.linkToTargetMethod(java.lang.Object, long, java.lang.Object)'> (0x000000044005fbe8) 
thrown [s\open\src\hotspot\share\interpreter\linkResolver.cpp, line 766]
Event: 0.099 Thread 0x0000025f0b0c5810 Exception <a 'java/lang/NoSuchMethodError'{0x0000000440067190}: 'int java.lang.invoke.DirectMethodHandle$Holder.invokeStaticInit(java.lang.Object, java.lang.Object, java.lang.Object, long)'> (0x0000000440067190) 
thrown [s\open\src\hotspot\share\interpreter\linkResolver.cpp, line 766]
Event: 0.110 Thread 0x0000025f0b0c5810 Exception <a 'sun/nio/fs/WindowsException'{0x0000000440120260}> (0x0000000440120260) 
thrown [s\open\src\hotspot\share\prims\jni.cpp, line 516]
Event: 0.110 Thread 0x0000025f0b0c5810 Exception <a 'sun/nio/fs/WindowsException'{0x00000004401205c0}> (0x00000004401205c0) 
thrown [s\open\src\hotspot\share\prims\jni.cpp, line 516]
Event: 0.112 Thread 0x0000025f0b0c5810 Exception <a 'java/lang/NoSuchMethodError'{0x0000000440135b20}: 'int java.lang.invoke.Invokers$Holder.invokeExact_MT(java.lang.Object, java.lang.Object)'> (0x0000000440135b20) 
thrown [s\open\src\hotspot\share\interpreter\linkResolver.cpp, line 766]
Event: 0.228 Thread 0x0000025f0b0c5810 Exception <a 'java/lang/NoSuchMethodError'{0x00000004401cb760}: 'void java.lang.System.load(java.lang.String, java.lang.Class)'> (0x00000004401cb760) 
thrown [s\open\src\hotspot\share\interpreter\linkResolver.cpp, line 766]
Event: 0.228 Thread 0x0000025f0b0c5810 Exception <a 'java/lang/NoSuchMethodError'{0x00000004401ce5f0}: 'void java.lang.System.loadLibrary(java.lang.String, java.lang.Class)'> (0x00000004401ce5f0) 
thrown [s\open\src\hotspot\share\interpreter\linkResolver.cpp, line 766]
Event: 0.231 Thread 0x0000025f0b0c5810 Exception <a 'sun/nio/fs/WindowsException'{0x00000004401df460}> (0x00000004401df460) 
thrown [s\open\src\hotspot\share\prims\jni.cpp, line 516]
Event: 0.231 Thread 0x0000025f0b0c5810 Exception <a 'sun/nio/fs/WindowsException'{0x00000004401df808}> (0x00000004401df808) 
thrown [s\open\src\hotspot\share\prims\jni.cpp, line 516]
Event: 0.232 Thread 0x0000025f0b0c5810 Exception <a 'sun/nio/fs/WindowsException'{0x00000004401e8518}> (0x00000004401e8518) 
thrown [s\open\src\hotspot\share\prims\jni.cpp, line 516]
Event: 0.232 Thread 0x0000025f0b0c5810 Exception <a 'sun/nio/fs/WindowsException'{0x00000004401e87f8}> (0x00000004401e87f8) 
thrown [s\open\src\hotspot\share\prims\jni.cpp, line 516]

VM Operations (6 events):
Event: 0.037 Executing VM operation: HandshakeAllThreads
Event: 0.037 Executing VM operation: HandshakeAllThreads done
Event: 0.064 Executing VM operation: HandshakeAllThreads
Event: 0.064 Executing VM operation: HandshakeAllThreads done
Event: 0.089 Executing VM operation: HandshakeAllThreads
Event: 0.089 Executing VM operation: HandshakeAllThreads done

Events (20 events):
Event: 0.017 Thread 0x0000025f4d67d460 Thread added: 0x0000025f4d67d460
Event: 0.017 Thread 0x0000025f4d67de00 Thread added: 0x0000025f4d67de00
Event: 0.017 Thread 0x0000025f4d67e7a0 Thread added: 0x0000025f4d67e7a0
Event: 0.017 Thread 0x0000025f4d680480 Thread added: 0x0000025f4d680480
Event: 0.017 Thread 0x0000025f4d68c370 Thread added: 0x0000025f4d68c370
Event: 0.017 Thread 0x0000025f4d68ed60 Thread added: 0x0000025f4d68ed60
Event: 0.033 Thread 0x0000025f245b9230 Thread added: 0x0000025f245b9230
Event: 0.037 Thread 0x0000025f4d78d590 Thread added: 0x0000025f4d78d590
Event: 0.037 Thread 0x0000025f4d78da90 Thread added: 0x0000025f4d78da90
Event: 0.043 Loaded shared library C:\Users\nitin\.jdks\openjdk-18.0.1.1\bin\zip.dll
Event: 0.044 Loaded shared library C:\Users\nitin\.jdks\openjdk-18.0.1.1\bin\instrument.dll
Event: 0.046 Loaded shared library C:\Users\nitin\.jdks\openjdk-18.0.1.1\bin\net.dll
Event: 0.047 Loaded shared library C:\Users\nitin\.jdks\openjdk-18.0.1.1\bin\nio.dll
Event: 0.049 Loaded shared library C:\Users\nitin\.jdks\openjdk-18.0.1.1\bin\zip.dll
Event: 0.063 Loaded shared library C:\Program Files\JetBrains\IntelliJ IDEA Community Edition 2022.1.1\bin\breakgen64.dll
Event: 0.063 Thread 0x0000025f4d9cfbc0 Thread added: 0x0000025f4d9cfbc0
Event: 0.063 Thread 0x0000025f4d9dae80 Thread added: 0x0000025f4d9dae80
Event: 0.083 Loaded shared library C:\Users\nitin\.jdks\openjdk-18.0.1.1\bin\jimage.dll
Event: 0.093 Loaded shared library C:\Users\nitin\AppData\Local\Temp\lwjglnitin\3.3.1-build-7\lwjgl.dll
Event: 0.231 Loaded shared library C:\Users\nitin\AppData\Local\Temp\lwjglnitin\3.3.1-build-7\lwjgl_opengl.dll


Dynamic libraries:
0x00007ff7cbec0000 - 0x00007ff7cbece000 	C:\Users\nitin\.jdks\openjdk-18.0.1.1\bin\java.exe
0x00007ff9675b0000 - 0x00007ff9677c4000 	C:\WINDOWS\SYSTEM32\ntdll.dll
0x00007ff966a10000 - 0x00007ff966ad2000 	C:\WINDOWS\System32\KERNEL32.DLL
0x00007ff964d60000 - 0x00007ff9650fc000 	C:\WINDOWS\System32\KERNELBASE.dll
0x00007ff964b20000 - 0x00007ff964c31000 	C:\WINDOWS\System32\ucrtbase.dll
0x00007ff95cc30000 - 0x00007ff95cc4a000 	C:\Users\nitin\.jdks\openjdk-18.0.1.1\bin\VCRUNTIME140.dll
0x00007ff9601b0000 - 0x00007ff9601c7000 	C:\Users\nitin\.jdks\openjdk-18.0.1.1\bin\jli.dll
0x00007ff966860000 - 0x00007ff966a0b000 	C:\WINDOWS\System32\USER32.dll
0x00007ff94d3b0000 - 0x00007ff94d63e000 	C:\WINDOWS\WinSxS\amd64_microsoft.windows.common-controls_6595b64144ccf1df_6.0.22621.1_none_60e502bd9af5bef0\COMCTL32.dll
0x00007ff9651c0000 - 0x00007ff9651e6000 	C:\WINDOWS\System32\win32u.dll
0x00007ff966fe0000 - 0x00007ff967087000 	C:\WINDOWS\System32\msvcrt.dll
0x00007ff967540000 - 0x00007ff967569000 	C:\WINDOWS\System32\GDI32.dll
0x00007ff964a00000 - 0x00007ff964b12000 	C:\WINDOWS\System32\gdi32full.dll
0x00007ff964c40000 - 0x00007ff964cda000 	C:\WINDOWS\System32\msvcp_win.dll
0x00007ff965d90000 - 0x00007ff965dc1000 	C:\WINDOWS\System32\IMM32.DLL
0x00007ff9620b0000 - 0x00007ff9620bc000 	C:\Users\nitin\.jdks\openjdk-18.0.1.1\bin\vcruntime140_1.dll
0x00007ff94a5a0000 - 0x00007ff94a62d000 	C:\Users\nitin\.jdks\openjdk-18.0.1.1\bin\msvcp140.dll
0x00007ff8e8770000 - 0x00007ff8e9380000 	C:\Users\nitin\.jdks\openjdk-18.0.1.1\bin\server\jvm.dll
0x00007ff9653e0000 - 0x00007ff96548e000 	C:\WINDOWS\System32\ADVAPI32.dll
0x00007ff966f30000 - 0x00007ff966fd4000 	C:\WINDOWS\System32\sechost.dll
0x00007ff966740000 - 0x00007ff966855000 	C:\WINDOWS\System32\RPCRT4.dll
0x00007ff9658a0000 - 0x00007ff9658a8000 	C:\WINDOWS\System32\PSAPI.DLL
0x00007ff95d5a0000 - 0x00007ff95d5a9000 	C:\WINDOWS\SYSTEM32\WSOCK32.dll
0x00007ff95ae70000 - 0x00007ff95aea4000 	C:\WINDOWS\SYSTEM32\WINMM.dll
0x00007ff965ee0000 - 0x00007ff965f51000 	C:\WINDOWS\System32\WS2_32.dll
0x00007ff961830000 - 0x00007ff96183a000 	C:\WINDOWS\SYSTEM32\VERSION.dll
0x00007ff963b60000 - 0x00007ff963b78000 	C:\WINDOWS\SYSTEM32\kernel.appcore.dll
0x00007ff95d520000 - 0x00007ff95d52a000 	C:\Users\nitin\.jdks\openjdk-18.0.1.1\bin\jimage.dll
0x00007ff959bc0000 - 0x00007ff959dee000 	C:\WINDOWS\SYSTEM32\DBGHELP.DLL
0x00007ff967190000 - 0x00007ff967519000 	C:\WINDOWS\System32\combase.dll
0x00007ff965e00000 - 0x00007ff965ed7000 	C:\WINDOWS\System32\OLEAUT32.dll
0x00007ff959b80000 - 0x00007ff959bb2000 	C:\WINDOWS\SYSTEM32\dbgcore.DLL
0x00007ff964ce0000 - 0x00007ff964d5b000 	C:\WINDOWS\System32\bcryptPrimitives.dll
0x00007ff95cc20000 - 0x00007ff95cc2e000 	C:\Users\nitin\.jdks\openjdk-18.0.1.1\bin\instrument.dll
0x00007ff95c4f0000 - 0x00007ff95c515000 	C:\Users\nitin\.jdks\openjdk-18.0.1.1\bin\java.dll
0x00007ff9232b0000 - 0x00007ff923386000 	C:\Users\nitin\.jdks\openjdk-18.0.1.1\bin\jsvml.dll
0x00007ff965f60000 - 0x00007ff966738000 	C:\WINDOWS\System32\SHELL32.dll
0x00007ff962a40000 - 0x00007ff9632f8000 	C:\WINDOWS\SYSTEM32\windows.storage.dll
0x00007ff962900000 - 0x00007ff962a3d000 	C:\WINDOWS\SYSTEM32\wintypes.dll
0x00007ff966e30000 - 0x00007ff966f21000 	C:\WINDOWS\System32\SHCORE.dll
0x00007ff966c40000 - 0x00007ff966c9e000 	C:\WINDOWS\System32\shlwapi.dll
0x00007ff964930000 - 0x00007ff964951000 	C:\WINDOWS\SYSTEM32\profapi.dll
0x00007ff94b990000 - 0x00007ff94b9a8000 	C:\Users\nitin\.jdks\openjdk-18.0.1.1\bin\zip.dll
0x00007ff956ce0000 - 0x00007ff956cf3000 	C:\Users\nitin\.jdks\openjdk-18.0.1.1\bin\net.dll
0x00007ff95e0d0000 - 0x00007ff95e1ff000 	C:\WINDOWS\SYSTEM32\WINHTTP.dll
0x00007ff963fc0000 - 0x00007ff964029000 	C:\WINDOWS\system32\mswsock.dll
0x00007ff94bb70000 - 0x00007ff94bb86000 	C:\Users\nitin\.jdks\openjdk-18.0.1.1\bin\nio.dll
0x00007ff94a7e0000 - 0x00007ff94a7fa000 	C:\Program Files\JetBrains\IntelliJ IDEA Community Edition 2022.1.1\bin\breakgen64.dll
0x00007ff94a520000 - 0x00007ff94a595000 	C:\Users\nitin\AppData\Local\Temp\lwjglnitin\3.3.1-build-7\lwjgl.dll
0x00007ff93ee00000 - 0x00007ff93ee61000 	C:\Users\nitin\AppData\Local\Temp\lwjglnitin\3.3.1-build-7\glfw.dll
0x00007ff940800000 - 0x00007ff940846000 	C:\WINDOWS\SYSTEM32\dinput8.dll
0x00007ff933830000 - 0x00007ff933841000 	C:\WINDOWS\SYSTEM32\xinput1_4.dll
0x00007ff9646c0000 - 0x00007ff96470f000 	C:\WINDOWS\SYSTEM32\cfgmgr32.dll
0x00007ff964710000 - 0x00007ff96473c000 	C:\WINDOWS\SYSTEM32\DEVOBJ.dll
0x00007ff962630000 - 0x00007ff96265b000 	C:\WINDOWS\SYSTEM32\dwmapi.dll
0x00007ff94bc60000 - 0x00007ff94be61000 	C:\WINDOWS\SYSTEM32\inputhost.dll
0x00007ff961cc0000 - 0x00007ff961df3000 	C:\WINDOWS\SYSTEM32\CoreMessaging.dll
0x00007ff962400000 - 0x00007ff9624ab000 	C:\WINDOWS\system32\uxtheme.dll
0x00007ff964230000 - 0x00007ff96423c000 	C:\WINDOWS\SYSTEM32\CRYPTBASE.DLL
0x00007ff966d10000 - 0x00007ff966e2e000 	C:\WINDOWS\System32\MSCTF.dll
0x00007ff908a00000 - 0x00007ff908b00000 	C:\WINDOWS\SYSTEM32\opengl32.dll
0x00007ff9575b0000 - 0x00007ff9575dd000 	C:\WINDOWS\SYSTEM32\GLU32.dll
0x00007ff9624e0000 - 0x00007ff962516000 	C:\WINDOWS\SYSTEM32\dxcore.dll
0x00007ff965490000 - 0x00007ff965540000 	C:\WINDOWS\System32\clbcatq.dll
0x00007ff8d5030000 - 0x00007ff8d8058000 	C:\WINDOWS\System32\DriverStore\FileRepository\nv_dispi.inf_amd64_d5d5b9f929f4cb65\nvoglv64.dll
0x00007ff965910000 - 0x00007ff965d84000 	C:\WINDOWS\System32\SETUPAPI.dll
0x00007ff965540000 - 0x00007ff9656dc000 	C:\WINDOWS\System32\ole32.dll
0x00007ff95e0b0000 - 0x00007ff95e0c4000 	C:\WINDOWS\SYSTEM32\WTSAPI32.dll
0x00007ff9646a0000 - 0x00007ff9646b2000 	C:\WINDOWS\SYSTEM32\msasn1.dll
0x00007ff960490000 - 0x00007ff9604c2000 	C:\WINDOWS\SYSTEM32\cryptnet.dll
0x00007ff9651f0000 - 0x00007ff965356000 	C:\WINDOWS\System32\CRYPT32.dll
0x00007ff95d910000 - 0x00007ff95da68000 	C:\WINDOWS\SYSTEM32\drvstore.dll
0x00007ff9642c0000 - 0x00007ff964306000 	C:\WINDOWS\SYSTEM32\wldp.dll
0x00007ff965360000 - 0x00007ff9653c9000 	C:\WINDOWS\System32\WINTRUST.dll
0x00007ff963b80000 - 0x00007ff963bb4000 	C:\WINDOWS\SYSTEM32\ntmarta.dll
0x00007ff92bec0000 - 0x00007ff92c187000 	C:\WINDOWS\system32\nvspcap64.dll
0x00007ff963930000 - 0x00007ff96397d000 	C:\WINDOWS\SYSTEM32\powrprof.dll
0x00007ff963910000 - 0x00007ff963923000 	C:\WINDOWS\SYSTEM32\UMPDC.dll
0x00007ff963670000 - 0x00007ff9636d6000 	C:\WINDOWS\SYSTEM32\WINSTA.dll
0x00007ff9511d0000 - 0x00007ff9512fd000 	C:\WINDOWS\SYSTEM32\textinputframework.dll
0x00007ff95f850000 - 0x00007ff95fbbc000 	C:\WINDOWS\SYSTEM32\CoreUIComponents.dll
0x00007ff93eef0000 - 0x00007ff93ef4d000 	C:\Users\nitin\AppData\Local\Temp\lwjglnitin\3.3.1-build-7\lwjgl_opengl.dll

dbghelp: loaded successfully - version: 4.0.5 - missing functions: none
symbol engine: initialized successfully - sym options: 0x614 - pdb path: .;C:\Users\nitin\.jdks\openjdk-18.0.1.1\bin;C:\WINDOWS\SYSTEM32;C:\WINDOWS\WinSxS\amd64_microsoft.windows.common-controls_6595b64144ccf1df_6.0.22621.1_none_60e502bd9af5bef0;C:\Users\nitin\.jdks\openjdk-18.0.1.1\bin\server;C:\Program Files\JetBrains\IntelliJ IDEA Community Edition 2022.1.1\bin;C:\Users\nitin\AppData\Local\Temp\lwjglnitin\3.3.1-build-7;C:\WINDOWS\System32\DriverStore\FileRepository\nv_dispi.inf_amd64_d5d5b9f929f4cb65

VM Arguments:
jvm_args: -javaagent:C:\Program Files\JetBrains\IntelliJ IDEA Community Edition 2022.1.1\lib\idea_rt.jar=49568:C:\Program Files\JetBrains\IntelliJ IDEA Community Edition 2022.1.1\bin -Dfile.encoding=UTF-8 
java_command: Main
java_class_path (initial): C:\Users\nitin\IdeaProjects\Renderer\out\production\Renderer;C:\Users\nitin\IdeaProjects\Renderer\lwjgl\lwjgl\lwjgl-natives-linux-arm32.jar;C:\Users\nitin\IdeaProjects\Renderer\lwjgl\lwjgl\lwjgl-natives-linux-arm64.jar;C:\Users\nitin\IdeaProjects\Renderer\lwjgl\lwjgl\lwjgl-natives-linux.jar;C:\Users\nitin\IdeaProjects\Renderer\lwjgl\lwjgl\lwjgl-natives-macos-arm64.jar;C:\Users\nitin\IdeaProjects\Renderer\lwjgl\lwjgl\lwjgl-natives-macos.jar;C:\Users\nitin\IdeaProjects\Renderer\lwjgl\lwjgl\lwjgl-natives-windows-arm64.jar;C:\Users\nitin\IdeaProjects\Renderer\lwjgl\lwjgl\lwjgl-natives-windows-x86.jar;C:\Users\nitin\IdeaProjects\Renderer\lwjgl\lwjgl\lwjgl-natives-windows.jar;C:\Users\nitin\IdeaProjects\Renderer\lwjgl\lwjgl\lwjgl.jar;C:\Users\nitin\IdeaProjects\Renderer\lwjgl\lwjgl-glfw\lwjgl-glfw-natives-linux-arm32.jar;C:\Users\nitin\IdeaProjects\Renderer\lwjgl\lwjgl-glfw\lwjgl-glfw-natives-linux-arm64.jar;C:\Users\nitin\IdeaProjects\Renderer\lwjgl\lwjgl-glfw\lwjgl-glfw-natives-linux.jar;C:\Users\nitin\IdeaProjects\Renderer\lwjgl\lwjgl-glfw\lwjgl-glfw-natives-macos-arm64.jar;C:\Users\nitin\IdeaProjects\Renderer\lwjgl\lwjgl-glfw\lwjgl-glfw-natives-macos.jar;C:\Users\nitin\IdeaProjects\Renderer\lwjgl\lwjgl-glfw\lwjgl-glfw-natives-windows-arm64.jar;C:\Users\nitin\IdeaProjects\Renderer\lwjgl\lwjgl-glfw\lwjgl-glfw-natives-windows-x86.jar;C:\Users\nitin\IdeaProjects\Renderer\lwjgl\lwjgl-glfw\lwjgl-glfw-natives-windows.jar;C:\Users\nitin\IdeaProjects\Renderer\lwjgl\lwjgl-glfw\lwjgl-glfw.jar;C:\Users\nitin\IdeaProjects\Renderer\lwjgl\lwjgl-opengl\lwjgl-opengl-natives-linux-arm32.jar;C:\Users\nitin\IdeaProjects\Renderer\lwjgl\lwjgl-opengl\lwjgl-opengl-natives-linux-arm64.jar;C:\Users\nitin\IdeaProjects\Renderer\lwjgl\lwjgl-opengl\lwjgl-opengl-natives-linux.jar;C:\Users\nitin\IdeaProjects\Renderer\lwjgl\lwjgl-opengl\lwjgl-opengl-natives-macos-arm64.jar;C:\Users\nitin\IdeaProjects\Renderer\lwjgl\lwjgl-opengl\lwjgl-opengl-natives-macos.jar;C:\Users\nitin\IdeaProjects\Renderer\lwjgl\lwjgl-opengl\lwjgl-opengl-natives-windows-arm64.jar;C:\Users\nitin\IdeaProjects\Renderer\lwjgl\lwjgl-opengl\lwjgl-opengl-natives-windows-x86.jar;C:\Users\nitin\IdeaProjects\Renderer\lwjgl\lwjgl-opengl\lwjgl-opengl-natives-windows.jar;C:\Users\nitin\IdeaProjects\Renderer\lwjgl\lwjgl-opengl\lwjgl-opengl.jar
Launcher Type: SUN_STANDARD

[Global flags]
     intx CICompilerCount                          = 12                                        {product} {ergonomic}
     uint ConcGCThreads                            = 4                                         {product} {ergonomic}
     uint G1ConcRefinementThreads                  = 15                                        {product} {ergonomic}
   size_t G1HeapRegionSize                         = 8388608                                   {product} {ergonomic}
    uintx GCDrainStackTargetSize                   = 64                                        {product} {ergonomic}
   size_t InitialHeapSize                          = 1073741824                                {product} {ergonomic}
   size_t MarkStackSize                            = 4194304                                   {product} {ergonomic}
   size_t MaxHeapSize                              = 17163091968                               {product} {ergonomic}
   size_t MaxNewSize                               = 10292822016                               {product} {ergonomic}
   size_t MinHeapDeltaBytes                        = 8388608                                   {product} {ergonomic}
   size_t MinHeapSize                              = 8388608                                   {product} {ergonomic}
    uintx NonNMethodCodeHeapSize                   = 7602480                                {pd product} {ergonomic}
    uintx NonProfiledCodeHeapSize                  = 122027880                              {pd product} {ergonomic}
    uintx ProfiledCodeHeapSize                     = 122027880                              {pd product} {ergonomic}
    uintx ReservedCodeCacheSize                    = 251658240                              {pd product} {ergonomic}
     bool SegmentedCodeCache                       = true                                      {product} {ergonomic}
   size_t SoftMaxHeapSize                          = 17163091968                            {manageable} {ergonomic}
     bool UseCompressedClassPointers               = true                           {product lp64_product} {ergonomic}
     bool UseCompressedOops                        = true                           {product lp64_product} {ergonomic}
     bool UseG1GC                                  = true                                      {product} {ergonomic}
     bool UseLargePagesIndividualAllocation        = false                                  {pd product} {ergonomic}

Logging:
Log output configuration:
 #0: stdout all=warning uptime,level,tags foldmultilines=false
 #1: stderr all=off uptime,level,tags foldmultilines=false

Environment Variables:
PATH=C:\Program Files (x86)\Common Files\Oracle\Java\javapath;C:\Windows\system32;C:\Windows;C:\Windows\System32\Wbem;C:\Windows\System32\WindowsPowerShell\v1.0\;C:\Windows\System32\OpenSSH\;C:\Program Files\NVIDIA Corporation\NVIDIA NvDLISR;C:\Program Files\dotnet\;C:\WINDOWS\system32;C:\WINDOWS;C:\WINDOWS\System32\Wbem;C:\WINDOWS\System32\WindowsPowerShell\v1.0\;C:\WINDOWS\System32\OpenSSH\;C:\Program Files (x86)\NVIDIA Corporation\PhysX\Common;C:\WINDOWS\system32;C:\WINDOWS;C:\WINDOWS\System32\Wbem;C:\WINDOWS\System32\WindowsPowerShell\v1.0\;C:\WINDOWS\System32\OpenSSH\;C:\Users\nitin\AppData\Local\Microsoft\WindowsApps;C:\Users\nitin\.dotnet\tools;
USERNAME=nitin
OS=Windows_NT
PROCESSOR_IDENTIFIER=Intel64 Family 6 Model 165 Stepping 5, GenuineIntel



---------------  S Y S T E M  ---------------

OS:
 Windows 11 , 64 bit Build 22621 (10.0.22621.1)
OS uptime: 8 days 1:16 hours

CPU: total 20 (initial active 20) (10 cores per cpu, 2 threads per core) family 6 model 165 stepping 5 microcode 0xe2, cx8, cmov, fxsr, ht, mmx, 3dnowpref, sse, sse2, sse3, ssse3, sse4.1, sse4.2, popcnt, lzcnt, tsc, tscinvbit, avx, avx2, aes, erms, clmul, bmi1, bmi2, adx, fma, vzeroupper, clflush, clflushopt

Memory: 4k page, system-wide physical 65457M (53507M free)
TotalPageFile size 75185M (AvailPageFile size 59269M)
current process WorkingSet (physical memory assigned to process): 94M, peak: 94M
current process commit charge ("private bytes"): 1237M, peak: 1237M

vm_info: OpenJDK 64-Bit Server VM (18.0.1.1+2-6) for windows-amd64 JRE (18.0.1.1+2-6), built on Apr 25 2022 21:50:56 by "mach5one" with MS VC++ 16.8 / 16.9 (VS2019)

END.
