#
# A fatal error has been detected by the Java Runtime Environment:
#
#  EXCEPTION_ACCESS_VIOLATION (0xc0000005) at pc=0x00007ff8d984ae80, pid=19704, tid=15736
#
# JRE version: OpenJDK Runtime Environment (18.0.1.1+2) (build 18.0.1.1+2-6)
# Java VM: OpenJDK 64-Bit Server VM (18.0.1.1+2-6, mixed mode, sharing, tiered, compressed oops, compressed class ptrs, g1 gc, windows-amd64)
# Problematic frame:
# C  [nvoglv64.dll+0x126ae80]
#
# No core dump will be written. Minidumps are not enabled by default on client versions of Windows
#
# If you would like to submit a bug report, please visit:
#   https://bugreport.java.com/bugreport/crash.jsp
# The crash happened outside the Java Virtual Machine in native code.
# See problematic frame for where to report the bug.
#

---------------  S U M M A R Y ------------

Command Line: -javaagent:C:\Program Files\JetBrains\IntelliJ IDEA Community Edition 2022.1.1\lib\idea_rt.jar=65123:C:\Program Files\JetBrains\IntelliJ IDEA Community Edition 2022.1.1\bin -Dfile.encoding=UTF-8 Main

Host: Intel(R) Core(TM) i9-10900K CPU @ 3.70GHz, 20 cores, 63G,  Windows 11 , 64 bit Build 22621 (10.0.22621.1)
Time: Wed May 25 13:44:04 2022 Pacific Daylight Time elapsed time: 0.288160 seconds (0d 0h 0m 0s)

---------------  T H R E A D  ---------------

Current thread (0x000001a0119216c0):  JavaThread "main" [_thread_in_native, id=15736, stack(0x0000006bf7600000,0x0000006bf7700000)]

Stack: [0x0000006bf7600000,0x0000006bf7700000],  sp=0x0000006bf76fed38,  free space=1019k
Native frames: (J=compiled Java code, j=interpreted, Vv=VM code, C=native code)
C  [nvoglv64.dll+0x126ae80]

Java frames: (J=compiled Java code, j=interpreted, Vv=VM code)
j  org.lwjgl.opengl.GL11C.nglDrawElements(IIIJ)V+0
j  org.lwjgl.opengl.GL11C.glDrawElements(IIIJ)V+4
j  Renderer.render(LWindow;LMesh;)V+52
j  PlaceHolderGame.render(LWindow;)V+34
j  Engine.render()V+8
j  Engine.gameLoop()V+58
j  Engine.run()V+5
j  Main.main([Ljava/lang/String;)V+29
v  ~StubRoutines::call_stub

siginfo: EXCEPTION_ACCESS_VIOLATION (0xc0000005), reading address 0x0000000000000000


Register to memory mapping:

RIP=0x00007ff8d984ae80 nvoglv64.dll
RAX=0x0000000000022006 is an unknown value
RBX=0x000001a056c3e748 points into unknown readable memory: 0x0000000400022006 | 06 20 02 00 04 00 00 00
RCX=0x000001a056c3e764 points into unknown readable memory: 00 00 00 00
RDX=0x0 is NULL
RSP=0x0000006bf76fed38 is pointing into the stack for thread: 0x000001a0119216c0
RBP=0x0000000000000044 is an unknown value
RSI=0x0000000000000006 is an unknown value
RDI=0x000001a0577cf080 points into unknown readable memory: 0x0000000000000000 | 00 00 00 00 00 00 00 00
R8 =0x0000000000000018 is an unknown value
R9 =0x000001a056c3e748 points into unknown readable memory: 0x0000000400022006 | 06 20 02 00 04 00 00 00
R10=0x0 is NULL
R11=0x000001a056c3e764 points into unknown readable memory: 00 00 00 00
R12=0x0000000000000004 is an unknown value
R13=0x0000000000001405 is an unknown value
R14=0x0000000000000018 is an unknown value
R15=0x0 is NULL


Registers:
RAX=0x0000000000022006, RBX=0x000001a056c3e748, RCX=0x000001a056c3e764, RDX=0x0000000000000000
RSP=0x0000006bf76fed38, RBP=0x0000000000000044, RSI=0x0000000000000006, RDI=0x000001a0577cf080
R8 =0x0000000000000018, R9 =0x000001a056c3e748, R10=0x0000000000000000, R11=0x000001a056c3e764
R12=0x0000000000000004, R13=0x0000000000001405, R14=0x0000000000000018, R15=0x0000000000000000
RIP=0x00007ff8d984ae80, EFLAGS=0x0000000000010283

Top of Stack: (sp=0x0000006bf76fed38)
0x0000006bf76fed38:   00007ff8d8ef773c 0000000000000005
0x0000006bf76fed48:   000001a05299e5f8 0000006bf76fee60
0x0000006bf76fed58:   00007ff8e8b13a85 000000000017555d
0x0000006bf76fed68:   000001a019274e47 000001a0119216c0
0x0000006bf76fed78:   000001a0119216c0 000001a05299e5f8
0x0000006bf76fed88:   000001a0119216c0 000001a0192594fe
0x0000006bf76fed98:   000001a01925d48e 000001a0119216c0
0x0000006bf76feda8:   000001a05299e5f8 0000000000000000
0x0000006bf76fedb8:   000001a0192594fe 0000000000000005
0x0000006bf76fedc8:   000001a01925d621 0000006bf76fee60
0x0000006bf76fedd8:   0000006bf76fee00 0000006bf76feea0
0x0000006bf76fede8:   000001a05299e5f8 000001a000001405
0x0000006bf76fedf8:   0000000000000000 3ff0000000000000
0x0000006bf76fee08:   000001a0119216c0 000001a01925d2f6
0x0000006bf76fee18:   0000006bf76fee18 000001a05299e5f8
0x0000006bf76fee28:   0000006bf76feea0 000001a0529a8c70 

Instructions: (pc=0x00007ff8d984ae80)
0x00007ff8d984ad80:   33 c0 c3 1b c0 83 d8 ff c3 90 49 c1 e9 02 74 37
0x00007ff8d984ad90:   48 8b 01 48 3b 04 11 75 5b 48 8b 41 08 48 3b 44
0x00007ff8d984ada0:   11 08 75 4c 48 8b 41 10 48 3b 44 11 10 75 3d 48
0x00007ff8d984adb0:   8b 41 18 48 3b 44 11 18 75 2e 48 83 c1 20 49 ff
0x00007ff8d984adc0:   c9 75 cd 49 83 e0 1f 4d 8b c8 49 c1 e9 03 74 9b
0x00007ff8d984add0:   48 8b 01 48 3b 04 11 75 1b 48 83 c1 08 49 ff c9
0x00007ff8d984ade0:   75 ee 49 83 e0 07 eb 83 48 83 c1 08 48 83 c1 08
0x00007ff8d984adf0:   48 83 c1 08 48 8b 0c 0a 48 0f c8 48 0f c9 48 3b
0x00007ff8d984ae00:   c1 1b c0 83 d8 ff c3 cc cc cc cc cc cc cc cc cc
0x00007ff8d984ae10:   cc cc cc cc cc cc 66 66 0f 1f 84 00 00 00 00 00
0x00007ff8d984ae20:   57 56 49 8b c3 48 8b f9 49 8b c8 49 8b f2 f3 a4
0x00007ff8d984ae30:   5e 5f c3 cc cc cc cc cc cc 0f 1f 80 00 00 00 00
0x00007ff8d984ae40:   4c 8b d9 4c 8b d2 49 83 f8 10 76 54 49 83 f8 20
0x00007ff8d984ae50:   76 2e 48 2b d1 73 0d 4b 8d 04 10 48 3b c8 0f 82
0x00007ff8d984ae60:   dc 02 00 00 49 81 f8 80 00 00 00 0f 86 0f 02 00
0x00007ff8d984ae70:   00 f6 05 c8 8b bf 01 02 0f 84 52 01 00 00 eb a0
0x00007ff8d984ae80:   0f 10 02 42 0f 10 4c 02 f0 0f 11 01 42 0f 11 4c
0x00007ff8d984ae90:   01 f0 48 8b c1 c3 66 66 0f 1f 84 00 00 00 00 00
0x00007ff8d984aea0:   48 8b c1 4c 8d 0d 56 51 d9 fe 43 8b 8c 81 10 0a
0x00007ff8d984aeb0:   fd 02 49 03 c9 ff e1 66 0f 1f 84 00 00 00 00 00
0x00007ff8d984aec0:   c3 0f b7 0a 66 89 08 c3 48 8b 0a 48 89 08 c3 0f
0x00007ff8d984aed0:   b7 0a 44 0f b6 42 02 66 89 08 44 88 40 02 c3 0f
0x00007ff8d984aee0:   b6 0a 88 08 c3 f3 0f 6f 02 f3 0f 7f 00 c3 66 90
0x00007ff8d984aef0:   4c 8b 02 0f b7 4a 08 44 0f b6 4a 0a 4c 89 00 66
0x00007ff8d984af00:   89 48 08 44 88 48 0a c3 8b 0a 89 08 c3 0f 1f 00
0x00007ff8d984af10:   8b 0a 44 0f b6 42 04 89 08 44 88 40 04 c3 66 90
0x00007ff8d984af20:   8b 0a 44 0f b7 42 04 89 08 66 44 89 40 04 c3 90
0x00007ff8d984af30:   8b 0a 44 0f b7 42 04 44 0f b6 4a 06 89 08 66 44
0x00007ff8d984af40:   89 40 04 44 88 48 06 c3 4c 8b 02 8b 4a 08 44 0f
0x00007ff8d984af50:   b6 4a 0c 4c 89 00 89 48 08 44 88 48 0c c3 66 90
0x00007ff8d984af60:   4c 8b 02 0f b6 4a 08 4c 89 00 88 48 08 c3 66 90
0x00007ff8d984af70:   4c 8b 02 0f b7 4a 08 4c 89 00 66 89 48 08 c3 90 


Stack slot to memory mapping:
stack at sp + 0 slots: 0x00007ff8d8ef773c nvoglv64.dll
stack at sp + 1 slots: 0x0000000000000005 is an unknown value
stack at sp + 2 slots: {method} {0x000001a05299e600} 'nglDrawElements' '(IIIJ)V' in 'org/lwjgl/opengl/GL11C'
stack at sp + 3 slots: 0x0000006bf76fee60 is pointing into the stack for thread: 0x000001a0119216c0
stack at sp + 4 slots: 0x00007ff8e8b13a85 jvm.dll
stack at sp + 5 slots: 0x000000000017555d is an unknown value
stack at sp + 6 slots: 0x000001a019274e47 is at code_begin+4295 in 
[CodeBlob (0x000001a019273d10)]
Framesize: 0
BufferBlob (0x000001a019273d10) used for native signature handlers
stack at sp + 7 slots: 0x000001a0119216c0 is a thread


---------------  P R O C E S S  ---------------

Threads class SMR info:
_java_thread_list=0x000001a052329930, length=15, elements={
0x000001a0119216c0, 0x000001a051fdc5f0, 0x000001a051fdcf90, 0x000001a051ff6a90,
0x000001a051ff7340, 0x000001a051ff7ce0, 0x000001a051ffa690, 0x000001a051ffb360,
0x000001a052004d60, 0x000001a052008c40, 0x000001a04ef82bd0, 0x000001a05210ddb0,
0x000001a05210d390, 0x000001a052370ce0, 0x000001a05234f170
}

Java Threads: ( => current thread )
=>0x000001a0119216c0 JavaThread "main" [_thread_in_native, id=15736, stack(0x0000006bf7600000,0x0000006bf7700000)]
  0x000001a051fdc5f0 JavaThread "Reference Handler" daemon [_thread_blocked, id=17920, stack(0x0000006bf7d00000,0x0000006bf7e00000)]
  0x000001a051fdcf90 JavaThread "Finalizer" daemon [_thread_blocked, id=28320, stack(0x0000006bf7e00000,0x0000006bf7f00000)]
  0x000001a051ff6a90 JavaThread "Signal Dispatcher" daemon [_thread_blocked, id=16976, stack(0x0000006bf7f00000,0x0000006bf8000000)]
  0x000001a051ff7340 JavaThread "Attach Listener" daemon [_thread_blocked, id=1264, stack(0x0000006bf8000000,0x0000006bf8100000)]
  0x000001a051ff7ce0 JavaThread "Service Thread" daemon [_thread_blocked, id=12620, stack(0x0000006bf8100000,0x0000006bf8200000)]
  0x000001a051ffa690 JavaThread "Monitor Deflation Thread" daemon [_thread_blocked, id=10408, stack(0x0000006bf8200000,0x0000006bf8300000)]
  0x000001a051ffb360 JavaThread "C2 CompilerThread0" daemon [_thread_blocked, id=30636, stack(0x0000006bf8300000,0x0000006bf8400000)]
  0x000001a052004d60 JavaThread "C1 CompilerThread0" daemon [_thread_blocked, id=18868, stack(0x0000006bf8400000,0x0000006bf8500000)]
  0x000001a052008c40 JavaThread "Sweeper thread" daemon [_thread_blocked, id=17512, stack(0x0000006bf8500000,0x0000006bf8600000)]
  0x000001a04ef82bd0 JavaThread "Common-Cleaner" daemon [_thread_blocked, id=21812, stack(0x0000006bf8600000,0x0000006bf8700000)]
  0x000001a05210ddb0 JavaThread "C1 CompilerThread1" daemon [_thread_blocked, id=24400, stack(0x0000006bf8700000,0x0000006bf8800000)]
  0x000001a05210d390 JavaThread "C1 CompilerThread2" daemon [_thread_blocked, id=18936, stack(0x0000006bf8800000,0x0000006bf8900000)]
  0x000001a052370ce0 JavaThread "Monitor Ctrl-Break" daemon [_thread_in_native, id=16836, stack(0x0000006bf8900000,0x0000006bf8a00000)]
  0x000001a05234f170 JavaThread "Notification Thread" daemon [_thread_blocked, id=28940, stack(0x0000006bf8a00000,0x0000006bf8b00000)]

Other Threads:
  0x000001a04ee20150 VMThread "VM Thread" [stack: 0x0000006bf7c00000,0x0000006bf7d00000] [id=21292]
  0x000001a0523711a0 WatcherThread "VM Periodic Task Thread" [stack: 0x0000006bf8b00000,0x0000006bf8c00000] [id=25616]
  0x000001a04edd0820 WorkerThread "GC Thread#0" [stack: 0x0000006bf7700000,0x0000006bf7800000] [id=17916]
  0x000001a0119dba20 ConcurrentGCThread "G1 Main Marker" [stack: 0x0000006bf7800000,0x0000006bf7900000] [id=19012]
  0x000001a0119dc480 WorkerThread "G1 Conc#0" [stack: 0x0000006bf7900000,0x0000006bf7a00000] [id=4348]
  0x000001a04ee4fe80 ConcurrentGCThread "G1 Refine#0" [stack: 0x0000006bf7a00000,0x0000006bf7b00000] [id=13944]
  0x000001a04ee51640 ConcurrentGCThread "G1 Service" [stack: 0x0000006bf7b00000,0x0000006bf7c00000] [id=29264]

Threads with active compile tasks:

VM state: not at safepoint (normal execution)

VM Mutex/Monitor currently owned by a thread: None

Heap address: 0x0000000401000000, size: 16368 MB, Compressed Oops mode: Zero based, Oop shift amount: 3

CDS archive(s) mapped at: [0x0000000800000000-0x0000000800b90000-0x0000000800b90000), size 12124160, SharedBaseAddress: 0x0000000800000000, ArchiveRelocationMode: 0.
Compressed class space mapped at: 0x0000000800c00000-0x0000000840c00000, reserved size: 1073741824
Narrow klass base: 0x0000000800000000, Narrow klass shift: 0, Narrow klass range: 0x100000000

GC Precious Log:
 CardTable entry size: 512
 Card Set container configuration: InlinePtr #cards 4 size 8 Array Of Cards #cards 64 size 144 Howl #buckets 8 coarsen threshold 14745 Howl Bitmap #cards 2048 size 272 coarsen threshold 1843 Card regions per heap region 1 cards per card region 16384
 CPUs: 20 total, 20 available
 Memory: 65457M
 Large Page Support: Disabled
 NUMA Support: Disabled
 Compressed Oops: Enabled (Zero based)
 Heap Region Size: 8M
 Heap Min Capacity: 8M
 Heap Initial Capacity: 1G
 Heap Max Capacity: 16368M
 Pre-touch: Disabled
 Parallel Workers: 15
 Concurrent Workers: 4
 Concurrent Refinement Workers: 15
 Periodic GC: Disabled

Heap:
 garbage-first heap   total 1048576K, used 8192K [0x0000000401000000, 0x0000000800000000)
  region size 8192K, 2 young (16384K), 0 survivors (0K)
 Metaspace       used 3848K, committed 3968K, reserved 1114112K
  class space    used 215K, committed 256K, reserved 1048576K

Heap Regions: E=young(eden), S=young(survivor), O=old, HS=humongous(starts), HC=humongous(continues), CS=collection set, F=free, OA=open archive, CA=closed archive, TAMS=top-at-mark-start (previous, next)
|   0|0x0000000401000000, 0x0000000401000000, 0x0000000401800000|  0%| F|  |TAMS 0x0000000401000000, 0x0000000401000000| Untracked 
|   1|0x0000000401800000, 0x0000000401800000, 0x0000000402000000|  0%| F|  |TAMS 0x0000000401800000, 0x0000000401800000| Untracked 
|   2|0x0000000402000000, 0x0000000402000000, 0x0000000402800000|  0%| F|  |TAMS 0x0000000402000000, 0x0000000402000000| Untracked 
|   3|0x0000000402800000, 0x0000000402800000, 0x0000000403000000|  0%| F|  |TAMS 0x0000000402800000, 0x0000000402800000| Untracked 
|   4|0x0000000403000000, 0x0000000403000000, 0x0000000403800000|  0%| F|  |TAMS 0x0000000403000000, 0x0000000403000000| Untracked 
|   5|0x0000000403800000, 0x0000000403800000, 0x0000000404000000|  0%| F|  |TAMS 0x0000000403800000, 0x0000000403800000| Untracked 
|   6|0x0000000404000000, 0x0000000404000000, 0x0000000404800000|  0%| F|  |TAMS 0x0000000404000000, 0x0000000404000000| Untracked 
|   7|0x0000000404800000, 0x0000000404800000, 0x0000000405000000|  0%| F|  |TAMS 0x0000000404800000, 0x0000000404800000| Untracked 
|   8|0x0000000405000000, 0x0000000405000000, 0x0000000405800000|  0%| F|  |TAMS 0x0000000405000000, 0x0000000405000000| Untracked 
|   9|0x0000000405800000, 0x0000000405800000, 0x0000000406000000|  0%| F|  |TAMS 0x0000000405800000, 0x0000000405800000| Untracked 
|  10|0x0000000406000000, 0x0000000406000000, 0x0000000406800000|  0%| F|  |TAMS 0x0000000406000000, 0x0000000406000000| Untracked 
|  11|0x0000000406800000, 0x0000000406800000, 0x0000000407000000|  0%| F|  |TAMS 0x0000000406800000, 0x0000000406800000| Untracked 
|  12|0x0000000407000000, 0x0000000407000000, 0x0000000407800000|  0%| F|  |TAMS 0x0000000407000000, 0x0000000407000000| Untracked 
|  13|0x0000000407800000, 0x0000000407800000, 0x0000000408000000|  0%| F|  |TAMS 0x0000000407800000, 0x0000000407800000| Untracked 
|  14|0x0000000408000000, 0x0000000408000000, 0x0000000408800000|  0%| F|  |TAMS 0x0000000408000000, 0x0000000408000000| Untracked 
|  15|0x0000000408800000, 0x0000000408800000, 0x0000000409000000|  0%| F|  |TAMS 0x0000000408800000, 0x0000000408800000| Untracked 
|  16|0x0000000409000000, 0x0000000409000000, 0x0000000409800000|  0%| F|  |TAMS 0x0000000409000000, 0x0000000409000000| Untracked 
|  17|0x0000000409800000, 0x0000000409800000, 0x000000040a000000|  0%| F|  |TAMS 0x0000000409800000, 0x0000000409800000| Untracked 
|  18|0x000000040a000000, 0x000000040a000000, 0x000000040a800000|  0%| F|  |TAMS 0x000000040a000000, 0x000000040a000000| Untracked 
|  19|0x000000040a800000, 0x000000040a800000, 0x000000040b000000|  0%| F|  |TAMS 0x000000040a800000, 0x000000040a800000| Untracked 
|  20|0x000000040b000000, 0x000000040b000000, 0x000000040b800000|  0%| F|  |TAMS 0x000000040b000000, 0x000000040b000000| Untracked 
|  21|0x000000040b800000, 0x000000040b800000, 0x000000040c000000|  0%| F|  |TAMS 0x000000040b800000, 0x000000040b800000| Untracked 
|  22|0x000000040c000000, 0x000000040c000000, 0x000000040c800000|  0%| F|  |TAMS 0x000000040c000000, 0x000000040c000000| Untracked 
|  23|0x000000040c800000, 0x000000040c800000, 0x000000040d000000|  0%| F|  |TAMS 0x000000040c800000, 0x000000040c800000| Untracked 
|  24|0x000000040d000000, 0x000000040d000000, 0x000000040d800000|  0%| F|  |TAMS 0x000000040d000000, 0x000000040d000000| Untracked 
|  25|0x000000040d800000, 0x000000040d800000, 0x000000040e000000|  0%| F|  |TAMS 0x000000040d800000, 0x000000040d800000| Untracked 
|  26|0x000000040e000000, 0x000000040e000000, 0x000000040e800000|  0%| F|  |TAMS 0x000000040e000000, 0x000000040e000000| Untracked 
|  27|0x000000040e800000, 0x000000040e800000, 0x000000040f000000|  0%| F|  |TAMS 0x000000040e800000, 0x000000040e800000| Untracked 
|  28|0x000000040f000000, 0x000000040f000000, 0x000000040f800000|  0%| F|  |TAMS 0x000000040f000000, 0x000000040f000000| Untracked 
|  29|0x000000040f800000, 0x000000040f800000, 0x0000000410000000|  0%| F|  |TAMS 0x000000040f800000, 0x000000040f800000| Untracked 
|  30|0x0000000410000000, 0x0000000410000000, 0x0000000410800000|  0%| F|  |TAMS 0x0000000410000000, 0x0000000410000000| Untracked 
|  31|0x0000000410800000, 0x0000000410800000, 0x0000000411000000|  0%| F|  |TAMS 0x0000000410800000, 0x0000000410800000| Untracked 
|  32|0x0000000411000000, 0x0000000411000000, 0x0000000411800000|  0%| F|  |TAMS 0x0000000411000000, 0x0000000411000000| Untracked 
|  33|0x0000000411800000, 0x0000000411800000, 0x0000000412000000|  0%| F|  |TAMS 0x0000000411800000, 0x0000000411800000| Untracked 
|  34|0x0000000412000000, 0x0000000412000000, 0x0000000412800000|  0%| F|  |TAMS 0x0000000412000000, 0x0000000412000000| Untracked 
|  35|0x0000000412800000, 0x0000000412800000, 0x0000000413000000|  0%| F|  |TAMS 0x0000000412800000, 0x0000000412800000| Untracked 
|  36|0x0000000413000000, 0x0000000413000000, 0x0000000413800000|  0%| F|  |TAMS 0x0000000413000000, 0x0000000413000000| Untracked 
|  37|0x0000000413800000, 0x0000000413800000, 0x0000000414000000|  0%| F|  |TAMS 0x0000000413800000, 0x0000000413800000| Untracked 
|  38|0x0000000414000000, 0x0000000414000000, 0x0000000414800000|  0%| F|  |TAMS 0x0000000414000000, 0x0000000414000000| Untracked 
|  39|0x0000000414800000, 0x0000000414800000, 0x0000000415000000|  0%| F|  |TAMS 0x0000000414800000, 0x0000000414800000| Untracked 
|  40|0x0000000415000000, 0x0000000415000000, 0x0000000415800000|  0%| F|  |TAMS 0x0000000415000000, 0x0000000415000000| Untracked 
|  41|0x0000000415800000, 0x0000000415800000, 0x0000000416000000|  0%| F|  |TAMS 0x0000000415800000, 0x0000000415800000| Untracked 
|  42|0x0000000416000000, 0x0000000416000000, 0x0000000416800000|  0%| F|  |TAMS 0x0000000416000000, 0x0000000416000000| Untracked 
|  43|0x0000000416800000, 0x0000000416800000, 0x0000000417000000|  0%| F|  |TAMS 0x0000000416800000, 0x0000000416800000| Untracked 
|  44|0x0000000417000000, 0x0000000417000000, 0x0000000417800000|  0%| F|  |TAMS 0x0000000417000000, 0x0000000417000000| Untracked 
|  45|0x0000000417800000, 0x0000000417800000, 0x0000000418000000|  0%| F|  |TAMS 0x0000000417800000, 0x0000000417800000| Untracked 
|  46|0x0000000418000000, 0x0000000418000000, 0x0000000418800000|  0%| F|  |TAMS 0x0000000418000000, 0x0000000418000000| Untracked 
|  47|0x0000000418800000, 0x0000000418800000, 0x0000000419000000|  0%| F|  |TAMS 0x0000000418800000, 0x0000000418800000| Untracked 
|  48|0x0000000419000000, 0x0000000419000000, 0x0000000419800000|  0%| F|  |TAMS 0x0000000419000000, 0x0000000419000000| Untracked 
|  49|0x0000000419800000, 0x0000000419800000, 0x000000041a000000|  0%| F|  |TAMS 0x0000000419800000, 0x0000000419800000| Untracked 
|  50|0x000000041a000000, 0x000000041a000000, 0x000000041a800000|  0%| F|  |TAMS 0x000000041a000000, 0x000000041a000000| Untracked 
|  51|0x000000041a800000, 0x000000041a800000, 0x000000041b000000|  0%| F|  |TAMS 0x000000041a800000, 0x000000041a800000| Untracked 
|  52|0x000000041b000000, 0x000000041b000000, 0x000000041b800000|  0%| F|  |TAMS 0x000000041b000000, 0x000000041b000000| Untracked 
|  53|0x000000041b800000, 0x000000041b800000, 0x000000041c000000|  0%| F|  |TAMS 0x000000041b800000, 0x000000041b800000| Untracked 
|  54|0x000000041c000000, 0x000000041c000000, 0x000000041c800000|  0%| F|  |TAMS 0x000000041c000000, 0x000000041c000000| Untracked 
|  55|0x000000041c800000, 0x000000041c800000, 0x000000041d000000|  0%| F|  |TAMS 0x000000041c800000, 0x000000041c800000| Untracked 
|  56|0x000000041d000000, 0x000000041d000000, 0x000000041d800000|  0%| F|  |TAMS 0x000000041d000000, 0x000000041d000000| Untracked 
|  57|0x000000041d800000, 0x000000041d800000, 0x000000041e000000|  0%| F|  |TAMS 0x000000041d800000, 0x000000041d800000| Untracked 
|  58|0x000000041e000000, 0x000000041e000000, 0x000000041e800000|  0%| F|  |TAMS 0x000000041e000000, 0x000000041e000000| Untracked 
|  59|0x000000041e800000, 0x000000041e800000, 0x000000041f000000|  0%| F|  |TAMS 0x000000041e800000, 0x000000041e800000| Untracked 
|  60|0x000000041f000000, 0x000000041f000000, 0x000000041f800000|  0%| F|  |TAMS 0x000000041f000000, 0x000000041f000000| Untracked 
|  61|0x000000041f800000, 0x000000041f800000, 0x0000000420000000|  0%| F|  |TAMS 0x000000041f800000, 0x000000041f800000| Untracked 
|  62|0x0000000420000000, 0x0000000420000000, 0x0000000420800000|  0%| F|  |TAMS 0x0000000420000000, 0x0000000420000000| Untracked 
|  63|0x0000000420800000, 0x0000000420800000, 0x0000000421000000|  0%| F|  |TAMS 0x0000000420800000, 0x0000000420800000| Untracked 
|  64|0x0000000421000000, 0x0000000421000000, 0x0000000421800000|  0%| F|  |TAMS 0x0000000421000000, 0x0000000421000000| Untracked 
|  65|0x0000000421800000, 0x0000000421800000, 0x0000000422000000|  0%| F|  |TAMS 0x0000000421800000, 0x0000000421800000| Untracked 
|  66|0x0000000422000000, 0x0000000422000000, 0x0000000422800000|  0%| F|  |TAMS 0x0000000422000000, 0x0000000422000000| Untracked 
|  67|0x0000000422800000, 0x0000000422800000, 0x0000000423000000|  0%| F|  |TAMS 0x0000000422800000, 0x0000000422800000| Untracked 
|  68|0x0000000423000000, 0x0000000423000000, 0x0000000423800000|  0%| F|  |TAMS 0x0000000423000000, 0x0000000423000000| Untracked 
|  69|0x0000000423800000, 0x0000000423800000, 0x0000000424000000|  0%| F|  |TAMS 0x0000000423800000, 0x0000000423800000| Untracked 
|  70|0x0000000424000000, 0x0000000424000000, 0x0000000424800000|  0%| F|  |TAMS 0x0000000424000000, 0x0000000424000000| Untracked 
|  71|0x0000000424800000, 0x0000000424800000, 0x0000000425000000|  0%| F|  |TAMS 0x0000000424800000, 0x0000000424800000| Untracked 
|  72|0x0000000425000000, 0x0000000425000000, 0x0000000425800000|  0%| F|  |TAMS 0x0000000425000000, 0x0000000425000000| Untracked 
|  73|0x0000000425800000, 0x0000000425800000, 0x0000000426000000|  0%| F|  |TAMS 0x0000000425800000, 0x0000000425800000| Untracked 
|  74|0x0000000426000000, 0x0000000426000000, 0x0000000426800000|  0%| F|  |TAMS 0x0000000426000000, 0x0000000426000000| Untracked 
|  75|0x0000000426800000, 0x0000000426800000, 0x0000000427000000|  0%| F|  |TAMS 0x0000000426800000, 0x0000000426800000| Untracked 
|  76|0x0000000427000000, 0x0000000427000000, 0x0000000427800000|  0%| F|  |TAMS 0x0000000427000000, 0x0000000427000000| Untracked 
|  77|0x0000000427800000, 0x0000000427800000, 0x0000000428000000|  0%| F|  |TAMS 0x0000000427800000, 0x0000000427800000| Untracked 
|  78|0x0000000428000000, 0x0000000428000000, 0x0000000428800000|  0%| F|  |TAMS 0x0000000428000000, 0x0000000428000000| Untracked 
|  79|0x0000000428800000, 0x0000000428800000, 0x0000000429000000|  0%| F|  |TAMS 0x0000000428800000, 0x0000000428800000| Untracked 
|  80|0x0000000429000000, 0x0000000429000000, 0x0000000429800000|  0%| F|  |TAMS 0x0000000429000000, 0x0000000429000000| Untracked 
|  81|0x0000000429800000, 0x0000000429800000, 0x000000042a000000|  0%| F|  |TAMS 0x0000000429800000, 0x0000000429800000| Untracked 
|  82|0x000000042a000000, 0x000000042a000000, 0x000000042a800000|  0%| F|  |TAMS 0x000000042a000000, 0x000000042a000000| Untracked 
|  83|0x000000042a800000, 0x000000042a800000, 0x000000042b000000|  0%| F|  |TAMS 0x000000042a800000, 0x000000042a800000| Untracked 
|  84|0x000000042b000000, 0x000000042b000000, 0x000000042b800000|  0%| F|  |TAMS 0x000000042b000000, 0x000000042b000000| Untracked 
|  85|0x000000042b800000, 0x000000042b800000, 0x000000042c000000|  0%| F|  |TAMS 0x000000042b800000, 0x000000042b800000| Untracked 
|  86|0x000000042c000000, 0x000000042c000000, 0x000000042c800000|  0%| F|  |TAMS 0x000000042c000000, 0x000000042c000000| Untracked 
|  87|0x000000042c800000, 0x000000042c800000, 0x000000042d000000|  0%| F|  |TAMS 0x000000042c800000, 0x000000042c800000| Untracked 
|  88|0x000000042d000000, 0x000000042d000000, 0x000000042d800000|  0%| F|  |TAMS 0x000000042d000000, 0x000000042d000000| Untracked 
|  89|0x000000042d800000, 0x000000042d800000, 0x000000042e000000|  0%| F|  |TAMS 0x000000042d800000, 0x000000042d800000| Untracked 
|  90|0x000000042e000000, 0x000000042e000000, 0x000000042e800000|  0%| F|  |TAMS 0x000000042e000000, 0x000000042e000000| Untracked 
|  91|0x000000042e800000, 0x000000042e800000, 0x000000042f000000|  0%| F|  |TAMS 0x000000042e800000, 0x000000042e800000| Untracked 
|  92|0x000000042f000000, 0x000000042f000000, 0x000000042f800000|  0%| F|  |TAMS 0x000000042f000000, 0x000000042f000000| Untracked 
|  93|0x000000042f800000, 0x000000042f800000, 0x0000000430000000|  0%| F|  |TAMS 0x000000042f800000, 0x000000042f800000| Untracked 
|  94|0x0000000430000000, 0x0000000430000000, 0x0000000430800000|  0%| F|  |TAMS 0x0000000430000000, 0x0000000430000000| Untracked 
|  95|0x0000000430800000, 0x0000000430800000, 0x0000000431000000|  0%| F|  |TAMS 0x0000000430800000, 0x0000000430800000| Untracked 
|  96|0x0000000431000000, 0x0000000431000000, 0x0000000431800000|  0%| F|  |TAMS 0x0000000431000000, 0x0000000431000000| Untracked 
|  97|0x0000000431800000, 0x0000000431800000, 0x0000000432000000|  0%| F|  |TAMS 0x0000000431800000, 0x0000000431800000| Untracked 
|  98|0x0000000432000000, 0x0000000432000000, 0x0000000432800000|  0%| F|  |TAMS 0x0000000432000000, 0x0000000432000000| Untracked 
|  99|0x0000000432800000, 0x0000000432800000, 0x0000000433000000|  0%| F|  |TAMS 0x0000000432800000, 0x0000000432800000| Untracked 
| 100|0x0000000433000000, 0x0000000433000000, 0x0000000433800000|  0%| F|  |TAMS 0x0000000433000000, 0x0000000433000000| Untracked 
| 101|0x0000000433800000, 0x0000000433800000, 0x0000000434000000|  0%| F|  |TAMS 0x0000000433800000, 0x0000000433800000| Untracked 
| 102|0x0000000434000000, 0x0000000434000000, 0x0000000434800000|  0%| F|  |TAMS 0x0000000434000000, 0x0000000434000000| Untracked 
| 103|0x0000000434800000, 0x0000000434800000, 0x0000000435000000|  0%| F|  |TAMS 0x0000000434800000, 0x0000000434800000| Untracked 
| 104|0x0000000435000000, 0x0000000435000000, 0x0000000435800000|  0%| F|  |TAMS 0x0000000435000000, 0x0000000435000000| Untracked 
| 105|0x0000000435800000, 0x0000000435800000, 0x0000000436000000|  0%| F|  |TAMS 0x0000000435800000, 0x0000000435800000| Untracked 
| 106|0x0000000436000000, 0x0000000436000000, 0x0000000436800000|  0%| F|  |TAMS 0x0000000436000000, 0x0000000436000000| Untracked 
| 107|0x0000000436800000, 0x0000000436800000, 0x0000000437000000|  0%| F|  |TAMS 0x0000000436800000, 0x0000000436800000| Untracked 
| 108|0x0000000437000000, 0x0000000437000000, 0x0000000437800000|  0%| F|  |TAMS 0x0000000437000000, 0x0000000437000000| Untracked 
| 109|0x0000000437800000, 0x0000000437800000, 0x0000000438000000|  0%| F|  |TAMS 0x0000000437800000, 0x0000000437800000| Untracked 
| 110|0x0000000438000000, 0x0000000438000000, 0x0000000438800000|  0%| F|  |TAMS 0x0000000438000000, 0x0000000438000000| Untracked 
| 111|0x0000000438800000, 0x0000000438800000, 0x0000000439000000|  0%| F|  |TAMS 0x0000000438800000, 0x0000000438800000| Untracked 
| 112|0x0000000439000000, 0x0000000439000000, 0x0000000439800000|  0%| F|  |TAMS 0x0000000439000000, 0x0000000439000000| Untracked 
| 113|0x0000000439800000, 0x0000000439800000, 0x000000043a000000|  0%| F|  |TAMS 0x0000000439800000, 0x0000000439800000| Untracked 
| 114|0x000000043a000000, 0x000000043a000000, 0x000000043a800000|  0%| F|  |TAMS 0x000000043a000000, 0x000000043a000000| Untracked 
| 115|0x000000043a800000, 0x000000043a800000, 0x000000043b000000|  0%| F|  |TAMS 0x000000043a800000, 0x000000043a800000| Untracked 
| 116|0x000000043b000000, 0x000000043b000000, 0x000000043b800000|  0%| F|  |TAMS 0x000000043b000000, 0x000000043b000000| Untracked 
| 117|0x000000043b800000, 0x000000043b800000, 0x000000043c000000|  0%| F|  |TAMS 0x000000043b800000, 0x000000043b800000| Untracked 
| 118|0x000000043c000000, 0x000000043c000000, 0x000000043c800000|  0%| F|  |TAMS 0x000000043c000000, 0x000000043c000000| Untracked 
| 119|0x000000043c800000, 0x000000043c800000, 0x000000043d000000|  0%| F|  |TAMS 0x000000043c800000, 0x000000043c800000| Untracked 
| 120|0x000000043d000000, 0x000000043d000000, 0x000000043d800000|  0%| F|  |TAMS 0x000000043d000000, 0x000000043d000000| Untracked 
| 121|0x000000043d800000, 0x000000043d800000, 0x000000043e000000|  0%| F|  |TAMS 0x000000043d800000, 0x000000043d800000| Untracked 
| 122|0x000000043e000000, 0x000000043e000000, 0x000000043e800000|  0%| F|  |TAMS 0x000000043e000000, 0x000000043e000000| Untracked 
| 123|0x000000043e800000, 0x000000043e800000, 0x000000043f000000|  0%| F|  |TAMS 0x000000043e800000, 0x000000043e800000| Untracked 
| 124|0x000000043f000000, 0x000000043f000000, 0x000000043f800000|  0%| F|  |TAMS 0x000000043f000000, 0x000000043f000000| Untracked 
| 125|0x000000043f800000, 0x000000043f800000, 0x0000000440000000|  0%| F|  |TAMS 0x000000043f800000, 0x000000043f800000| Untracked 
| 126|0x0000000440000000, 0x000000044041e230, 0x0000000440800000| 51%| E|  |TAMS 0x0000000440000000, 0x0000000440000000| Complete 
| 127|0x0000000440800000, 0x0000000441000000, 0x0000000441000000|100%| E|CS|TAMS 0x0000000440800000, 0x0000000440800000| Complete 

Card table byte_map: [0x000001a02ad00000,0x000001a02cd00000] _byte_map_base: 0x000001a028cf8000

Marking Bits (Prev, Next): (CMBitMap*) 0x000001a0119d7120, (CMBitMap*) 0x000001a0119d7160
 Prev Bits: [0x000001a02ed00000, 0x000001a03ecc0000)
 Next Bits: [0x000001a03ecc0000, 0x000001a04ec80000)

Polling page: 0x000001a00f8e0000

Metaspace:

Usage:
  Non-class:      3.55 MB used.
      Class:    215.97 KB used.
       Both:      3.76 MB used.

Virtual space:
  Non-class space:       64.00 MB reserved,       3.62 MB (  6%) committed,  1 nodes.
      Class space:        1.00 GB reserved,     256.00 KB ( <1%) committed,  1 nodes.
             Both:        1.06 GB reserved,       3.88 MB ( <1%) committed. 

Chunk freelists:
   Non-Class:  1.94 MB
       Class:  3.63 MB
        Both:  5.57 MB

MaxMetaspaceSize: unlimited
CompressedClassSpaceSize: 1.00 GB
Initial GC threshold: 21.00 MB
Current GC threshold: 21.00 MB
CDS: on
MetaspaceReclaimPolicy: balanced
 - commit_granule_bytes: 65536.
 - commit_granule_words: 8192.
 - virtual_space_node_default_size: 8388608.
 - enlarge_chunks_in_place: 1.
 - new_chunks_are_fully_committed: 0.
 - uncommit_free_chunks: 1.
 - use_allocation_guard: 0.


Internal statistics:

num_allocs_failed_limit: 0.
num_arena_births: 86.
num_arena_deaths: 0.
num_vsnodes_births: 2.
num_vsnodes_deaths: 0.
num_space_committed: 60.
num_space_uncommitted: 0.
num_chunks_returned_to_freelist: 0.
num_chunks_taken_from_freelist: 189.
num_chunk_merges: 0.
num_chunk_splits: 114.
num_chunks_enlarged: 77.
num_inconsistent_stats: 0.

CodeHeap 'non-profiled nmethods': size=119168Kb used=214Kb max_used=214Kb free=118954Kb
 bounds [0x000001a020df0000, 0x000001a021060000, 0x000001a028250000]
CodeHeap 'profiled nmethods': size=119104Kb used=1155Kb max_used=1155Kb free=117948Kb
 bounds [0x000001a0199a0000, 0x000001a019c10000, 0x000001a020df0000]
CodeHeap 'non-nmethods': size=7488Kb used=2702Kb max_used=2712Kb free=4785Kb
 bounds [0x000001a019250000, 0x000001a019500000, 0x000001a0199a0000]
 total_blobs=1760 nmethods=774 adapters=897
 compilation: enabled
              stopped_count=0, restarted_count=0
 full_count=0

Compilation events (20 events):
Event: 0.282 Thread 0x000001a05210ddb0 nmethod 763 0x000001a019abb810 code [0x000001a019abb9c0, 0x000001a019abbbe8]
Event: 0.282 Thread 0x000001a05210d390 nmethod 764 0x000001a019abbc90 code [0x000001a019abbee0, 0x000001a019abca78]
Event: 0.282 Thread 0x000001a05210d390  766       3       java.lang.String::getBytes (44 bytes)
Event: 0.282 Thread 0x000001a05210d390 nmethod 766 0x000001a019abce90 code [0x000001a019abd060, 0x000001a019abd378]
Event: 0.283 Thread 0x000001a05210d390  767       3       jdk.internal.jimage.ImageLocation::verify (218 bytes)
Event: 0.283 Thread 0x000001a052004d60  768       3       java.lang.AbstractStringBuilder::append (45 bytes)
Event: 0.283 Thread 0x000001a05210ddb0  769       3       java.lang.Character::charCount (12 bytes)
Event: 0.283 Thread 0x000001a05210d390 nmethod 767 0x000001a019abd490 code [0x000001a019abd740, 0x000001a019abe4b8]
Event: 0.283 Thread 0x000001a05210ddb0 nmethod 769 0x000001a019abea10 code [0x000001a019abeba0, 0x000001a019abed18]
Event: 0.283 Thread 0x000001a05210d390  770       1       java.util.regex.Pattern::lambda$ALL$10 (2 bytes)
Event: 0.283 Thread 0x000001a05210d390 nmethod 770 0x000001a020e25210 code [0x000001a020e253a0, 0x000001a020e25458]
Event: 0.283 Thread 0x000001a052004d60 nmethod 768 0x000001a019abed90 code [0x000001a019abefa0, 0x000001a019abf4d8]
Event: 0.284 Thread 0x000001a05210ddb0  772       3       java.lang.StringLatin1::getChars (12 bytes)
Event: 0.284 Thread 0x000001a052004d60  771       3       java.lang.String::getChars (54 bytes)
Event: 0.284 Thread 0x000001a05210ddb0 nmethod 772 0x000001a019abf710 code [0x000001a019abf8a0, 0x000001a019abf9c8]
Event: 0.284 Thread 0x000001a05210ddb0  773       1       java.nio.HeapByteBuffer::isDirect (2 bytes)
Event: 0.284 Thread 0x000001a05210ddb0 nmethod 773 0x000001a020e25510 code [0x000001a020e256a0, 0x000001a020e25778]
Event: 0.284 Thread 0x000001a052004d60 nmethod 771 0x000001a019abfa90 code [0x000001a019abfcc0, 0x000001a019ac03f8]
Event: 0.284 Thread 0x000001a052004d60  774       3       java.io.RandomAccessFile::readFully (45 bytes)
Event: 0.284 Thread 0x000001a052004d60 nmethod 774 0x000001a019ac0710 code [0x000001a019ac08e0, 0x000001a019ac0c58]

GC Heap History (0 events):
No events

Deoptimization events (20 events):
Event: 0.237 Thread 0x000001a0119216c0 Uncommon trap: trap_request=0xffffff54 fr.pc=0x000001a020e1d560 relative=0x0000000000000060
Event: 0.237 Thread 0x000001a0119216c0 Uncommon trap: reason=speculate_null_assert action=make_not_entrant pc=0x000001a020e1d560 method=sun.misc.Unsafe.putLong(Ljava/lang/Object;JJ)V @ 7 c2
Event: 0.237 Thread 0x000001a0119216c0 DEOPT PACKING pc=0x000001a020e1d560 sp=0x0000006bf76feba0
Event: 0.237 Thread 0x000001a0119216c0 DEOPT UNPACKING pc=0x000001a0192a23a3 sp=0x0000006bf76feb18 mode 2
Event: 0.281 Thread 0x000001a0119216c0 Uncommon trap: trap_request=0xffffff45 fr.pc=0x000001a020e23034 relative=0x0000000000000494
Event: 0.281 Thread 0x000001a0119216c0 Uncommon trap: reason=unstable_if action=reinterpret pc=0x000001a020e23034 method=java.lang.AbstractStringBuilder.inflateIfNeededFor(Ljava/lang/String;)V @ 14 c2
Event: 0.281 Thread 0x000001a0119216c0 DEOPT PACKING pc=0x000001a020e23034 sp=0x0000006bf76fec20
Event: 0.281 Thread 0x000001a0119216c0 DEOPT UNPACKING pc=0x000001a0192a23a3 sp=0x0000006bf76feac0 mode 2
Event: 0.281 Thread 0x000001a0119216c0 Uncommon trap: trap_request=0xffffff45 fr.pc=0x000001a020e1adb0 relative=0x0000000000000490
Event: 0.281 Thread 0x000001a0119216c0 Uncommon trap: reason=unstable_if action=reinterpret pc=0x000001a020e1adb0 method=java.lang.AbstractStringBuilder.inflateIfNeededFor(Ljava/lang/String;)V @ 14 c2
Event: 0.281 Thread 0x000001a0119216c0 DEOPT PACKING pc=0x000001a020e1adb0 sp=0x0000006bf76febb0
Event: 0.281 Thread 0x000001a0119216c0 DEOPT UNPACKING pc=0x000001a0192a23a3 sp=0x0000006bf76feab8 mode 2
Event: 0.281 Thread 0x000001a0119216c0 Uncommon trap: trap_request=0xffffff45 fr.pc=0x000001a020e18de8 relative=0x00000000000000e8
Event: 0.281 Thread 0x000001a0119216c0 Uncommon trap: reason=unstable_if action=reinterpret pc=0x000001a020e18de8 method=java.lang.String.getBytes([BIB)V @ 5 c2
Event: 0.281 Thread 0x000001a0119216c0 DEOPT PACKING pc=0x000001a020e18de8 sp=0x0000006bf76fead0
Event: 0.281 Thread 0x000001a0119216c0 DEOPT UNPACKING pc=0x000001a0192a23a3 sp=0x0000006bf76fea98 mode 2
Event: 0.285 Thread 0x000001a0119216c0 Uncommon trap: trap_request=0xffffff54 fr.pc=0x000001a020e1fbdc relative=0x000000000000005c
Event: 0.285 Thread 0x000001a0119216c0 Uncommon trap: reason=speculate_null_assert action=make_not_entrant pc=0x000001a020e1fbdc method=sun.misc.Unsafe.getLong(Ljava/lang/Object;J)J @ 5 c2
Event: 0.285 Thread 0x000001a0119216c0 DEOPT PACKING pc=0x000001a020e1fbdc sp=0x0000006bf76feed0
Event: 0.285 Thread 0x000001a0119216c0 DEOPT UNPACKING pc=0x000001a0192a23a3 sp=0x0000006bf76fee58 mode 2

Classes loaded (20 events):
Event: 0.255 Loading class jdk/internal/misc/ScopedMemoryAccess$Scope
Event: 0.255 Loading class jdk/internal/misc/ScopedMemoryAccess$Scope done
Event: 0.275 Loading class sun/net/ProgressMonitor
Event: 0.275 Loading class sun/net/ProgressMonitor done
Event: 0.275 Loading class sun/net/DefaultProgressMeteringPolicy
Event: 0.275 Loading class sun/net/ProgressMeteringPolicy
Event: 0.275 Loading class sun/net/ProgressMeteringPolicy done
Event: 0.275 Loading class sun/net/DefaultProgressMeteringPolicy done
Event: 0.275 Loading class java/util/Scanner
Event: 0.275 Loading class java/util/Scanner done
Event: 0.276 Loading class java/util/Scanner$PatternLRUCache
Event: 0.276 Loading class java/util/Scanner$PatternLRUCache done
Event: 0.277 Loading class jdk/internal/module/ModulePatcher$PatchedModuleReader
Event: 0.277 Loading class jdk/internal/module/ModulePatcher$PatchedModuleReader done
Event: 0.277 Loading class sun/net/www/protocol/jrt/Handler
Event: 0.277 Loading class sun/net/www/protocol/jrt/Handler done
Event: 0.279 Loading class sun/text/resources/cldr/FormatData_en
Event: 0.279 Loading class sun/text/resources/cldr/FormatData_en done
Event: 0.279 Loading class sun/text/resources/cldr/FormatData_en_US
Event: 0.279 Loading class sun/text/resources/cldr/FormatData_en_US done

Classes unloaded (0 events):
No events

Classes redefined (0 events):
No events

Internal exceptions (20 events):
Event: 0.079 Thread 0x000001a0119216c0 Exception <a 'java/lang/NoSuchMethodError'{0x0000000440dc1bd0}: 'void java.lang.invoke.DelegatingMethodHandle$Holder.delegate(java.lang.Object, java.lang.Object, int, java.lang.Object)'> (0x0000000440dc1bd0) 
thrown [s\open\src\hotspot\share\interpreter\linkResolver.cpp, line 766]
Event: 0.079 Thread 0x000001a0119216c0 Exception <a 'java/lang/NoSuchMethodError'{0x0000000440ebba90}: 'int java.lang.invoke.DirectMethodHandle$Holder.invokeSpecial(java.lang.Object, java.lang.Object, java.lang.Object)'> (0x0000000440ebba90) 
thrown [s\open\src\hotspot\share\interpreter\linkResolver.cpp, line 766]
Event: 0.081 Thread 0x000001a0119216c0 Exception <a 'java/lang/NoSuchMethodError'{0x0000000440ed6820}: 'void java.lang.System.loadLibrary(java.lang.String, java.lang.Class)'> (0x0000000440ed6820) 
thrown [s\open\src\hotspot\share\interpreter\linkResolver.cpp, line 766]
Event: 0.095 Thread 0x000001a0119216c0 Exception <a 'sun/nio/fs/WindowsException'{0x0000000440f1dc70}> (0x0000000440f1dc70) 
thrown [s\open\src\hotspot\share\prims\jni.cpp, line 516]
Event: 0.095 Thread 0x000001a0119216c0 Exception <a 'sun/nio/fs/WindowsException'{0x0000000440f1e1c0}> (0x0000000440f1e1c0) 
thrown [s\open\src\hotspot\share\prims\jni.cpp, line 516]
Event: 0.099 Thread 0x000001a0119216c0 Exception <a 'java/lang/NoSuchMethodError'{0x0000000440f4b268}: 'int java.lang.invoke.DirectMethodHandle$Holder.invokeStaticInit(java.lang.Object, java.lang.Object, int, long)'> (0x0000000440f4b268) 
thrown [s\open\src\hotspot\share\interpreter\linkResolver.cpp, line 766]
Event: 0.100 Thread 0x000001a0119216c0 Exception <a 'java/lang/NoSuchMethodError'{0x0000000440f50b30}: 'java.lang.Object java.lang.invoke.DirectMethodHandle$Holder.newInvokeSpecial(java.lang.Object, java.lang.Object, int)'> (0x0000000440f50b30) 
thrown [s\open\src\hotspot\share\interpreter\linkResolver.cpp, line 766]
Event: 0.101 Thread 0x000001a0119216c0 Exception <a 'java/lang/NoSuchMethodError'{0x0000000440f5fb38}: 'int java.lang.invoke.DirectMethodHandle$Holder.invokeStaticInit(java.lang.Object, java.lang.Object, long, long)'> (0x0000000440f5fb38) 
thrown [s\open\src\hotspot\share\interpreter\linkResolver.cpp, line 766]
Event: 0.101 Thread 0x000001a0119216c0 Exception <a 'java/lang/NoSuchMethodError'{0x0000000440f65c48}: 'java.lang.Object java.lang.invoke.DirectMethodHandle$Holder.newInvokeSpecial(java.lang.Object, java.lang.Object, long)'> (0x0000000440f65c48) 
thrown [s\open\src\hotspot\share\interpreter\linkResolver.cpp, line 766]
Event: 0.101 Thread 0x000001a0119216c0 Exception <a 'java/lang/NoSuchMethodError'{0x0000000440f69ca0}: 'java.lang.Object java.lang.invoke.Invokers$Holder.linkToTargetMethod(java.lang.Object, long, java.lang.Object)'> (0x0000000440f69ca0) 
thrown [s\open\src\hotspot\share\interpreter\linkResolver.cpp, line 766]
Event: 0.102 Thread 0x000001a0119216c0 Exception <a 'java/lang/NoSuchMethodError'{0x0000000440f71248}: 'int java.lang.invoke.DirectMethodHandle$Holder.invokeStaticInit(java.lang.Object, java.lang.Object, java.lang.Object, long)'> (0x0000000440f71248) 
thrown [s\open\src\hotspot\share\interpreter\linkResolver.cpp, line 766]
Event: 0.115 Thread 0x000001a0119216c0 Exception <a 'sun/nio/fs/WindowsException'{0x000000044007c1f8}> (0x000000044007c1f8) 
thrown [s\open\src\hotspot\share\prims\jni.cpp, line 516]
Event: 0.115 Thread 0x000001a0119216c0 Exception <a 'sun/nio/fs/WindowsException'{0x000000044007c558}> (0x000000044007c558) 
thrown [s\open\src\hotspot\share\prims\jni.cpp, line 516]
Event: 0.117 Thread 0x000001a0119216c0 Exception <a 'java/lang/NoSuchMethodError'{0x0000000440091ab8}: 'int java.lang.invoke.Invokers$Holder.invokeExact_MT(java.lang.Object, java.lang.Object)'> (0x0000000440091ab8) 
thrown [s\open\src\hotspot\share\interpreter\linkResolver.cpp, line 766]
Event: 0.231 Thread 0x000001a0119216c0 Exception <a 'java/lang/NoSuchMethodError'{0x0000000440127b90}: 'void java.lang.System.load(java.lang.String, java.lang.Class)'> (0x0000000440127b90) 
thrown [s\open\src\hotspot\share\interpreter\linkResolver.cpp, line 766]
Event: 0.231 Thread 0x000001a0119216c0 Exception <a 'java/lang/NoSuchMethodError'{0x000000044012aa20}: 'void java.lang.System.loadLibrary(java.lang.String, java.lang.Class)'> (0x000000044012aa20) 
thrown [s\open\src\hotspot\share\interpreter\linkResolver.cpp, line 766]
Event: 0.234 Thread 0x000001a0119216c0 Exception <a 'sun/nio/fs/WindowsException'{0x000000044013b890}> (0x000000044013b890) 
thrown [s\open\src\hotspot\share\prims\jni.cpp, line 516]
Event: 0.234 Thread 0x000001a0119216c0 Exception <a 'sun/nio/fs/WindowsException'{0x000000044013bc38}> (0x000000044013bc38) 
thrown [s\open\src\hotspot\share\prims\jni.cpp, line 516]
Event: 0.235 Thread 0x000001a0119216c0 Exception <a 'sun/nio/fs/WindowsException'{0x0000000440144948}> (0x0000000440144948) 
thrown [s\open\src\hotspot\share\prims\jni.cpp, line 516]
Event: 0.235 Thread 0x000001a0119216c0 Exception <a 'sun/nio/fs/WindowsException'{0x0000000440144c28}> (0x0000000440144c28) 
thrown [s\open\src\hotspot\share\prims\jni.cpp, line 516]

VM Operations (6 events):
Event: 0.037 Executing VM operation: HandshakeAllThreads
Event: 0.037 Executing VM operation: HandshakeAllThreads done
Event: 0.065 Executing VM operation: HandshakeAllThreads
Event: 0.065 Executing VM operation: HandshakeAllThreads done
Event: 0.091 Executing VM operation: HandshakeAllThreads
Event: 0.091 Executing VM operation: HandshakeAllThreads done

Events (20 events):
Event: 0.017 Thread 0x000001a051ff7340 Thread added: 0x000001a051ff7340
Event: 0.017 Thread 0x000001a051ff7ce0 Thread added: 0x000001a051ff7ce0
Event: 0.017 Thread 0x000001a051ffa690 Thread added: 0x000001a051ffa690
Event: 0.017 Thread 0x000001a051ffb360 Thread added: 0x000001a051ffb360
Event: 0.017 Thread 0x000001a052004d60 Thread added: 0x000001a052004d60
Event: 0.017 Thread 0x000001a052008c40 Thread added: 0x000001a052008c40
Event: 0.033 Thread 0x000001a04ef82bd0 Thread added: 0x000001a04ef82bd0
Event: 0.037 Thread 0x000001a05210ddb0 Thread added: 0x000001a05210ddb0
Event: 0.037 Thread 0x000001a05210d390 Thread added: 0x000001a05210d390
Event: 0.043 Loaded shared library C:\Users\nitin\.jdks\openjdk-18.0.1.1\bin\zip.dll
Event: 0.044 Loaded shared library C:\Users\nitin\.jdks\openjdk-18.0.1.1\bin\instrument.dll
Event: 0.046 Loaded shared library C:\Users\nitin\.jdks\openjdk-18.0.1.1\bin\net.dll
Event: 0.047 Loaded shared library C:\Users\nitin\.jdks\openjdk-18.0.1.1\bin\nio.dll
Event: 0.049 Loaded shared library C:\Users\nitin\.jdks\openjdk-18.0.1.1\bin\zip.dll
Event: 0.063 Loaded shared library C:\Program Files\JetBrains\IntelliJ IDEA Community Edition 2022.1.1\bin\breakgen64.dll
Event: 0.064 Thread 0x000001a052370ce0 Thread added: 0x000001a052370ce0
Event: 0.064 Thread 0x000001a05234f170 Thread added: 0x000001a05234f170
Event: 0.084 Loaded shared library C:\Users\nitin\.jdks\openjdk-18.0.1.1\bin\jimage.dll
Event: 0.095 Loaded shared library C:\Users\nitin\AppData\Local\Temp\lwjglnitin\3.3.1-build-7\lwjgl.dll
Event: 0.234 Loaded shared library C:\Users\nitin\AppData\Local\Temp\lwjglnitin\3.3.1-build-7\lwjgl_opengl.dll


Dynamic libraries:
0x00007ff7cbec0000 - 0x00007ff7cbece000 	C:\Users\nitin\.jdks\openjdk-18.0.1.1\bin\java.exe
0x00007ff9675b0000 - 0x00007ff9677c4000 	C:\WINDOWS\SYSTEM32\ntdll.dll
0x00007ff966a10000 - 0x00007ff966ad2000 	C:\WINDOWS\System32\KERNEL32.DLL
0x00007ff964d60000 - 0x00007ff9650fc000 	C:\WINDOWS\System32\KERNELBASE.dll
0x00007ff964b20000 - 0x00007ff964c31000 	C:\WINDOWS\System32\ucrtbase.dll
0x00007ff95cc30000 - 0x00007ff95cc47000 	C:\Users\nitin\.jdks\openjdk-18.0.1.1\bin\jli.dll
0x00007ff95c500000 - 0x00007ff95c51a000 	C:\Users\nitin\.jdks\openjdk-18.0.1.1\bin\VCRUNTIME140.dll
0x00007ff966860000 - 0x00007ff966a0b000 	C:\WINDOWS\System32\USER32.dll
0x00007ff94d3b0000 - 0x00007ff94d63e000 	C:\WINDOWS\WinSxS\amd64_microsoft.windows.common-controls_6595b64144ccf1df_6.0.22621.1_none_60e502bd9af5bef0\COMCTL32.dll
0x00007ff9651c0000 - 0x00007ff9651e6000 	C:\WINDOWS\System32\win32u.dll
0x00007ff966fe0000 - 0x00007ff967087000 	C:\WINDOWS\System32\msvcrt.dll
0x00007ff967540000 - 0x00007ff967569000 	C:\WINDOWS\System32\GDI32.dll
0x00007ff964a00000 - 0x00007ff964b12000 	C:\WINDOWS\System32\gdi32full.dll
0x00007ff964c40000 - 0x00007ff964cda000 	C:\WINDOWS\System32\msvcp_win.dll
0x00007ff965d90000 - 0x00007ff965dc1000 	C:\WINDOWS\System32\IMM32.DLL
0x00007ff9620b0000 - 0x00007ff9620bc000 	C:\Users\nitin\.jdks\openjdk-18.0.1.1\bin\vcruntime140_1.dll
0x00007ff94a5a0000 - 0x00007ff94a62d000 	C:\Users\nitin\.jdks\openjdk-18.0.1.1\bin\msvcp140.dll
0x00007ff8e8770000 - 0x00007ff8e9380000 	C:\Users\nitin\.jdks\openjdk-18.0.1.1\bin\server\jvm.dll
0x00007ff9653e0000 - 0x00007ff96548e000 	C:\WINDOWS\System32\ADVAPI32.dll
0x00007ff966f30000 - 0x00007ff966fd4000 	C:\WINDOWS\System32\sechost.dll
0x00007ff966740000 - 0x00007ff966855000 	C:\WINDOWS\System32\RPCRT4.dll
0x00007ff9658a0000 - 0x00007ff9658a8000 	C:\WINDOWS\System32\PSAPI.DLL
0x00007ff95d5a0000 - 0x00007ff95d5a9000 	C:\WINDOWS\SYSTEM32\WSOCK32.dll
0x00007ff95ae70000 - 0x00007ff95aea4000 	C:\WINDOWS\SYSTEM32\WINMM.dll
0x00007ff965ee0000 - 0x00007ff965f51000 	C:\WINDOWS\System32\WS2_32.dll
0x00007ff961830000 - 0x00007ff96183a000 	C:\WINDOWS\SYSTEM32\VERSION.dll
0x00007ff963b60000 - 0x00007ff963b78000 	C:\WINDOWS\SYSTEM32\kernel.appcore.dll
0x00007ff95d520000 - 0x00007ff95d52a000 	C:\Users\nitin\.jdks\openjdk-18.0.1.1\bin\jimage.dll
0x00007ff959bc0000 - 0x00007ff959dee000 	C:\WINDOWS\SYSTEM32\DBGHELP.DLL
0x00007ff967190000 - 0x00007ff967519000 	C:\WINDOWS\System32\combase.dll
0x00007ff965e00000 - 0x00007ff965ed7000 	C:\WINDOWS\System32\OLEAUT32.dll
0x00007ff959b80000 - 0x00007ff959bb2000 	C:\WINDOWS\SYSTEM32\dbgcore.DLL
0x00007ff964ce0000 - 0x00007ff964d5b000 	C:\WINDOWS\System32\bcryptPrimitives.dll
0x00007ff95cc20000 - 0x00007ff95cc2e000 	C:\Users\nitin\.jdks\openjdk-18.0.1.1\bin\instrument.dll
0x00007ff956cd0000 - 0x00007ff956cf5000 	C:\Users\nitin\.jdks\openjdk-18.0.1.1\bin\java.dll
0x00007ff908920000 - 0x00007ff9089f6000 	C:\Users\nitin\.jdks\openjdk-18.0.1.1\bin\jsvml.dll
0x00007ff965f60000 - 0x00007ff966738000 	C:\WINDOWS\System32\SHELL32.dll
0x00007ff962a40000 - 0x00007ff9632f8000 	C:\WINDOWS\SYSTEM32\windows.storage.dll
0x00007ff962900000 - 0x00007ff962a3d000 	C:\WINDOWS\SYSTEM32\wintypes.dll
0x00007ff966e30000 - 0x00007ff966f21000 	C:\WINDOWS\System32\SHCORE.dll
0x00007ff966c40000 - 0x00007ff966c9e000 	C:\WINDOWS\System32\shlwapi.dll
0x00007ff964930000 - 0x00007ff964951000 	C:\WINDOWS\SYSTEM32\profapi.dll
0x00007ff94b990000 - 0x00007ff94b9a8000 	C:\Users\nitin\.jdks\openjdk-18.0.1.1\bin\zip.dll
0x00007ff95c4e0000 - 0x00007ff95c4f3000 	C:\Users\nitin\.jdks\openjdk-18.0.1.1\bin\net.dll
0x00007ff95e0d0000 - 0x00007ff95e1ff000 	C:\WINDOWS\SYSTEM32\WINHTTP.dll
0x00007ff963fc0000 - 0x00007ff964029000 	C:\WINDOWS\system32\mswsock.dll
0x00007ff94bb70000 - 0x00007ff94bb86000 	C:\Users\nitin\.jdks\openjdk-18.0.1.1\bin\nio.dll
0x00007ff94b160000 - 0x00007ff94b17a000 	C:\Program Files\JetBrains\IntelliJ IDEA Community Edition 2022.1.1\bin\breakgen64.dll
0x00007ff94a520000 - 0x00007ff94a595000 	C:\Users\nitin\AppData\Local\Temp\lwjglnitin\3.3.1-build-7\lwjgl.dll
0x00007ff93ee00000 - 0x00007ff93ee61000 	C:\Users\nitin\AppData\Local\Temp\lwjglnitin\3.3.1-build-7\glfw.dll
0x00007ff940800000 - 0x00007ff940846000 	C:\WINDOWS\SYSTEM32\dinput8.dll
0x00007ff933830000 - 0x00007ff933841000 	C:\WINDOWS\SYSTEM32\xinput1_4.dll
0x00007ff9646c0000 - 0x00007ff96470f000 	C:\WINDOWS\SYSTEM32\cfgmgr32.dll
0x00007ff964710000 - 0x00007ff96473c000 	C:\WINDOWS\SYSTEM32\DEVOBJ.dll
0x00007ff962630000 - 0x00007ff96265b000 	C:\WINDOWS\SYSTEM32\dwmapi.dll
0x00007ff94bc60000 - 0x00007ff94be61000 	C:\WINDOWS\SYSTEM32\inputhost.dll
0x00007ff961cc0000 - 0x00007ff961df3000 	C:\WINDOWS\SYSTEM32\CoreMessaging.dll
0x00007ff962400000 - 0x00007ff9624ab000 	C:\WINDOWS\system32\uxtheme.dll
0x00007ff966d10000 - 0x00007ff966e2e000 	C:\WINDOWS\System32\MSCTF.dll
0x00007ff964230000 - 0x00007ff96423c000 	C:\WINDOWS\SYSTEM32\CRYPTBASE.DLL
0x00007ff908a00000 - 0x00007ff908b00000 	C:\WINDOWS\SYSTEM32\opengl32.dll
0x00007ff9575b0000 - 0x00007ff9575dd000 	C:\WINDOWS\SYSTEM32\GLU32.dll
0x00007ff9624e0000 - 0x00007ff962516000 	C:\WINDOWS\SYSTEM32\dxcore.dll
0x00007ff965490000 - 0x00007ff965540000 	C:\WINDOWS\System32\clbcatq.dll
0x00007ff8d85e0000 - 0x00007ff8db608000 	C:\WINDOWS\System32\DriverStore\FileRepository\nv_dispi.inf_amd64_d5d5b9f929f4cb65\nvoglv64.dll
0x00007ff965910000 - 0x00007ff965d84000 	C:\WINDOWS\System32\SETUPAPI.dll
0x00007ff965540000 - 0x00007ff9656dc000 	C:\WINDOWS\System32\ole32.dll
0x00007ff95e0b0000 - 0x00007ff95e0c4000 	C:\WINDOWS\SYSTEM32\WTSAPI32.dll
0x00007ff9646a0000 - 0x00007ff9646b2000 	C:\WINDOWS\SYSTEM32\msasn1.dll
0x00007ff960490000 - 0x00007ff9604c2000 	C:\WINDOWS\SYSTEM32\cryptnet.dll
0x00007ff9651f0000 - 0x00007ff965356000 	C:\WINDOWS\System32\CRYPT32.dll
0x00007ff95d910000 - 0x00007ff95da68000 	C:\WINDOWS\SYSTEM32\drvstore.dll
0x00007ff9642c0000 - 0x00007ff964306000 	C:\WINDOWS\SYSTEM32\wldp.dll
0x00007ff965360000 - 0x00007ff9653c9000 	C:\WINDOWS\System32\WINTRUST.dll
0x00007ff963b80000 - 0x00007ff963bb4000 	C:\WINDOWS\SYSTEM32\ntmarta.dll
0x00007ff92bec0000 - 0x00007ff92c187000 	C:\WINDOWS\system32\nvspcap64.dll
0x00007ff963930000 - 0x00007ff96397d000 	C:\WINDOWS\SYSTEM32\powrprof.dll
0x00007ff963910000 - 0x00007ff963923000 	C:\WINDOWS\SYSTEM32\UMPDC.dll
0x00007ff963670000 - 0x00007ff9636d6000 	C:\WINDOWS\SYSTEM32\WINSTA.dll
0x00007ff9511d0000 - 0x00007ff9512fd000 	C:\WINDOWS\SYSTEM32\textinputframework.dll
0x00007ff95f850000 - 0x00007ff95fbbc000 	C:\WINDOWS\SYSTEM32\CoreUIComponents.dll
0x00007ff9353b0000 - 0x00007ff93540d000 	C:\Users\nitin\AppData\Local\Temp\lwjglnitin\3.3.1-build-7\lwjgl_opengl.dll

dbghelp: loaded successfully - version: 4.0.5 - missing functions: none
symbol engine: initialized successfully - sym options: 0x614 - pdb path: .;C:\Users\nitin\.jdks\openjdk-18.0.1.1\bin;C:\WINDOWS\SYSTEM32;C:\WINDOWS\WinSxS\amd64_microsoft.windows.common-controls_6595b64144ccf1df_6.0.22621.1_none_60e502bd9af5bef0;C:\Users\nitin\.jdks\openjdk-18.0.1.1\bin\server;C:\Program Files\JetBrains\IntelliJ IDEA Community Edition 2022.1.1\bin;C:\Users\nitin\AppData\Local\Temp\lwjglnitin\3.3.1-build-7;C:\WINDOWS\System32\DriverStore\FileRepository\nv_dispi.inf_amd64_d5d5b9f929f4cb65

VM Arguments:
jvm_args: -javaagent:C:\Program Files\JetBrains\IntelliJ IDEA Community Edition 2022.1.1\lib\idea_rt.jar=65123:C:\Program Files\JetBrains\IntelliJ IDEA Community Edition 2022.1.1\bin -Dfile.encoding=UTF-8 
java_command: Main
java_class_path (initial): C:\Users\nitin\IdeaProjects\Renderer\out\production\Renderer;C:\Users\nitin\IdeaProjects\Renderer\lwjgl\lwjgl\lwjgl-natives-linux-arm32.jar;C:\Users\nitin\IdeaProjects\Renderer\lwjgl\lwjgl\lwjgl-natives-linux-arm64.jar;C:\Users\nitin\IdeaProjects\Renderer\lwjgl\lwjgl\lwjgl-natives-linux.jar;C:\Users\nitin\IdeaProjects\Renderer\lwjgl\lwjgl\lwjgl-natives-macos-arm64.jar;C:\Users\nitin\IdeaProjects\Renderer\lwjgl\lwjgl\lwjgl-natives-macos.jar;C:\Users\nitin\IdeaProjects\Renderer\lwjgl\lwjgl\lwjgl-natives-windows-arm64.jar;C:\Users\nitin\IdeaProjects\Renderer\lwjgl\lwjgl\lwjgl-natives-windows-x86.jar;C:\Users\nitin\IdeaProjects\Renderer\lwjgl\lwjgl\lwjgl-natives-windows.jar;C:\Users\nitin\IdeaProjects\Renderer\lwjgl\lwjgl\lwjgl.jar;C:\Users\nitin\IdeaProjects\Renderer\lwjgl\lwjgl-glfw\lwjgl-glfw-natives-linux-arm32.jar;C:\Users\nitin\IdeaProjects\Renderer\lwjgl\lwjgl-glfw\lwjgl-glfw-natives-linux-arm64.jar;C:\Users\nitin\IdeaProjects\Renderer\lwjgl\lwjgl-glfw\lwjgl-glfw-natives-linux.jar;C:\Users\nitin\IdeaProjects\Renderer\lwjgl\lwjgl-glfw\lwjgl-glfw-natives-macos-arm64.jar;C:\Users\nitin\IdeaProjects\Renderer\lwjgl\lwjgl-glfw\lwjgl-glfw-natives-macos.jar;C:\Users\nitin\IdeaProjects\Renderer\lwjgl\lwjgl-glfw\lwjgl-glfw-natives-windows-arm64.jar;C:\Users\nitin\IdeaProjects\Renderer\lwjgl\lwjgl-glfw\lwjgl-glfw-natives-windows-x86.jar;C:\Users\nitin\IdeaProjects\Renderer\lwjgl\lwjgl-glfw\lwjgl-glfw-natives-windows.jar;C:\Users\nitin\IdeaProjects\Renderer\lwjgl\lwjgl-glfw\lwjgl-glfw.jar;C:\Users\nitin\IdeaProjects\Renderer\lwjgl\lwjgl-opengl\lwjgl-opengl-natives-linux-arm32.jar;C:\Users\nitin\IdeaProjects\Renderer\lwjgl\lwjgl-opengl\lwjgl-opengl-natives-linux-arm64.jar;C:\Users\nitin\IdeaProjects\Renderer\lwjgl\lwjgl-opengl\lwjgl-opengl-natives-linux.jar;C:\Users\nitin\IdeaProjects\Renderer\lwjgl\lwjgl-opengl\lwjgl-opengl-natives-macos-arm64.jar;C:\Users\nitin\IdeaProjects\Renderer\lwjgl\lwjgl-opengl\lwjgl-opengl-natives-macos.jar;C:\Users\nitin\IdeaProjects\Renderer\lwjgl\lwjgl-opengl\lwjgl-opengl-natives-windows-arm64.jar;C:\Users\nitin\IdeaProjects\Renderer\lwjgl\lwjgl-opengl\lwjgl-opengl-natives-windows-x86.jar;C:\Users\nitin\IdeaProjects\Renderer\lwjgl\lwjgl-opengl\lwjgl-opengl-natives-windows.jar;C:\Users\nitin\IdeaProjects\Renderer\lwjgl\lwjgl-opengl\lwjgl-opengl.jar
Launcher Type: SUN_STANDARD

[Global flags]
     intx CICompilerCount                          = 12                                        {product} {ergonomic}
     uint ConcGCThreads                            = 4                                         {product} {ergonomic}
     uint G1ConcRefinementThreads                  = 15                                        {product} {ergonomic}
   size_t G1HeapRegionSize                         = 8388608                                   {product} {ergonomic}
    uintx GCDrainStackTargetSize                   = 64                                        {product} {ergonomic}
   size_t InitialHeapSize                          = 1073741824                                {product} {ergonomic}
   size_t MarkStackSize                            = 4194304                                   {product} {ergonomic}
   size_t MaxHeapSize                              = 17163091968                               {product} {ergonomic}
   size_t MaxNewSize                               = 10292822016                               {product} {ergonomic}
   size_t MinHeapDeltaBytes                        = 8388608                                   {product} {ergonomic}
   size_t MinHeapSize                              = 8388608                                   {product} {ergonomic}
    uintx NonNMethodCodeHeapSize                   = 7602480                                {pd product} {ergonomic}
    uintx NonProfiledCodeHeapSize                  = 122027880                              {pd product} {ergonomic}
    uintx ProfiledCodeHeapSize                     = 122027880                              {pd product} {ergonomic}
    uintx ReservedCodeCacheSize                    = 251658240                              {pd product} {ergonomic}
     bool SegmentedCodeCache                       = true                                      {product} {ergonomic}
   size_t SoftMaxHeapSize                          = 17163091968                            {manageable} {ergonomic}
     bool UseCompressedClassPointers               = true                           {product lp64_product} {ergonomic}
     bool UseCompressedOops                        = true                           {product lp64_product} {ergonomic}
     bool UseG1GC                                  = true                                      {product} {ergonomic}
     bool UseLargePagesIndividualAllocation        = false                                  {pd product} {ergonomic}

Logging:
Log output configuration:
 #0: stdout all=warning uptime,level,tags foldmultilines=false
 #1: stderr all=off uptime,level,tags foldmultilines=false

Environment Variables:
PATH=C:\Program Files (x86)\Common Files\Oracle\Java\javapath;C:\Windows\system32;C:\Windows;C:\Windows\System32\Wbem;C:\Windows\System32\WindowsPowerShell\v1.0\;C:\Windows\System32\OpenSSH\;C:\Program Files\NVIDIA Corporation\NVIDIA NvDLISR;C:\Program Files\dotnet\;C:\WINDOWS\system32;C:\WINDOWS;C:\WINDOWS\System32\Wbem;C:\WINDOWS\System32\WindowsPowerShell\v1.0\;C:\WINDOWS\System32\OpenSSH\;C:\Program Files (x86)\NVIDIA Corporation\PhysX\Common;C:\WINDOWS\system32;C:\WINDOWS;C:\WINDOWS\System32\Wbem;C:\WINDOWS\System32\WindowsPowerShell\v1.0\;C:\WINDOWS\System32\OpenSSH\;C:\Users\nitin\AppData\Local\Microsoft\WindowsApps;C:\Users\nitin\.dotnet\tools;
USERNAME=nitin
OS=Windows_NT
PROCESSOR_IDENTIFIER=Intel64 Family 6 Model 165 Stepping 5, GenuineIntel



---------------  S Y S T E M  ---------------

OS:
 Windows 11 , 64 bit Build 22621 (10.0.22621.1)
OS uptime: 8 days 0:46 hours

CPU: total 20 (initial active 20) (10 cores per cpu, 2 threads per core) family 6 model 165 stepping 5 microcode 0xe2, cx8, cmov, fxsr, ht, mmx, 3dnowpref, sse, sse2, sse3, ssse3, sse4.1, sse4.2, popcnt, lzcnt, tsc, tscinvbit, avx, avx2, aes, erms, clmul, bmi1, bmi2, adx, fma, vzeroupper, clflush, clflushopt

Memory: 4k page, system-wide physical 65457M (54022M free)
TotalPageFile size 75185M (AvailPageFile size 59910M)
current process WorkingSet (physical memory assigned to process): 93M, peak: 93M
current process commit charge ("private bytes"): 1236M, peak: 1236M

vm_info: OpenJDK 64-Bit Server VM (18.0.1.1+2-6) for windows-amd64 JRE (18.0.1.1+2-6), built on Apr 25 2022 21:50:56 by "mach5one" with MS VC++ 16.8 / 16.9 (VS2019)

END.
